git reset --hard 2a82e0a011197906a8471be487da8b24ffaa39d9 SUCCESS!
Target class: TestEntityWithStaticAnnotations    
2 class(es) found
Target method: should_find_using_static_consistency
Class path: achilles-core/src/test/java/info/archinnov/achilles/internals/sample_classes/parser/entity/TestEntityWithStaticAnnotations.java

Missing method, searching on superclass...
TestEntityWithStaticAnnotations does not has superclass.
Class path: integration-test-2_1/src/test/java/info/archinnov/achilles/it/TestEntityWithStaticAnnotations.java

Method found! 
     public void should_find_using_static_consistency() throws Exception {

git reset --hard 3ef293744f913c1aa8cf59d2fdd78f46a5e2f79f SUCCESS!
Target class: TestALLEntityAsChild    
1 class(es) found
Target method: should_delete_by_id
Class path: integration-test-2_1/src/test/java/info/archinnov/achilles/it/TestALLEntityAsChild.java

Method found! 
     public void should_delete_by_id() throws Exception {

git reset --hard 3ef293744f913c1aa8cf59d2fdd78f46a5e2f79f SUCCESS!
Target class: TestALLEntityAsChild    
1 class(es) found
Target method: should_dsl_delete
Class path: integration-test-2_1/src/test/java/info/archinnov/achilles/it/TestALLEntityAsChild.java

Method found! 
     public void should_dsl_delete() throws Exception {

git reset --hard 3ef293744f913c1aa8cf59d2fdd78f46a5e2f79f SUCCESS!
Target class: TestALLEntityAsChild    
1 class(es) found
Target method: should_dsl_update_child_value
Class path: integration-test-2_1/src/test/java/info/archinnov/achilles/it/TestALLEntityAsChild.java

Method found! 
     public void should_dsl_update_child_value() throws Exception {

git reset --hard 3ef293744f913c1aa8cf59d2fdd78f46a5e2f79f SUCCESS!
Target class: TestALLEntityAsChild    
1 class(es) found
Target method: should_insert
Class path: integration-test-2_1/src/test/java/info/archinnov/achilles/it/TestALLEntityAsChild.java

Method found! 
     public void should_insert() throws Exception {
    public void should_insert_generate_query_and_bound_values() throws Exception {

git reset --hard 3ef293744f913c1aa8cf59d2fdd78f46a5e2f79f SUCCESS!
Target class: TestCRUDSimpleEntity    
1 class(es) found
Target method: should_delete_by_id
Class path: integration-test-2_1/src/test/java/info/archinnov/achilles/it/TestCRUDSimpleEntity.java

Method found! 
     public void should_delete_by_id() throws Exception {
    public void should_delete_by_id_with_execution_info() throws Exception {
    public void should_delete_by_id_generate_query_and_bound_values() throws Exception {

git reset --hard 3ef293744f913c1aa8cf59d2fdd78f46a5e2f79f SUCCESS!
Target class: TestCRUDSimpleEntity    
1 class(es) found
Target method: should_delete_by_partition
Class path: integration-test-2_1/src/test/java/info/archinnov/achilles/it/TestCRUDSimpleEntity.java

Method found! 
     public void should_delete_by_partition() throws Exception {
    public void should_delete_by_partition_generate_query_and_bound_values() throws Exception {

git reset --hard 3ef293744f913c1aa8cf59d2fdd78f46a5e2f79f SUCCESS!
Target class: TestCRUDSimpleEntity    
1 class(es) found
Target method: should_delete_with_equal_condition
Class path: integration-test-2_1/src/test/java/info/archinnov/achilles/it/TestCRUDSimpleEntity.java

Method found! 
     public void should_delete_with_equal_condition() throws Exception {

git reset --hard 3ef293744f913c1aa8cf59d2fdd78f46a5e2f79f SUCCESS!
Target class: TestCRUDSimpleEntity    
1 class(es) found
Target method: should_delete_with_inequal_condition
Class path: integration-test-2_1/src/test/java/info/archinnov/achilles/it/TestCRUDSimpleEntity.java

Method found! 
     public void should_delete_with_inequal_condition() throws Exception {

git reset --hard 3ef293744f913c1aa8cf59d2fdd78f46a5e2f79f SUCCESS!
Target class: TestCRUDSimpleEntity    
1 class(es) found
Target method: should_delete_with_not_equal_condition
Class path: integration-test-2_1/src/test/java/info/archinnov/achilles/it/TestCRUDSimpleEntity.java

Method found! 
     public void should_delete_with_not_equal_condition() throws Exception {

git reset --hard 3ef293744f913c1aa8cf59d2fdd78f46a5e2f79f SUCCESS!
Target class: TestCRUDSimpleEntity    
1 class(es) found
Target method: should_delete_with_schema_name_provider
Class path: integration-test-2_1/src/test/java/info/archinnov/achilles/it/TestCRUDSimpleEntity.java

Method found! 
     public void should_delete_with_schema_name_provider() throws Exception {

git reset --hard 3ef293744f913c1aa8cf59d2fdd78f46a5e2f79f SUCCESS!
Target class: TestCRUDSimpleEntity    
1 class(es) found
Target method: should_insert
Class path: integration-test-2_1/src/test/java/info/archinnov/achilles/it/TestCRUDSimpleEntity.java

Method found! 
     public void should_insert() throws Exception {
    public void should_insert_with_execution_info() throws Exception {
    public void should_insert_if_not_exists() throws Exception {
    public void should_insert_with_timestamp() throws Exception {
    public void should_insert_with_ttl() throws Exception {
    public void should_insert_generate_query_and_bound_values() throws Exception {
    public void should_insert_with_downgrading_consistency() throws Exception {
    public void should_insert_with_insert_strategy_non_null_fields() throws Exception {
    public void should_insert_with_schema_name_provider() throws Exception {

git reset --hard 3ef293744f913c1aa8cf59d2fdd78f46a5e2f79f SUCCESS!
Target class: TestCRUDSimpleEntity    
1 class(es) found
Target method: should_insert_with_downgrading_consistency
Class path: integration-test-2_1/src/test/java/info/archinnov/achilles/it/TestCRUDSimpleEntity.java

Method found! 
     public void should_insert_with_downgrading_consistency() throws Exception {

git reset --hard 3ef293744f913c1aa8cf59d2fdd78f46a5e2f79f SUCCESS!
Target class: TestCRUDSimpleEntity    
1 class(es) found
Target method: should_insert_with_insert_strategy_non_null_fields
Class path: integration-test-2_1/src/test/java/info/archinnov/achilles/it/TestCRUDSimpleEntity.java

Method found! 
     public void should_insert_with_insert_strategy_non_null_fields() throws Exception {

git reset --hard 3ef293744f913c1aa8cf59d2fdd78f46a5e2f79f SUCCESS!
Target class: TestCRUDSimpleEntity    
1 class(es) found
Target method: should_insert_with_schema_name_provider
Class path: integration-test-2_1/src/test/java/info/archinnov/achilles/it/TestCRUDSimpleEntity.java

Method found! 
     public void should_insert_with_schema_name_provider() throws Exception {

git reset --hard 3ef293744f913c1aa8cf59d2fdd78f46a5e2f79f SUCCESS!
Target class: TestCRUDSimpleEntity    
1 class(es) found
Target method: should_insert_with_timestamp
Class path: integration-test-2_1/src/test/java/info/archinnov/achilles/it/TestCRUDSimpleEntity.java

Method found! 
     public void should_insert_with_timestamp() throws Exception {

git reset --hard 3ef293744f913c1aa8cf59d2fdd78f46a5e2f79f SUCCESS!
Target class: TestCRUDSimpleEntity    
1 class(es) found
Target method: should_insert_with_ttl
Class path: integration-test-2_1/src/test/java/info/archinnov/achilles/it/TestCRUDSimpleEntity.java

Method found! 
     public void should_insert_with_ttl() throws Exception {

git reset --hard 3ef293744f913c1aa8cf59d2fdd78f46a5e2f79f SUCCESS!
Target class: TestDSLSimpleEntity    
1 class(es) found
Target method: should_dsl_delete
Class path: integration-test-2_1/src/test/java/info/archinnov/achilles/it/TestDSLSimpleEntity.java

Method found! 
     public void should_dsl_delete() throws Exception {
    public void should_dsl_delete_with_execution_info() throws Exception {
    public void should_dsl_delete_with_schema_name() throws Exception {
    public void should_dsl_delete_with_options() throws Exception {
    public void should_dsl_delete_if_exists() throws Exception {
    public void should_dsl_delete_generate_query_string_and_encoded_values() throws Exception {

git reset --hard 3ef293744f913c1aa8cf59d2fdd78f46a5e2f79f SUCCESS!
Target class: TestDSLSimpleEntity    
1 class(es) found
Target method: should_dsl_delete_with_options
Class path: integration-test-2_1/src/test/java/info/archinnov/achilles/it/TestDSLSimpleEntity.java

Method found! 
     public void should_dsl_delete_with_options() throws Exception {

git reset --hard 3ef293744f913c1aa8cf59d2fdd78f46a5e2f79f SUCCESS!
Target class: TestDSLSimpleEntity    
1 class(es) found
Target method: should_dsl_delete_with_schema_name
Class path: integration-test-2_1/src/test/java/info/archinnov/achilles/it/TestDSLSimpleEntity.java

Method found! 
     public void should_dsl_delete_with_schema_name() throws Exception {

git reset --hard 3ef293744f913c1aa8cf59d2fdd78f46a5e2f79f SUCCESS!
Target class: TestDSLSimpleEntity    
1 class(es) found
Target method: should_dsl_update_list_append
Class path: integration-test-2_1/src/test/java/info/archinnov/achilles/it/TestDSLSimpleEntity.java

Method found! 
     public void should_dsl_update_list_append() throws Exception {
    public void should_dsl_update_list_appendAll() throws Exception {

git reset --hard 3ef293744f913c1aa8cf59d2fdd78f46a5e2f79f SUCCESS!
Target class: TestDSLSimpleEntity    
1 class(es) found
Target method: should_dsl_update_list_appendAll
Class path: integration-test-2_1/src/test/java/info/archinnov/achilles/it/TestDSLSimpleEntity.java

Method found! 
     public void should_dsl_update_list_appendAll() throws Exception {

git reset --hard 3ef293744f913c1aa8cf59d2fdd78f46a5e2f79f SUCCESS!
Target class: TestDSLSimpleEntity    
1 class(es) found
Target method: should_dsl_update_list_prepend
Class path: integration-test-2_1/src/test/java/info/archinnov/achilles/it/TestDSLSimpleEntity.java

Method found! 
     public void should_dsl_update_list_prepend() throws Exception {
    public void should_dsl_update_list_prependAll() throws Exception {

git reset --hard 3ef293744f913c1aa8cf59d2fdd78f46a5e2f79f SUCCESS!
Target class: TestDSLSimpleEntity    
1 class(es) found
Target method: should_dsl_update_list_prependAll
Class path: integration-test-2_1/src/test/java/info/archinnov/achilles/it/TestDSLSimpleEntity.java

Method found! 
     public void should_dsl_update_list_prependAll() throws Exception {

git reset --hard 3ef293744f913c1aa8cf59d2fdd78f46a5e2f79f SUCCESS!
Target class: TestDSLSimpleEntity    
1 class(es) found
Target method: should_dsl_update_list_removeAll
Class path: integration-test-2_1/src/test/java/info/archinnov/achilles/it/TestDSLSimpleEntity.java

Method found! 
     public void should_dsl_update_list_removeAll() throws Exception {

git reset --hard 3ef293744f913c1aa8cf59d2fdd78f46a5e2f79f SUCCESS!
Target class: TestDSLSimpleEntity    
1 class(es) found
Target method: should_dsl_update_list_removeAtIndex
Class path: integration-test-2_1/src/test/java/info/archinnov/achilles/it/TestDSLSimpleEntity.java

Method found! 
     public void should_dsl_update_list_removeAtIndex() throws Exception {

git reset --hard 3ef293744f913c1aa8cf59d2fdd78f46a5e2f79f SUCCESS!
Target class: TestDSLSimpleEntity    
1 class(es) found
Target method: should_dsl_update_list_remove_single
Class path: integration-test-2_1/src/test/java/info/archinnov/achilles/it/TestDSLSimpleEntity.java

Method found! 
     public void should_dsl_update_list_remove_single() throws Exception {

git reset --hard 3ef293744f913c1aa8cf59d2fdd78f46a5e2f79f SUCCESS!
Target class: TestDSLSimpleEntity    
1 class(es) found
Target method: should_dsl_update_list_set
Class path: integration-test-2_1/src/test/java/info/archinnov/achilles/it/TestDSLSimpleEntity.java

Method found! 
     public void should_dsl_update_list_set() throws Exception {
    public void should_dsl_update_list_setAtIndex() throws Exception {

git reset --hard 3ef293744f913c1aa8cf59d2fdd78f46a5e2f79f SUCCESS!
Target class: TestDSLSimpleEntity    
1 class(es) found
Target method: should_dsl_update_list_setAtIndex
Class path: integration-test-2_1/src/test/java/info/archinnov/achilles/it/TestDSLSimpleEntity.java

Method found! 
     public void should_dsl_update_list_setAtIndex() throws Exception {

git reset --hard 3ef293744f913c1aa8cf59d2fdd78f46a5e2f79f SUCCESS!
Target class: TestDSLSimpleEntity    
1 class(es) found
Target method: should_dsl_update_map_addAll
Class path: integration-test-2_1/src/test/java/info/archinnov/achilles/it/TestDSLSimpleEntity.java

Method found! 
     public void should_dsl_update_map_addAll() throws Exception {

git reset --hard 3ef293744f913c1aa8cf59d2fdd78f46a5e2f79f SUCCESS!
Target class: TestDSLSimpleEntity    
1 class(es) found
Target method: should_dsl_update_map_put
Class path: integration-test-2_1/src/test/java/info/archinnov/achilles/it/TestDSLSimpleEntity.java

Method found! 
     public void should_dsl_update_map_put() throws Exception {

git reset --hard 3ef293744f913c1aa8cf59d2fdd78f46a5e2f79f SUCCESS!
Target class: TestDSLSimpleEntity    
1 class(es) found
Target method: should_dsl_update_map_removeByKey
Class path: integration-test-2_1/src/test/java/info/archinnov/achilles/it/TestDSLSimpleEntity.java

Method found! 
     public void should_dsl_update_map_removeByKey() throws Exception {

git reset --hard 3ef293744f913c1aa8cf59d2fdd78f46a5e2f79f SUCCESS!
Target class: TestDSLSimpleEntity    
1 class(es) found
Target method: should_dsl_update_map_set
Class path: integration-test-2_1/src/test/java/info/archinnov/achilles/it/TestDSLSimpleEntity.java

Method found! 
     public void should_dsl_update_map_set() throws Exception {

git reset --hard 3ef293744f913c1aa8cf59d2fdd78f46a5e2f79f SUCCESS!
Target class: TestDSLSimpleEntity    
1 class(es) found
Target method: should_dsl_update_set_add
Class path: integration-test-2_1/src/test/java/info/archinnov/achilles/it/TestDSLSimpleEntity.java

Method found! 
     public void should_dsl_update_set_add() throws Exception {
    public void should_dsl_update_set_addAll() throws Exception {

git reset --hard 3ef293744f913c1aa8cf59d2fdd78f46a5e2f79f SUCCESS!
Target class: TestDSLSimpleEntity    
1 class(es) found
Target method: should_dsl_update_set_addAll
Class path: integration-test-2_1/src/test/java/info/archinnov/achilles/it/TestDSLSimpleEntity.java

Method found! 
     public void should_dsl_update_set_addAll() throws Exception {

git reset --hard 3ef293744f913c1aa8cf59d2fdd78f46a5e2f79f SUCCESS!
Target class: TestDSLSimpleEntity    
1 class(es) found
Target method: should_dsl_update_set_remove
Class path: integration-test-2_1/src/test/java/info/archinnov/achilles/it/TestDSLSimpleEntity.java

Method found! 
     public void should_dsl_update_set_remove() throws Exception {
    public void should_dsl_update_set_removeAll() throws Exception {

git reset --hard 3ef293744f913c1aa8cf59d2fdd78f46a5e2f79f SUCCESS!
Target class: TestDSLSimpleEntity    
1 class(es) found
Target method: should_dsl_update_set_removeAll
Class path: integration-test-2_1/src/test/java/info/archinnov/achilles/it/TestDSLSimpleEntity.java

Method found! 
     public void should_dsl_update_set_removeAll() throws Exception {

git reset --hard 3ef293744f913c1aa8cf59d2fdd78f46a5e2f79f SUCCESS!
Target class: TestDSLSimpleEntity    
1 class(es) found
Target method: should_dsl_update_set_setValue
Class path: integration-test-2_1/src/test/java/info/archinnov/achilles/it/TestDSLSimpleEntity.java

Method found! 
     public void should_dsl_update_set_setValue() throws Exception {

git reset --hard 3ef293744f913c1aa8cf59d2fdd78f46a5e2f79f SUCCESS!
Target class: TestDSLSimpleEntity    
1 class(es) found
Target method: should_dsl_update_value_if_equal
Class path: integration-test-2_1/src/test/java/info/archinnov/achilles/it/TestDSLSimpleEntity.java

Method found! 
     public void should_dsl_update_value_if_equal() throws Exception {

git reset --hard 3ef293744f913c1aa8cf59d2fdd78f46a5e2f79f SUCCESS!
Target class: TestDSLSimpleEntity    
1 class(es) found
Target method: should_dsl_update_value_if_exists
Class path: integration-test-2_1/src/test/java/info/archinnov/achilles/it/TestDSLSimpleEntity.java

Method found! 
     public void should_dsl_update_value_if_exists() throws Exception {

git reset --hard 3ef293744f913c1aa8cf59d2fdd78f46a5e2f79f SUCCESS!
Target class: TestDSLSimpleEntity    
1 class(es) found
Target method: should_dsl_update_with_options
Class path: integration-test-2_1/src/test/java/info/archinnov/achilles/it/TestDSLSimpleEntity.java

Method found! 
     public void should_dsl_update_with_options() throws Exception {

git reset --hard 3ef293744f913c1aa8cf59d2fdd78f46a5e2f79f SUCCESS!
Target class: TestDSLSimpleEntity    
1 class(es) found
Target method: should_dsl_update_with_schema_name
Class path: integration-test-2_1/src/test/java/info/archinnov/achilles/it/TestDSLSimpleEntity.java

Method found! 
     public void should_dsl_update_with_schema_name() throws Exception {

git reset --hard 3ef293744f913c1aa8cf59d2fdd78f46a5e2f79f SUCCESS!
Target class: TestEntityWithComplexCounter    
1 class(es) found
Target method: should_dsl_update_codec_counter
Class path: integration-test-2_1/src/test/java/info/archinnov/achilles/it/TestEntityWithComplexCounter.java

Method found! 
     public void should_dsl_update_codec_counter() throws Exception {

git reset --hard 3ef293744f913c1aa8cf59d2fdd78f46a5e2f79f SUCCESS!
Target class: TestEntityWithComplexTuple    
1 class(es) found
Target method: should_insert
Class path: integration-test-2_1/src/test/java/info/archinnov/achilles/it/TestEntityWithComplexTuple.java

Method found! 
     public void should_insert() throws Exception {

git reset --hard 3ef293744f913c1aa8cf59d2fdd78f46a5e2f79f SUCCESS!
Target class: TestEntityWithCompositePartitionKey    
2 class(es) found
Target method: should_insert
Class path: achilles-core/src/test/java/info/archinnov/achilles/internals/sample_classes/parser/entity/TestEntityWithCompositePartitionKey.java

Missing method, searching on superclass...
TestEntityWithCompositePartitionKey does not has superclass.
Class path: integration-test-2_1/src/test/java/info/archinnov/achilles/it/TestEntityWithCompositePartitionKey.java

Method found! 
     public void should_insert() throws Exception {

git reset --hard 3ef293744f913c1aa8cf59d2fdd78f46a5e2f79f SUCCESS!
Target class: TestEntityWithCounterColumn    
2 class(es) found
Target method: should_delete_by_id
Class path: achilles-core/src/test/java/info/archinnov/achilles/internals/sample_classes/parser/entity/TestEntityWithCounterColumn.java

Missing method, searching on superclass...
TestEntityWithCounterColumn does not has superclass.
Class path: integration-test-2_1/src/test/java/info/archinnov/achilles/it/TestEntityWithCounterColumn.java

Method found! 
     public void should_delete_by_id() throws Exception {

git reset --hard 3ef293744f913c1aa8cf59d2fdd78f46a5e2f79f SUCCESS!
Target class: TestEntityWithCounterColumn    
2 class(es) found
Target method: should_delete_instance
Class path: achilles-core/src/test/java/info/archinnov/achilles/internals/sample_classes/parser/entity/TestEntityWithCounterColumn.java

Missing method, searching on superclass...
TestEntityWithCounterColumn does not has superclass.
Class path: integration-test-2_1/src/test/java/info/archinnov/achilles/it/TestEntityWithCounterColumn.java

Method found! 
     public void should_delete_instance() throws Exception {

git reset --hard 3ef293744f913c1aa8cf59d2fdd78f46a5e2f79f SUCCESS!
Target class: TestEntityWithCounterColumn    
2 class(es) found
Target method: should_dsl_delete
Class path: achilles-core/src/test/java/info/archinnov/achilles/internals/sample_classes/parser/entity/TestEntityWithCounterColumn.java

Missing method, searching on superclass...
TestEntityWithCounterColumn does not has superclass.
Class path: integration-test-2_1/src/test/java/info/archinnov/achilles/it/TestEntityWithCounterColumn.java

Method found! 
     public void should_dsl_delete() throws Exception {

git reset --hard 3ef293744f913c1aa8cf59d2fdd78f46a5e2f79f SUCCESS!
Target class: TestEntityWithCounterColumn    
2 class(es) found
Target method: should_dsl_update
Class path: achilles-core/src/test/java/info/archinnov/achilles/internals/sample_classes/parser/entity/TestEntityWithCounterColumn.java

Missing method, searching on superclass...
TestEntityWithCounterColumn does not has superclass.
Class path: integration-test-2_1/src/test/java/info/archinnov/achilles/it/TestEntityWithCounterColumn.java

Method found! 
     public void should_dsl_update() throws Exception {

git reset --hard 3ef293744f913c1aa8cf59d2fdd78f46a5e2f79f SUCCESS!
Target class: TestEntityWithStaticColumn    
2 class(es) found
Target method: should_dsl_delete_static
Class path: achilles-core/src/test/java/info/archinnov/achilles/internals/sample_classes/parser/entity/TestEntityWithStaticColumn.java

Missing method, searching on superclass...
TestEntityWithStaticColumn does not has superclass.
Class path: integration-test-2_1/src/test/java/info/archinnov/achilles/it/TestEntityWithStaticColumn.java

Method found! 
     public void should_dsl_delete_static() throws Exception {

git reset --hard 3ef293744f913c1aa8cf59d2fdd78f46a5e2f79f SUCCESS!
Target class: TestEntityWithStaticColumn    
2 class(es) found
Target method: should_dsl_update_static
Class path: achilles-core/src/test/java/info/archinnov/achilles/internals/sample_classes/parser/entity/TestEntityWithStaticColumn.java

Missing method, searching on superclass...
TestEntityWithStaticColumn does not has superclass.
Class path: integration-test-2_1/src/test/java/info/archinnov/achilles/it/TestEntityWithStaticColumn.java

Method found! 
     public void should_dsl_update_static() throws Exception {

git reset --hard 3ef293744f913c1aa8cf59d2fdd78f46a5e2f79f SUCCESS!
Target class: TestEntityWithStaticColumn    
2 class(es) found
Target method: should_insert
Class path: achilles-core/src/test/java/info/archinnov/achilles/internals/sample_classes/parser/entity/TestEntityWithStaticColumn.java

Missing method, searching on superclass...
TestEntityWithStaticColumn does not has superclass.
Class path: integration-test-2_1/src/test/java/info/archinnov/achilles/it/TestEntityWithStaticColumn.java

Method found! 
     public void should_insert() throws Exception {
    public void should_insert_static() throws Exception {
    public void should_insert_static_with_insert_strategy() throws Exception {
    public void should_insert_static_if_not_exist() throws Exception {

git reset --hard 3ef293744f913c1aa8cf59d2fdd78f46a5e2f79f SUCCESS!
Target class: TestEntityWithStaticColumn    
2 class(es) found
Target method: should_insert_static
Class path: achilles-core/src/test/java/info/archinnov/achilles/internals/sample_classes/parser/entity/TestEntityWithStaticColumn.java

Missing method, searching on superclass...
TestEntityWithStaticColumn does not has superclass.
Class path: integration-test-2_1/src/test/java/info/archinnov/achilles/it/TestEntityWithStaticColumn.java

Method found! 
     public void should_insert_static() throws Exception {
    public void should_insert_static_with_insert_strategy() throws Exception {
    public void should_insert_static_if_not_exist() throws Exception {

git reset --hard 3ef293744f913c1aa8cf59d2fdd78f46a5e2f79f SUCCESS!
Target class: TestEntityWithStaticColumn    
2 class(es) found
Target method: should_insert_static_with_insert_strategy
Class path: achilles-core/src/test/java/info/archinnov/achilles/internals/sample_classes/parser/entity/TestEntityWithStaticColumn.java

Missing method, searching on superclass...
TestEntityWithStaticColumn does not has superclass.
Class path: integration-test-2_1/src/test/java/info/archinnov/achilles/it/TestEntityWithStaticColumn.java

Method found! 
     public void should_insert_static_with_insert_strategy() throws Exception {

git reset --hard 3ef293744f913c1aa8cf59d2fdd78f46a5e2f79f SUCCESS!
Target class: TestEntityWithStaticColumn    
2 class(es) found
Target method: should_update
Class path: achilles-core/src/test/java/info/archinnov/achilles/internals/sample_classes/parser/entity/TestEntityWithStaticColumn.java

Missing method, searching on superclass...
TestEntityWithStaticColumn does not has superclass.
Class path: integration-test-2_1/src/test/java/info/archinnov/achilles/it/TestEntityWithStaticColumn.java

Method found! 
     public void should_update() throws Exception {
    public void should_update_static() throws Exception {

git reset --hard 3ef293744f913c1aa8cf59d2fdd78f46a5e2f79f SUCCESS!
Target class: TestEntityWithStaticColumn    
2 class(es) found
Target method: should_update_static
Class path: achilles-core/src/test/java/info/archinnov/achilles/internals/sample_classes/parser/entity/TestEntityWithStaticColumn.java

Missing method, searching on superclass...
TestEntityWithStaticColumn does not has superclass.
Class path: integration-test-2_1/src/test/java/info/archinnov/achilles/it/TestEntityWithStaticColumn.java

Method found! 
     public void should_update_static() throws Exception {

git reset --hard 3ef293744f913c1aa8cf59d2fdd78f46a5e2f79f SUCCESS!
Target class: TestInterceptorsSimpleEntity    
1 class(es) found
Target method: should_trigger_for_insert
Class path: integration-test-2_1/src/test/java/info/archinnov/achilles/it/TestInterceptorsSimpleEntity.java

Method found! 
     public void should_trigger_for_insert() throws Exception {

git reset --hard 3ef293744f913c1aa8cf59d2fdd78f46a5e2f79f SUCCESS!
Target class: TestInterceptorsSimpleEntity    
1 class(es) found
Target method: should_trigger_for_update
Class path: integration-test-2_1/src/test/java/info/archinnov/achilles/it/TestInterceptorsSimpleEntity.java

Method found! 
     public void should_trigger_for_update() throws Exception {

git reset --hard 3ef293744f913c1aa8cf59d2fdd78f46a5e2f79f SUCCESS!
Target class: TestTypedQueries    
1 class(es) found
Target method: should_perform_bound_statement_typed_query
Class path: integration-test-2_1/src/test/java/info/archinnov/achilles/it/TestTypedQueries.java

Method found! 
     public void should_perform_bound_statement_typed_query() throws Exception {

git reset --hard 3ef293744f913c1aa8cf59d2fdd78f46a5e2f79f SUCCESS!
Target class: TestTypedQueries    
1 class(es) found
Target method: should_perform_prepared_typed_query
Class path: integration-test-2_1/src/test/java/info/archinnov/achilles/it/TestTypedQueries.java

Method found! 
     public void should_perform_prepared_typed_query() throws Exception {

git reset --hard 3ef293744f913c1aa8cf59d2fdd78f46a5e2f79f SUCCESS!
Target class: TestDSLUpdateWithTTLAndTimestamp    
1 class(es) found
Target method: should_dsl_update_with_ttl
Class path: integration-test-2_1/src/test/java/info/archinnov/achilles/it/bugs/TestDSLUpdateWithTTLAndTimestamp.java

Method found! 
     public void should_dsl_update_with_ttl() throws Exception {

git reset --hard 40e89023ef959d71ac5c9f35c912158b0936140e SUCCESS!
Target class: TestAsyncCRUDSimpleEntity    
1 class(es) found
Target method: should_insert_async
Class path: integration-test-2_1/src/test/java/info/archinnov/achilles/it/TestAsyncCRUDSimpleEntity.java

Method found! 
     public void should_insert_async() throws Exception {

git reset --hard 4466d8d396438b08b3291346a0db2554623db367 SUCCESS!
Target class: TestAsyncCRUDSimpleEntity    
1 class(es) found
Target method: should_delete_instance_async
Class path: integration-test/src/test/java/info/archinnov/achilles/it/TestAsyncCRUDSimpleEntity.java

Method found! 
     public void should_delete_instance_async() throws Exception {

git reset --hard 4466d8d396438b08b3291346a0db2554623db367 SUCCESS!
Target class: TestAsyncCRUDSimpleEntity    
1 class(es) found
Target method: should_insert_async
Class path: integration-test/src/test/java/info/archinnov/achilles/it/TestAsyncCRUDSimpleEntity.java

Method found! 
     public void should_insert_async() throws Exception {

git reset --hard 4466d8d396438b08b3291346a0db2554623db367 SUCCESS!
Target class: TestCRUDSimpleEntity    
1 class(es) found
Target method: should_delete_by_id
Class path: integration-test/src/test/java/info/archinnov/achilles/it/TestCRUDSimpleEntity.java

Method found! 
     public void should_delete_by_id() throws Exception {
    public void should_delete_by_id_with_execution_info() throws Exception {
    public void should_delete_by_id_generate_query_and_bound_values() throws Exception {

git reset --hard 4466d8d396438b08b3291346a0db2554623db367 SUCCESS!
Target class: TestCRUDSimpleEntity    
1 class(es) found
Target method: should_delete_by_partition
Class path: integration-test/src/test/java/info/archinnov/achilles/it/TestCRUDSimpleEntity.java

Method found! 
     public void should_delete_by_partition() throws Exception {
    public void should_delete_by_partition_generate_query_and_bound_values() throws Exception {

git reset --hard 4466d8d396438b08b3291346a0db2554623db367 SUCCESS!
Target class: TestCRUDSimpleEntity    
1 class(es) found
Target method: should_delete_with_equal_condition
Class path: integration-test/src/test/java/info/archinnov/achilles/it/TestCRUDSimpleEntity.java

Method found! 
     public void should_delete_with_equal_condition() throws Exception {

git reset --hard 4466d8d396438b08b3291346a0db2554623db367 SUCCESS!
Target class: TestCRUDSimpleEntity    
1 class(es) found
Target method: should_delete_with_inequal_condition
Class path: integration-test/src/test/java/info/archinnov/achilles/it/TestCRUDSimpleEntity.java

Method found! 
     public void should_delete_with_inequal_condition() throws Exception {

git reset --hard 4466d8d396438b08b3291346a0db2554623db367 SUCCESS!
Target class: TestCRUDSimpleEntity    
1 class(es) found
Target method: should_delete_with_not_equal_condition
Class path: integration-test/src/test/java/info/archinnov/achilles/it/TestCRUDSimpleEntity.java

Method found! 
     public void should_delete_with_not_equal_condition() throws Exception {

git reset --hard 4466d8d396438b08b3291346a0db2554623db367 SUCCESS!
Target class: TestCRUDSimpleEntity    
1 class(es) found
Target method: should_delete_with_schema_name_provider
Class path: integration-test/src/test/java/info/archinnov/achilles/it/TestCRUDSimpleEntity.java

Method found! 
     public void should_delete_with_schema_name_provider() throws Exception {

git reset --hard 4466d8d396438b08b3291346a0db2554623db367 SUCCESS!
Target class: TestCRUDSimpleEntity    
1 class(es) found
Target method: should_insert
Class path: integration-test/src/test/java/info/archinnov/achilles/it/TestCRUDSimpleEntity.java

Method found! 
     public void should_insert() throws Exception {
    public void should_insert_with_execution_info() throws Exception {
    public void should_insert_if_not_exists() throws Exception {
    public void should_insert_with_timestamp() throws Exception {
    public void should_insert_with_ttl() throws Exception {
    public void should_insert_generate_query_and_bound_values() throws Exception {
    public void should_insert_with_downgrading_consistency() throws Exception {
    public void should_insert_with_insert_strategy_non_null_fields() throws Exception {
    public void should_insert_with_schema_name_provider() throws Exception {

git reset --hard 4466d8d396438b08b3291346a0db2554623db367 SUCCESS!
Target class: TestCRUDSimpleEntity    
1 class(es) found
Target method: should_insert_with_downgrading_consistency
Class path: integration-test/src/test/java/info/archinnov/achilles/it/TestCRUDSimpleEntity.java

Method found! 
     public void should_insert_with_downgrading_consistency() throws Exception {

git reset --hard 4466d8d396438b08b3291346a0db2554623db367 SUCCESS!
Target class: TestCRUDSimpleEntity    
1 class(es) found
Target method: should_insert_with_insert_strategy_non_null_fields
Class path: integration-test/src/test/java/info/archinnov/achilles/it/TestCRUDSimpleEntity.java

Method found! 
     public void should_insert_with_insert_strategy_non_null_fields() throws Exception {

git reset --hard 4466d8d396438b08b3291346a0db2554623db367 SUCCESS!
Target class: TestCRUDSimpleEntity    
1 class(es) found
Target method: should_insert_with_schema_name_provider
Class path: integration-test/src/test/java/info/archinnov/achilles/it/TestCRUDSimpleEntity.java

Method found! 
     public void should_insert_with_schema_name_provider() throws Exception {

git reset --hard 4466d8d396438b08b3291346a0db2554623db367 SUCCESS!
Target class: TestCRUDSimpleEntity    
1 class(es) found
Target method: should_insert_with_timestamp
Class path: integration-test/src/test/java/info/archinnov/achilles/it/TestCRUDSimpleEntity.java

Method found! 
     public void should_insert_with_timestamp() throws Exception {

git reset --hard 4466d8d396438b08b3291346a0db2554623db367 SUCCESS!
Target class: TestCRUDSimpleEntity    
1 class(es) found
Target method: should_insert_with_ttl
Class path: integration-test/src/test/java/info/archinnov/achilles/it/TestCRUDSimpleEntity.java

Method found! 
     public void should_insert_with_ttl() throws Exception {

git reset --hard 4466d8d396438b08b3291346a0db2554623db367 SUCCESS!
Target class: TestDSLSimpleEntity    
1 class(es) found
Target method: should_dsl_delete
Class path: integration-test/src/test/java/info/archinnov/achilles/it/TestDSLSimpleEntity.java

Method found! 
     public void should_dsl_delete() throws Exception {
    public void should_dsl_delete_with_execution_info() throws Exception {
    public void should_dsl_delete_with_schema_name() throws Exception {
    public void should_dsl_delete_with_options() throws Exception {
    public void should_dsl_delete_if_exists() throws Exception {
    public void should_dsl_delete_generate_query_string_and_encoded_values() throws Exception {

git reset --hard 4466d8d396438b08b3291346a0db2554623db367 SUCCESS!
Target class: TestDSLSimpleEntity    
1 class(es) found
Target method: should_dsl_delete_with_options
Class path: integration-test/src/test/java/info/archinnov/achilles/it/TestDSLSimpleEntity.java

Method found! 
     public void should_dsl_delete_with_options() throws Exception {

git reset --hard 4466d8d396438b08b3291346a0db2554623db367 SUCCESS!
Target class: TestDSLSimpleEntity    
1 class(es) found
Target method: should_dsl_delete_with_schema_name
Class path: integration-test/src/test/java/info/archinnov/achilles/it/TestDSLSimpleEntity.java

Method found! 
     public void should_dsl_delete_with_schema_name() throws Exception {

git reset --hard 4466d8d396438b08b3291346a0db2554623db367 SUCCESS!
Target class: TestDSLSimpleEntity    
1 class(es) found
Target method: should_dsl_update_list_append
Class path: integration-test/src/test/java/info/archinnov/achilles/it/TestDSLSimpleEntity.java

Method found! 
     public void should_dsl_update_list_append() throws Exception {
    public void should_dsl_update_list_appendAll() throws Exception {

git reset --hard 4466d8d396438b08b3291346a0db2554623db367 SUCCESS!
Target class: TestDSLSimpleEntity    
1 class(es) found
Target method: should_dsl_update_list_appendAll
Class path: integration-test/src/test/java/info/archinnov/achilles/it/TestDSLSimpleEntity.java

Method found! 
     public void should_dsl_update_list_appendAll() throws Exception {

git reset --hard 4466d8d396438b08b3291346a0db2554623db367 SUCCESS!
Target class: TestDSLSimpleEntity    
1 class(es) found
Target method: should_dsl_update_list_prepend
Class path: integration-test/src/test/java/info/archinnov/achilles/it/TestDSLSimpleEntity.java

Method found! 
     public void should_dsl_update_list_prepend() throws Exception {
    public void should_dsl_update_list_prependAll() throws Exception {

git reset --hard 4466d8d396438b08b3291346a0db2554623db367 SUCCESS!
Target class: TestDSLSimpleEntity    
1 class(es) found
Target method: should_dsl_update_list_prependAll
Class path: integration-test/src/test/java/info/archinnov/achilles/it/TestDSLSimpleEntity.java

Method found! 
     public void should_dsl_update_list_prependAll() throws Exception {

git reset --hard 4466d8d396438b08b3291346a0db2554623db367 SUCCESS!
Target class: TestDSLSimpleEntity    
1 class(es) found
Target method: should_dsl_update_list_removeAll
Class path: integration-test/src/test/java/info/archinnov/achilles/it/TestDSLSimpleEntity.java

Method found! 
     public void should_dsl_update_list_removeAll() throws Exception {

git reset --hard 4466d8d396438b08b3291346a0db2554623db367 SUCCESS!
Target class: TestDSLSimpleEntity    
1 class(es) found
Target method: should_dsl_update_list_remove_single
Class path: integration-test/src/test/java/info/archinnov/achilles/it/TestDSLSimpleEntity.java

Method found! 
     public void should_dsl_update_list_remove_single() throws Exception {

git reset --hard 4466d8d396438b08b3291346a0db2554623db367 SUCCESS!
Target class: TestDSLSimpleEntity    
1 class(es) found
Target method: should_dsl_update_list_set
Class path: integration-test/src/test/java/info/archinnov/achilles/it/TestDSLSimpleEntity.java

Method found! 
     public void should_dsl_update_list_set() throws Exception {
    public void should_dsl_update_list_setAtIndex() throws Exception {

git reset --hard 4466d8d396438b08b3291346a0db2554623db367 SUCCESS!
Target class: TestDSLSimpleEntity    
1 class(es) found
Target method: should_dsl_update_list_setAtIndex
Class path: integration-test/src/test/java/info/archinnov/achilles/it/TestDSLSimpleEntity.java

Method found! 
     public void should_dsl_update_list_setAtIndex() throws Exception {

git reset --hard 4466d8d396438b08b3291346a0db2554623db367 SUCCESS!
Target class: TestDSLSimpleEntity    
1 class(es) found
Target method: should_dsl_update_map_addAll
Class path: integration-test/src/test/java/info/archinnov/achilles/it/TestDSLSimpleEntity.java

Method found! 
     public void should_dsl_update_map_addAll() throws Exception {

git reset --hard 4466d8d396438b08b3291346a0db2554623db367 SUCCESS!
Target class: TestDSLSimpleEntity    
1 class(es) found
Target method: should_dsl_update_map_put
Class path: integration-test/src/test/java/info/archinnov/achilles/it/TestDSLSimpleEntity.java

Method found! 
     public void should_dsl_update_map_put() throws Exception {

git reset --hard 4466d8d396438b08b3291346a0db2554623db367 SUCCESS!
Target class: TestDSLSimpleEntity    
1 class(es) found
Target method: should_dsl_update_map_removeByKey
Class path: integration-test/src/test/java/info/archinnov/achilles/it/TestDSLSimpleEntity.java

Method found! 
     public void should_dsl_update_map_removeByKey() throws Exception {

git reset --hard 4466d8d396438b08b3291346a0db2554623db367 SUCCESS!
Target class: TestDSLSimpleEntity    
1 class(es) found
Target method: should_dsl_update_map_set
Class path: integration-test/src/test/java/info/archinnov/achilles/it/TestDSLSimpleEntity.java

Method found! 
     public void should_dsl_update_map_set() throws Exception {

git reset --hard 4466d8d396438b08b3291346a0db2554623db367 SUCCESS!
Target class: TestDSLSimpleEntity    
1 class(es) found
Target method: should_dsl_update_set_add
Class path: integration-test/src/test/java/info/archinnov/achilles/it/TestDSLSimpleEntity.java

Method found! 
     public void should_dsl_update_set_add() throws Exception {
    public void should_dsl_update_set_addAll() throws Exception {

git reset --hard 4466d8d396438b08b3291346a0db2554623db367 SUCCESS!
Target class: TestDSLSimpleEntity    
1 class(es) found
Target method: should_dsl_update_set_addAll
Class path: integration-test/src/test/java/info/archinnov/achilles/it/TestDSLSimpleEntity.java

Method found! 
     public void should_dsl_update_set_addAll() throws Exception {

git reset --hard 4466d8d396438b08b3291346a0db2554623db367 SUCCESS!
Target class: TestDSLSimpleEntity    
1 class(es) found
Target method: should_dsl_update_set_remove
Class path: integration-test/src/test/java/info/archinnov/achilles/it/TestDSLSimpleEntity.java

Method found! 
     public void should_dsl_update_set_remove() throws Exception {
    public void should_dsl_update_set_removeAll() throws Exception {

git reset --hard 4466d8d396438b08b3291346a0db2554623db367 SUCCESS!
Target class: TestDSLSimpleEntity    
1 class(es) found
Target method: should_dsl_update_set_removeAll
Class path: integration-test/src/test/java/info/archinnov/achilles/it/TestDSLSimpleEntity.java

Method found! 
     public void should_dsl_update_set_removeAll() throws Exception {

git reset --hard 4466d8d396438b08b3291346a0db2554623db367 SUCCESS!
Target class: TestDSLSimpleEntity    
1 class(es) found
Target method: should_dsl_update_set_setValue
Class path: integration-test/src/test/java/info/archinnov/achilles/it/TestDSLSimpleEntity.java

Method found! 
     public void should_dsl_update_set_setValue() throws Exception {

git reset --hard 4466d8d396438b08b3291346a0db2554623db367 SUCCESS!
Target class: TestDSLSimpleEntity    
1 class(es) found
Target method: should_dsl_update_value_if_equal
Class path: integration-test/src/test/java/info/archinnov/achilles/it/TestDSLSimpleEntity.java

Method found! 
     public void should_dsl_update_value_if_equal() throws Exception {

git reset --hard 4466d8d396438b08b3291346a0db2554623db367 SUCCESS!
Target class: TestDSLSimpleEntity    
1 class(es) found
Target method: should_dsl_update_value_if_exists
Class path: integration-test/src/test/java/info/archinnov/achilles/it/TestDSLSimpleEntity.java

Method found! 
     public void should_dsl_update_value_if_exists() throws Exception {

git reset --hard 4466d8d396438b08b3291346a0db2554623db367 SUCCESS!
Target class: TestDSLSimpleEntity    
1 class(es) found
Target method: should_dsl_update_with_options
Class path: integration-test/src/test/java/info/archinnov/achilles/it/TestDSLSimpleEntity.java

Method found! 
     public void should_dsl_update_with_options() throws Exception {

git reset --hard 4466d8d396438b08b3291346a0db2554623db367 SUCCESS!
Target class: TestDSLSimpleEntity    
1 class(es) found
Target method: should_dsl_update_with_schema_name
Class path: integration-test/src/test/java/info/archinnov/achilles/it/TestDSLSimpleEntity.java

Method found! 
     public void should_dsl_update_with_schema_name() throws Exception {

git reset --hard 4466d8d396438b08b3291346a0db2554623db367 SUCCESS!
Target class: TestEntityWithComplexCounter    
1 class(es) found
Target method: should_dsl_update_codec_counter
Class path: integration-test/src/test/java/info/archinnov/achilles/it/TestEntityWithComplexCounter.java

Method found! 
     public void should_dsl_update_codec_counter() throws Exception {

git reset --hard 4466d8d396438b08b3291346a0db2554623db367 SUCCESS!
Target class: TestEntityWithComplexTuple    
1 class(es) found
Target method: should_insert
Class path: integration-test/src/test/java/info/archinnov/achilles/it/TestEntityWithComplexTuple.java

Method found! 
     public void should_insert() throws Exception {

git reset --hard 4466d8d396438b08b3291346a0db2554623db367 SUCCESS!
Target class: TestEntityWithStaticColumn    
2 class(es) found
Target method: should_dsl_delete_static
Class path: achilles-core/src/test/java/info/archinnov/achilles/internals/sample_classes/parser/entity/TestEntityWithStaticColumn.java

Missing method, searching on superclass...
TestEntityWithStaticColumn does not has superclass.
Class path: integration-test/src/test/java/info/archinnov/achilles/it/TestEntityWithStaticColumn.java

Method found! 
     public void should_dsl_delete_static() throws Exception {

git reset --hard 4466d8d396438b08b3291346a0db2554623db367 SUCCESS!
Target class: TestEntityWithStaticColumn    
2 class(es) found
Target method: should_dsl_update_static
Class path: achilles-core/src/test/java/info/archinnov/achilles/internals/sample_classes/parser/entity/TestEntityWithStaticColumn.java

Missing method, searching on superclass...
TestEntityWithStaticColumn does not has superclass.
Class path: integration-test/src/test/java/info/archinnov/achilles/it/TestEntityWithStaticColumn.java

Method found! 
     public void should_dsl_update_static() throws Exception {

git reset --hard 4466d8d396438b08b3291346a0db2554623db367 SUCCESS!
Target class: TestEntityWithStaticColumn    
2 class(es) found
Target method: should_insert
Class path: achilles-core/src/test/java/info/archinnov/achilles/internals/sample_classes/parser/entity/TestEntityWithStaticColumn.java

Missing method, searching on superclass...
TestEntityWithStaticColumn does not has superclass.
Class path: integration-test/src/test/java/info/archinnov/achilles/it/TestEntityWithStaticColumn.java

Method found! 
     public void should_insert() throws Exception {

git reset --hard 4466d8d396438b08b3291346a0db2554623db367 SUCCESS!
Target class: TestInterceptorsSimpleEntity    
1 class(es) found
Target method: should_trigger_for_insert
Class path: integration-test/src/test/java/info/archinnov/achilles/it/TestInterceptorsSimpleEntity.java

Method found! 
     public void should_trigger_for_insert() throws Exception {

git reset --hard 4466d8d396438b08b3291346a0db2554623db367 SUCCESS!
Target class: TestTypedQueries    
1 class(es) found
Target method: should_perform_bound_statement_typed_query
Class path: integration-test/src/test/java/info/archinnov/achilles/it/TestTypedQueries.java

Method found! 
     public void should_perform_bound_statement_typed_query() throws Exception {

git reset --hard 4466d8d396438b08b3291346a0db2554623db367 SUCCESS!
Target class: TestTypedQueries    
1 class(es) found
Target method: should_perform_prepared_typed_query
Class path: integration-test/src/test/java/info/archinnov/achilles/it/TestTypedQueries.java

Method found! 
     public void should_perform_prepared_typed_query() throws Exception {

git reset --hard 4bb156ab35926a2307910cc61b7873d8358bc254 SUCCESS!
Target class: TestAsyncCRUDSimpleEntity    
1 class(es) found
Target method: should_insert_async
Class path: integration-test-2_1/src/test/java/info/archinnov/achilles/it/TestAsyncCRUDSimpleEntity.java

Method found! 
     public void should_insert_async() throws Exception {

git reset --hard 5c501ea03bc89b0df974d55dd837435258d4957e SUCCESS!
Target class: TestEntityWithStaticAnnotations    
2 class(es) found
Target method: should_insert_using_static_strategy_an_consistency_level
Class path: achilles-core/src/test/java/info/archinnov/achilles/internals/sample_classes/parser/entity/TestEntityWithStaticAnnotations.java

Missing method, searching on superclass...
TestEntityWithStaticAnnotations does not has superclass.
Class path: integration-test/src/test/java/info/archinnov/achilles/it/TestEntityWithStaticAnnotations.java

Method found! 
     public void should_insert_using_static_strategy_an_consistency_level() throws Exception {

git reset --hard 5f2a24e1236f915f938223f071438f73a9d317e0 SUCCESS!
Target class: TestAsyncCRUDSimpleEntity    
1 class(es) found
Target method: should_insert_async
Class path: integration-test-2_1/src/test/java/info/archinnov/achilles/it/TestAsyncCRUDSimpleEntity.java

Method found! 
     public void should_insert_async() throws Exception {

git reset --hard 6dd97a76f561a40fb261b0bbe30a8e6d29b3d3be SUCCESS!
Target class: TestAsyncCRUDSimpleEntity    
1 class(es) found
Target method: should_find_by_id_async
Class path: integration-test/src/test/java/info/archinnov/achilles/it/TestAsyncCRUDSimpleEntity.java

Method found! 
     public void should_find_by_id_async() throws Exception {

git reset --hard 764528ac27d0dd93ab90554d348f55fb2bd72a28 SUCCESS!
Target class: TestEntityWithStaticAnnotations    
2 class(es) found
Target method: should_insert_using_static_strategy_an_consistency_level
Class path: achilles-core/src/test/java/info/archinnov/achilles/internals/sample_classes/parser/entity/TestEntityWithStaticAnnotations.java

Missing method, searching on superclass...
TestEntityWithStaticAnnotations does not has superclass.
Class path: integration-test/src/test/java/info/archinnov/achilles/it/TestEntityWithStaticAnnotations.java

Method found! 
     public void should_insert_using_static_strategy_an_consistency_level() throws Exception {

git reset --hard 904c545a76d567ebece90187c9914aaec53a8938 SUCCESS!
Target class: TestEntityWithStaticAnnotations    
2 class(es) found
Target method: should_insert_using_static_strategy_an_consistency_level
Class path: achilles-core/src/test/java/info/archinnov/achilles/internals/sample_classes/parser/entity/TestEntityWithStaticAnnotations.java

Missing method, searching on superclass...
TestEntityWithStaticAnnotations does not has superclass.
Class path: integration-test/src/test/java/info/archinnov/achilles/it/TestEntityWithStaticAnnotations.java

Method found! 
     public void should_insert_using_static_strategy_an_consistency_level() throws Exception {

git reset --hard 91039b0f20971ecdc7fa82a242dd9bbdd2f15eed SUCCESS!
Target class: TestAsyncCRUDSimpleEntity    
1 class(es) found
Target method: should_delete_instance_async
Class path: integration-test-2_1/src/test/java/info/archinnov/achilles/it/TestAsyncCRUDSimpleEntity.java

Method found! 
     public void should_delete_instance_async() throws Exception {

git reset --hard 91039b0f20971ecdc7fa82a242dd9bbdd2f15eed SUCCESS!
Target class: TestAsyncCRUDSimpleEntity    
1 class(es) found
Target method: should_insert_async
Class path: integration-test-2_1/src/test/java/info/archinnov/achilles/it/TestAsyncCRUDSimpleEntity.java

Method found! 
     public void should_insert_async() throws Exception {

git reset --hard 91039b0f20971ecdc7fa82a242dd9bbdd2f15eed SUCCESS!
Target class: TestCRUDSimpleEntity    
1 class(es) found
Target method: should_delete_by_id
Class path: integration-test-2_1/src/test/java/info/archinnov/achilles/it/TestCRUDSimpleEntity.java

Method found! 
     public void should_delete_by_id() throws Exception {
    public void should_delete_by_id_with_execution_info() throws Exception {
    public void should_delete_by_id_generate_query_and_bound_values() throws Exception {

git reset --hard 91039b0f20971ecdc7fa82a242dd9bbdd2f15eed SUCCESS!
Target class: TestCRUDSimpleEntity    
1 class(es) found
Target method: should_delete_by_partition
Class path: integration-test-2_1/src/test/java/info/archinnov/achilles/it/TestCRUDSimpleEntity.java

Method found! 
     public void should_delete_by_partition() throws Exception {
    public void should_delete_by_partition_generate_query_and_bound_values() throws Exception {

git reset --hard 91039b0f20971ecdc7fa82a242dd9bbdd2f15eed SUCCESS!
Target class: TestCRUDSimpleEntity    
1 class(es) found
Target method: should_delete_with_equal_condition
Class path: integration-test-2_1/src/test/java/info/archinnov/achilles/it/TestCRUDSimpleEntity.java

Method found! 
     public void should_delete_with_equal_condition() throws Exception {

git reset --hard 91039b0f20971ecdc7fa82a242dd9bbdd2f15eed SUCCESS!
Target class: TestCRUDSimpleEntity    
1 class(es) found
Target method: should_delete_with_inequal_condition
Class path: integration-test-2_1/src/test/java/info/archinnov/achilles/it/TestCRUDSimpleEntity.java

Method found! 
     public void should_delete_with_inequal_condition() throws Exception {

git reset --hard 91039b0f20971ecdc7fa82a242dd9bbdd2f15eed SUCCESS!
Target class: TestCRUDSimpleEntity    
1 class(es) found
Target method: should_delete_with_not_equal_condition
Class path: integration-test-2_1/src/test/java/info/archinnov/achilles/it/TestCRUDSimpleEntity.java

Method found! 
     public void should_delete_with_not_equal_condition() throws Exception {

git reset --hard 91039b0f20971ecdc7fa82a242dd9bbdd2f15eed SUCCESS!
Target class: TestCRUDSimpleEntity    
1 class(es) found
Target method: should_delete_with_schema_name_provider
Class path: integration-test-2_1/src/test/java/info/archinnov/achilles/it/TestCRUDSimpleEntity.java

Method found! 
     public void should_delete_with_schema_name_provider() throws Exception {

git reset --hard 91039b0f20971ecdc7fa82a242dd9bbdd2f15eed SUCCESS!
Target class: TestCRUDSimpleEntity    
1 class(es) found
Target method: should_insert
Class path: integration-test-2_1/src/test/java/info/archinnov/achilles/it/TestCRUDSimpleEntity.java

Method found! 
     public void should_insert() throws Exception {
    public void should_insert_with_execution_info() throws Exception {
    public void should_insert_if_not_exists() throws Exception {
    public void should_insert_with_timestamp() throws Exception {
    public void should_insert_with_ttl() throws Exception {
    public void should_insert_generate_query_and_bound_values() throws Exception {
    public void should_insert_with_downgrading_consistency() throws Exception {
    public void should_insert_with_insert_strategy_non_null_fields() throws Exception {
    public void should_insert_with_schema_name_provider() throws Exception {

git reset --hard 91039b0f20971ecdc7fa82a242dd9bbdd2f15eed SUCCESS!
Target class: TestCRUDSimpleEntity    
1 class(es) found
Target method: should_insert_with_downgrading_consistency
Class path: integration-test-2_1/src/test/java/info/archinnov/achilles/it/TestCRUDSimpleEntity.java

Method found! 
     public void should_insert_with_downgrading_consistency() throws Exception {

git reset --hard 91039b0f20971ecdc7fa82a242dd9bbdd2f15eed SUCCESS!
Target class: TestCRUDSimpleEntity    
1 class(es) found
Target method: should_insert_with_insert_strategy_non_null_fields
Class path: integration-test-2_1/src/test/java/info/archinnov/achilles/it/TestCRUDSimpleEntity.java

Method found! 
     public void should_insert_with_insert_strategy_non_null_fields() throws Exception {

git reset --hard 91039b0f20971ecdc7fa82a242dd9bbdd2f15eed SUCCESS!
Target class: TestCRUDSimpleEntity    
1 class(es) found
Target method: should_insert_with_schema_name_provider
Class path: integration-test-2_1/src/test/java/info/archinnov/achilles/it/TestCRUDSimpleEntity.java

Method found! 
     public void should_insert_with_schema_name_provider() throws Exception {

git reset --hard 91039b0f20971ecdc7fa82a242dd9bbdd2f15eed SUCCESS!
Target class: TestCRUDSimpleEntity    
1 class(es) found
Target method: should_insert_with_timestamp
Class path: integration-test-2_1/src/test/java/info/archinnov/achilles/it/TestCRUDSimpleEntity.java

Method found! 
     public void should_insert_with_timestamp() throws Exception {

git reset --hard 91039b0f20971ecdc7fa82a242dd9bbdd2f15eed SUCCESS!
Target class: TestCRUDSimpleEntity    
1 class(es) found
Target method: should_insert_with_ttl
Class path: integration-test-2_1/src/test/java/info/archinnov/achilles/it/TestCRUDSimpleEntity.java

Method found! 
     public void should_insert_with_ttl() throws Exception {

git reset --hard 91039b0f20971ecdc7fa82a242dd9bbdd2f15eed SUCCESS!
Target class: TestDSLSimpleEntity    
1 class(es) found
Target method: should_dsl_delete
Class path: integration-test-2_1/src/test/java/info/archinnov/achilles/it/TestDSLSimpleEntity.java

Method found! 
     public void should_dsl_delete() throws Exception {
    public void should_dsl_delete_with_execution_info() throws Exception {
    public void should_dsl_delete_with_schema_name() throws Exception {
    public void should_dsl_delete_with_options() throws Exception {
    public void should_dsl_delete_if_exists() throws Exception {
    public void should_dsl_delete_generate_query_string_and_encoded_values() throws Exception {

git reset --hard 91039b0f20971ecdc7fa82a242dd9bbdd2f15eed SUCCESS!
Target class: TestDSLSimpleEntity    
1 class(es) found
Target method: should_dsl_delete_with_options
Class path: integration-test-2_1/src/test/java/info/archinnov/achilles/it/TestDSLSimpleEntity.java

Method found! 
     public void should_dsl_delete_with_options() throws Exception {

git reset --hard 91039b0f20971ecdc7fa82a242dd9bbdd2f15eed SUCCESS!
Target class: TestDSLSimpleEntity    
1 class(es) found
Target method: should_dsl_delete_with_schema_name
Class path: integration-test-2_1/src/test/java/info/archinnov/achilles/it/TestDSLSimpleEntity.java

Method found! 
     public void should_dsl_delete_with_schema_name() throws Exception {

git reset --hard 91039b0f20971ecdc7fa82a242dd9bbdd2f15eed SUCCESS!
Target class: TestDSLSimpleEntity    
1 class(es) found
Target method: should_dsl_update_list_append
Class path: integration-test-2_1/src/test/java/info/archinnov/achilles/it/TestDSLSimpleEntity.java

Method found! 
     public void should_dsl_update_list_append() throws Exception {
    public void should_dsl_update_list_appendAll() throws Exception {

git reset --hard 91039b0f20971ecdc7fa82a242dd9bbdd2f15eed SUCCESS!
Target class: TestDSLSimpleEntity    
1 class(es) found
Target method: should_dsl_update_list_appendAll
Class path: integration-test-2_1/src/test/java/info/archinnov/achilles/it/TestDSLSimpleEntity.java

Method found! 
     public void should_dsl_update_list_appendAll() throws Exception {

git reset --hard 91039b0f20971ecdc7fa82a242dd9bbdd2f15eed SUCCESS!
Target class: TestDSLSimpleEntity    
1 class(es) found
Target method: should_dsl_update_list_prepend
Class path: integration-test-2_1/src/test/java/info/archinnov/achilles/it/TestDSLSimpleEntity.java

Method found! 
     public void should_dsl_update_list_prepend() throws Exception {
    public void should_dsl_update_list_prependAll() throws Exception {

git reset --hard 91039b0f20971ecdc7fa82a242dd9bbdd2f15eed SUCCESS!
Target class: TestDSLSimpleEntity    
1 class(es) found
Target method: should_dsl_update_list_prependAll
Class path: integration-test-2_1/src/test/java/info/archinnov/achilles/it/TestDSLSimpleEntity.java

Method found! 
     public void should_dsl_update_list_prependAll() throws Exception {

git reset --hard 91039b0f20971ecdc7fa82a242dd9bbdd2f15eed SUCCESS!
Target class: TestDSLSimpleEntity    
1 class(es) found
Target method: should_dsl_update_list_removeAll
Class path: integration-test-2_1/src/test/java/info/archinnov/achilles/it/TestDSLSimpleEntity.java

Method found! 
     public void should_dsl_update_list_removeAll() throws Exception {

git reset --hard 91039b0f20971ecdc7fa82a242dd9bbdd2f15eed SUCCESS!
Target class: TestDSLSimpleEntity    
1 class(es) found
Target method: should_dsl_update_list_removeAtIndex
Class path: integration-test-2_1/src/test/java/info/archinnov/achilles/it/TestDSLSimpleEntity.java

Method found! 
     public void should_dsl_update_list_removeAtIndex() throws Exception {

git reset --hard 91039b0f20971ecdc7fa82a242dd9bbdd2f15eed SUCCESS!
Target class: TestDSLSimpleEntity    
1 class(es) found
Target method: should_dsl_update_list_remove_single
Class path: integration-test-2_1/src/test/java/info/archinnov/achilles/it/TestDSLSimpleEntity.java

Method found! 
     public void should_dsl_update_list_remove_single() throws Exception {

git reset --hard 91039b0f20971ecdc7fa82a242dd9bbdd2f15eed SUCCESS!
Target class: TestDSLSimpleEntity    
1 class(es) found
Target method: should_dsl_update_list_set
Class path: integration-test-2_1/src/test/java/info/archinnov/achilles/it/TestDSLSimpleEntity.java

Method found! 
     public void should_dsl_update_list_set() throws Exception {
    public void should_dsl_update_list_setAtIndex() throws Exception {

git reset --hard 91039b0f20971ecdc7fa82a242dd9bbdd2f15eed SUCCESS!
Target class: TestDSLSimpleEntity    
1 class(es) found
Target method: should_dsl_update_list_setAtIndex
Class path: integration-test-2_1/src/test/java/info/archinnov/achilles/it/TestDSLSimpleEntity.java

Method found! 
     public void should_dsl_update_list_setAtIndex() throws Exception {

git reset --hard 91039b0f20971ecdc7fa82a242dd9bbdd2f15eed SUCCESS!
Target class: TestDSLSimpleEntity    
1 class(es) found
Target method: should_dsl_update_map_addAll
Class path: integration-test-2_1/src/test/java/info/archinnov/achilles/it/TestDSLSimpleEntity.java

Method found! 
     public void should_dsl_update_map_addAll() throws Exception {

git reset --hard 91039b0f20971ecdc7fa82a242dd9bbdd2f15eed SUCCESS!
Target class: TestDSLSimpleEntity    
1 class(es) found
Target method: should_dsl_update_map_put
Class path: integration-test-2_1/src/test/java/info/archinnov/achilles/it/TestDSLSimpleEntity.java

Method found! 
     public void should_dsl_update_map_put() throws Exception {

git reset --hard 91039b0f20971ecdc7fa82a242dd9bbdd2f15eed SUCCESS!
Target class: TestDSLSimpleEntity    
1 class(es) found
Target method: should_dsl_update_map_removeByKey
Class path: integration-test-2_1/src/test/java/info/archinnov/achilles/it/TestDSLSimpleEntity.java

Method found! 
     public void should_dsl_update_map_removeByKey() throws Exception {

git reset --hard 91039b0f20971ecdc7fa82a242dd9bbdd2f15eed SUCCESS!
Target class: TestDSLSimpleEntity    
1 class(es) found
Target method: should_dsl_update_map_set
Class path: integration-test-2_1/src/test/java/info/archinnov/achilles/it/TestDSLSimpleEntity.java

Method found! 
     public void should_dsl_update_map_set() throws Exception {

git reset --hard 91039b0f20971ecdc7fa82a242dd9bbdd2f15eed SUCCESS!
Target class: TestDSLSimpleEntity    
1 class(es) found
Target method: should_dsl_update_set_add
Class path: integration-test-2_1/src/test/java/info/archinnov/achilles/it/TestDSLSimpleEntity.java

Method found! 
     public void should_dsl_update_set_add() throws Exception {
    public void should_dsl_update_set_addAll() throws Exception {

git reset --hard 91039b0f20971ecdc7fa82a242dd9bbdd2f15eed SUCCESS!
Target class: TestDSLSimpleEntity    
1 class(es) found
Target method: should_dsl_update_set_addAll
Class path: integration-test-2_1/src/test/java/info/archinnov/achilles/it/TestDSLSimpleEntity.java

Method found! 
     public void should_dsl_update_set_addAll() throws Exception {

git reset --hard 91039b0f20971ecdc7fa82a242dd9bbdd2f15eed SUCCESS!
Target class: TestDSLSimpleEntity    
1 class(es) found
Target method: should_dsl_update_set_remove
Class path: integration-test-2_1/src/test/java/info/archinnov/achilles/it/TestDSLSimpleEntity.java

Method found! 
     public void should_dsl_update_set_remove() throws Exception {
    public void should_dsl_update_set_removeAll() throws Exception {

git reset --hard 91039b0f20971ecdc7fa82a242dd9bbdd2f15eed SUCCESS!
Target class: TestDSLSimpleEntity    
1 class(es) found
Target method: should_dsl_update_set_removeAll
Class path: integration-test-2_1/src/test/java/info/archinnov/achilles/it/TestDSLSimpleEntity.java

Method found! 
     public void should_dsl_update_set_removeAll() throws Exception {

git reset --hard 91039b0f20971ecdc7fa82a242dd9bbdd2f15eed SUCCESS!
Target class: TestDSLSimpleEntity    
1 class(es) found
Target method: should_dsl_update_set_setValue
Class path: integration-test-2_1/src/test/java/info/archinnov/achilles/it/TestDSLSimpleEntity.java

Method found! 
     public void should_dsl_update_set_setValue() throws Exception {

git reset --hard 91039b0f20971ecdc7fa82a242dd9bbdd2f15eed SUCCESS!
Target class: TestDSLSimpleEntity    
1 class(es) found
Target method: should_dsl_update_value_if_equal
Class path: integration-test-2_1/src/test/java/info/archinnov/achilles/it/TestDSLSimpleEntity.java

Method found! 
     public void should_dsl_update_value_if_equal() throws Exception {

git reset --hard 91039b0f20971ecdc7fa82a242dd9bbdd2f15eed SUCCESS!
Target class: TestDSLSimpleEntity    
1 class(es) found
Target method: should_dsl_update_value_if_exists
Class path: integration-test-2_1/src/test/java/info/archinnov/achilles/it/TestDSLSimpleEntity.java

Method found! 
     public void should_dsl_update_value_if_exists() throws Exception {

git reset --hard 91039b0f20971ecdc7fa82a242dd9bbdd2f15eed SUCCESS!
Target class: TestDSLSimpleEntity    
1 class(es) found
Target method: should_dsl_update_with_options
Class path: integration-test-2_1/src/test/java/info/archinnov/achilles/it/TestDSLSimpleEntity.java

Method found! 
     public void should_dsl_update_with_options() throws Exception {

git reset --hard 91039b0f20971ecdc7fa82a242dd9bbdd2f15eed SUCCESS!
Target class: TestDSLSimpleEntity    
1 class(es) found
Target method: should_dsl_update_with_schema_name
Class path: integration-test-2_1/src/test/java/info/archinnov/achilles/it/TestDSLSimpleEntity.java

Method found! 
     public void should_dsl_update_with_schema_name() throws Exception {

git reset --hard 91039b0f20971ecdc7fa82a242dd9bbdd2f15eed SUCCESS!
Target class: TestEntityWithComplexCounter    
1 class(es) found
Target method: should_dsl_update_codec_counter
Class path: integration-test-2_1/src/test/java/info/archinnov/achilles/it/TestEntityWithComplexCounter.java

Method found! 
     public void should_dsl_update_codec_counter() throws Exception {

git reset --hard 91039b0f20971ecdc7fa82a242dd9bbdd2f15eed SUCCESS!
Target class: TestEntityWithComplexTuple    
1 class(es) found
Target method: should_insert
Class path: integration-test-2_1/src/test/java/info/archinnov/achilles/it/TestEntityWithComplexTuple.java

Method found! 
     public void should_insert() throws Exception {

git reset --hard 91039b0f20971ecdc7fa82a242dd9bbdd2f15eed SUCCESS!
Target class: TestEntityWithStaticAnnotations    
2 class(es) found
Target method: should_find_using_static_consistency
Class path: achilles-core/src/test/java/info/archinnov/achilles/internals/sample_classes/parser/entity/TestEntityWithStaticAnnotations.java

Missing method, searching on superclass...
TestEntityWithStaticAnnotations does not has superclass.
Class path: integration-test-2_1/src/test/java/info/archinnov/achilles/it/TestEntityWithStaticAnnotations.java

Method found! 
     public void should_find_using_static_consistency() throws Exception {

git reset --hard 91039b0f20971ecdc7fa82a242dd9bbdd2f15eed SUCCESS!
Target class: TestEntityWithStaticColumn    
2 class(es) found
Target method: should_dsl_delete_static
Class path: achilles-core/src/test/java/info/archinnov/achilles/internals/sample_classes/parser/entity/TestEntityWithStaticColumn.java

Missing method, searching on superclass...
TestEntityWithStaticColumn does not has superclass.
Class path: integration-test-2_1/src/test/java/info/archinnov/achilles/it/TestEntityWithStaticColumn.java

Method found! 
     public void should_dsl_delete_static() throws Exception {

git reset --hard 91039b0f20971ecdc7fa82a242dd9bbdd2f15eed SUCCESS!
Target class: TestEntityWithStaticColumn    
2 class(es) found
Target method: should_dsl_update_static
Class path: achilles-core/src/test/java/info/archinnov/achilles/internals/sample_classes/parser/entity/TestEntityWithStaticColumn.java

Missing method, searching on superclass...
TestEntityWithStaticColumn does not has superclass.
Class path: integration-test-2_1/src/test/java/info/archinnov/achilles/it/TestEntityWithStaticColumn.java

Method found! 
     public void should_dsl_update_static() throws Exception {

git reset --hard 91039b0f20971ecdc7fa82a242dd9bbdd2f15eed SUCCESS!
Target class: TestEntityWithStaticColumn    
2 class(es) found
Target method: should_insert
Class path: achilles-core/src/test/java/info/archinnov/achilles/internals/sample_classes/parser/entity/TestEntityWithStaticColumn.java

Missing method, searching on superclass...
TestEntityWithStaticColumn does not has superclass.
Class path: integration-test-2_1/src/test/java/info/archinnov/achilles/it/TestEntityWithStaticColumn.java

Method found! 
     public void should_insert() throws Exception {
    public void should_insert_static() throws Exception {
    public void should_insert_static_with_insert_strategy() throws Exception {
    public void should_insert_static_if_not_exist() throws Exception {

git reset --hard 91039b0f20971ecdc7fa82a242dd9bbdd2f15eed SUCCESS!
Target class: TestEntityWithStaticColumn    
2 class(es) found
Target method: should_insert_static
Class path: achilles-core/src/test/java/info/archinnov/achilles/internals/sample_classes/parser/entity/TestEntityWithStaticColumn.java

Missing method, searching on superclass...
TestEntityWithStaticColumn does not has superclass.
Class path: integration-test-2_1/src/test/java/info/archinnov/achilles/it/TestEntityWithStaticColumn.java

Method found! 
     public void should_insert_static() throws Exception {
    public void should_insert_static_with_insert_strategy() throws Exception {
    public void should_insert_static_if_not_exist() throws Exception {

git reset --hard 91039b0f20971ecdc7fa82a242dd9bbdd2f15eed SUCCESS!
Target class: TestEntityWithStaticColumn    
2 class(es) found
Target method: should_insert_static_with_insert_strategy
Class path: achilles-core/src/test/java/info/archinnov/achilles/internals/sample_classes/parser/entity/TestEntityWithStaticColumn.java

Missing method, searching on superclass...
TestEntityWithStaticColumn does not has superclass.
Class path: integration-test-2_1/src/test/java/info/archinnov/achilles/it/TestEntityWithStaticColumn.java

Method found! 
     public void should_insert_static_with_insert_strategy() throws Exception {

git reset --hard 91039b0f20971ecdc7fa82a242dd9bbdd2f15eed SUCCESS!
Target class: TestEntityWithStaticColumn    
2 class(es) found
Target method: should_update
Class path: achilles-core/src/test/java/info/archinnov/achilles/internals/sample_classes/parser/entity/TestEntityWithStaticColumn.java

Missing method, searching on superclass...
TestEntityWithStaticColumn does not has superclass.
Class path: integration-test-2_1/src/test/java/info/archinnov/achilles/it/TestEntityWithStaticColumn.java

Method found! 
     public void should_update() throws Exception {
    public void should_update_static() throws Exception {

git reset --hard 91039b0f20971ecdc7fa82a242dd9bbdd2f15eed SUCCESS!
Target class: TestEntityWithStaticColumn    
2 class(es) found
Target method: should_update_static
Class path: achilles-core/src/test/java/info/archinnov/achilles/internals/sample_classes/parser/entity/TestEntityWithStaticColumn.java

Missing method, searching on superclass...
TestEntityWithStaticColumn does not has superclass.
Class path: integration-test-2_1/src/test/java/info/archinnov/achilles/it/TestEntityWithStaticColumn.java

Method found! 
     public void should_update_static() throws Exception {

git reset --hard 91039b0f20971ecdc7fa82a242dd9bbdd2f15eed SUCCESS!
Target class: TestInterceptorsSimpleEntity    
1 class(es) found
Target method: should_trigger_for_insert
Class path: integration-test-2_1/src/test/java/info/archinnov/achilles/it/TestInterceptorsSimpleEntity.java

Method found! 
     public void should_trigger_for_insert() throws Exception {

git reset --hard 91039b0f20971ecdc7fa82a242dd9bbdd2f15eed SUCCESS!
Target class: TestInterceptorsSimpleEntity    
1 class(es) found
Target method: should_trigger_for_update
Class path: integration-test-2_1/src/test/java/info/archinnov/achilles/it/TestInterceptorsSimpleEntity.java

Method found! 
     public void should_trigger_for_update() throws Exception {

git reset --hard 91039b0f20971ecdc7fa82a242dd9bbdd2f15eed SUCCESS!
Target class: TestTypedQueries    
1 class(es) found
Target method: should_perform_bound_statement_typed_query
Class path: integration-test-2_1/src/test/java/info/archinnov/achilles/it/TestTypedQueries.java

Method found! 
     public void should_perform_bound_statement_typed_query() throws Exception {

git reset --hard 91039b0f20971ecdc7fa82a242dd9bbdd2f15eed SUCCESS!
Target class: TestTypedQueries    
1 class(es) found
Target method: should_perform_prepared_typed_query
Class path: integration-test-2_1/src/test/java/info/archinnov/achilles/it/TestTypedQueries.java

Method found! 
     public void should_perform_prepared_typed_query() throws Exception {

git reset --hard 91039b0f20971ecdc7fa82a242dd9bbdd2f15eed SUCCESS!
Target class: TestDSLUpdateWithTTLAndTimestamp    
1 class(es) found
Target method: should_dsl_update_with_ttl
Class path: integration-test-2_1/src/test/java/info/archinnov/achilles/it/bugs/TestDSLUpdateWithTTLAndTimestamp.java

Method found! 
     public void should_dsl_update_with_ttl() throws Exception {

git reset --hard 9e4e89bc9742801d32cf0c8018d2fcbc1337d1a6 SUCCESS!
Target class: TestEntityWithStaticAnnotations    
2 class(es) found
Target method: should_insert_using_static_strategy_an_consistency_level
Class path: achilles-core/src/test/java/info/archinnov/achilles/internals/sample_classes/parser/entity/TestEntityWithStaticAnnotations.java

Missing method, searching on superclass...
TestEntityWithStaticAnnotations does not has superclass.
Class path: integration-test-2_1/src/test/java/info/archinnov/achilles/it/TestEntityWithStaticAnnotations.java

Method found! 
     public void should_insert_using_static_strategy_an_consistency_level() throws Exception {

git reset --hard a10c468cad70a42ca3e9acdca1f0ad0b6bbfe365 SUCCESS!
Target class: TestALLEntityAsChild    
1 class(es) found
Target method: should_delete_by_id
Class path: integration-test/src/test/java/info/archinnov/achilles/it/TestALLEntityAsChild.java

Method found! 
     public void should_delete_by_id() throws Exception {

git reset --hard a10c468cad70a42ca3e9acdca1f0ad0b6bbfe365 SUCCESS!
Target class: TestALLEntityAsChild    
1 class(es) found
Target method: should_dsl_delete
Class path: integration-test/src/test/java/info/archinnov/achilles/it/TestALLEntityAsChild.java

Method found! 
     public void should_dsl_delete() throws Exception {

git reset --hard a10c468cad70a42ca3e9acdca1f0ad0b6bbfe365 SUCCESS!
Target class: TestALLEntityAsChild    
1 class(es) found
Target method: should_dsl_update_child_value
Class path: integration-test/src/test/java/info/archinnov/achilles/it/TestALLEntityAsChild.java

Method found! 
     public void should_dsl_update_child_value() throws Exception {

git reset --hard a10c468cad70a42ca3e9acdca1f0ad0b6bbfe365 SUCCESS!
Target class: TestALLEntityAsChild    
1 class(es) found
Target method: should_insert
Class path: integration-test/src/test/java/info/archinnov/achilles/it/TestALLEntityAsChild.java

Method found! 
     public void should_insert() throws Exception {
    public void should_insert_generate_query_and_bound_values() throws Exception {

git reset --hard a10c468cad70a42ca3e9acdca1f0ad0b6bbfe365 SUCCESS!
Target class: TestCRUDSimpleEntity    
1 class(es) found
Target method: should_delete_by_id
Class path: integration-test/src/test/java/info/archinnov/achilles/it/TestCRUDSimpleEntity.java

Method found! 
     public void should_delete_by_id() throws Exception {
    public void should_delete_by_id_with_execution_info() throws Exception {
    public void should_delete_by_id_generate_query_and_bound_values() throws Exception {

git reset --hard a10c468cad70a42ca3e9acdca1f0ad0b6bbfe365 SUCCESS!
Target class: TestCRUDSimpleEntity    
1 class(es) found
Target method: should_delete_by_partition
Class path: integration-test/src/test/java/info/archinnov/achilles/it/TestCRUDSimpleEntity.java

Method found! 
     public void should_delete_by_partition() throws Exception {
    public void should_delete_by_partition_generate_query_and_bound_values() throws Exception {

git reset --hard a10c468cad70a42ca3e9acdca1f0ad0b6bbfe365 SUCCESS!
Target class: TestCRUDSimpleEntity    
1 class(es) found
Target method: should_delete_with_equal_condition
Class path: integration-test/src/test/java/info/archinnov/achilles/it/TestCRUDSimpleEntity.java

Method found! 
     public void should_delete_with_equal_condition() throws Exception {

git reset --hard a10c468cad70a42ca3e9acdca1f0ad0b6bbfe365 SUCCESS!
Target class: TestCRUDSimpleEntity    
1 class(es) found
Target method: should_delete_with_inequal_condition
Class path: integration-test/src/test/java/info/archinnov/achilles/it/TestCRUDSimpleEntity.java

Method found! 
     public void should_delete_with_inequal_condition() throws Exception {

git reset --hard a10c468cad70a42ca3e9acdca1f0ad0b6bbfe365 SUCCESS!
Target class: TestCRUDSimpleEntity    
1 class(es) found
Target method: should_delete_with_not_equal_condition
Class path: integration-test/src/test/java/info/archinnov/achilles/it/TestCRUDSimpleEntity.java

Method found! 
     public void should_delete_with_not_equal_condition() throws Exception {

git reset --hard a10c468cad70a42ca3e9acdca1f0ad0b6bbfe365 SUCCESS!
Target class: TestCRUDSimpleEntity    
1 class(es) found
Target method: should_delete_with_schema_name_provider
Class path: integration-test/src/test/java/info/archinnov/achilles/it/TestCRUDSimpleEntity.java

Method found! 
     public void should_delete_with_schema_name_provider() throws Exception {

git reset --hard a10c468cad70a42ca3e9acdca1f0ad0b6bbfe365 SUCCESS!
Target class: TestCRUDSimpleEntity    
1 class(es) found
Target method: should_insert
Class path: integration-test/src/test/java/info/archinnov/achilles/it/TestCRUDSimpleEntity.java

Method found! 
     public void should_insert() throws Exception {
    public void should_insert_with_execution_info() throws Exception {
    public void should_insert_if_not_exists() throws Exception {
    public void should_insert_with_timestamp() throws Exception {
    public void should_insert_with_ttl() throws Exception {
    public void should_insert_generate_query_and_bound_values() throws Exception {
    public void should_insert_with_downgrading_consistency() throws Exception {
    public void should_insert_with_insert_strategy_non_null_fields() throws Exception {
    public void should_insert_with_schema_name_provider() throws Exception {

git reset --hard a10c468cad70a42ca3e9acdca1f0ad0b6bbfe365 SUCCESS!
Target class: TestCRUDSimpleEntity    
1 class(es) found
Target method: should_insert_with_downgrading_consistency
Class path: integration-test/src/test/java/info/archinnov/achilles/it/TestCRUDSimpleEntity.java

Method found! 
     public void should_insert_with_downgrading_consistency() throws Exception {

git reset --hard a10c468cad70a42ca3e9acdca1f0ad0b6bbfe365 SUCCESS!
Target class: TestCRUDSimpleEntity    
1 class(es) found
Target method: should_insert_with_insert_strategy_non_null_fields
Class path: integration-test/src/test/java/info/archinnov/achilles/it/TestCRUDSimpleEntity.java

Method found! 
     public void should_insert_with_insert_strategy_non_null_fields() throws Exception {

git reset --hard a10c468cad70a42ca3e9acdca1f0ad0b6bbfe365 SUCCESS!
Target class: TestCRUDSimpleEntity    
1 class(es) found
Target method: should_insert_with_schema_name_provider
Class path: integration-test/src/test/java/info/archinnov/achilles/it/TestCRUDSimpleEntity.java

Method found! 
     public void should_insert_with_schema_name_provider() throws Exception {

git reset --hard a10c468cad70a42ca3e9acdca1f0ad0b6bbfe365 SUCCESS!
Target class: TestCRUDSimpleEntity    
1 class(es) found
Target method: should_insert_with_timestamp
Class path: integration-test/src/test/java/info/archinnov/achilles/it/TestCRUDSimpleEntity.java

Method found! 
     public void should_insert_with_timestamp() throws Exception {

git reset --hard a10c468cad70a42ca3e9acdca1f0ad0b6bbfe365 SUCCESS!
Target class: TestCRUDSimpleEntity    
1 class(es) found
Target method: should_insert_with_ttl
Class path: integration-test/src/test/java/info/archinnov/achilles/it/TestCRUDSimpleEntity.java

Method found! 
     public void should_insert_with_ttl() throws Exception {

git reset --hard a10c468cad70a42ca3e9acdca1f0ad0b6bbfe365 SUCCESS!
Target class: TestDSLSimpleEntity    
1 class(es) found
Target method: should_dsl_delete
Class path: integration-test/src/test/java/info/archinnov/achilles/it/TestDSLSimpleEntity.java

Method found! 
     public void should_dsl_delete() throws Exception {
    public void should_dsl_delete_with_execution_info() throws Exception {
    public void should_dsl_delete_with_schema_name() throws Exception {
    public void should_dsl_delete_with_options() throws Exception {
    public void should_dsl_delete_if_exists() throws Exception {
    public void should_dsl_delete_generate_query_string_and_encoded_values() throws Exception {

git reset --hard a10c468cad70a42ca3e9acdca1f0ad0b6bbfe365 SUCCESS!
Target class: TestDSLSimpleEntity    
1 class(es) found
Target method: should_dsl_delete_with_options
Class path: integration-test/src/test/java/info/archinnov/achilles/it/TestDSLSimpleEntity.java

Method found! 
     public void should_dsl_delete_with_options() throws Exception {

git reset --hard a10c468cad70a42ca3e9acdca1f0ad0b6bbfe365 SUCCESS!
Target class: TestDSLSimpleEntity    
1 class(es) found
Target method: should_dsl_delete_with_schema_name
Class path: integration-test/src/test/java/info/archinnov/achilles/it/TestDSLSimpleEntity.java

Method found! 
     public void should_dsl_delete_with_schema_name() throws Exception {

git reset --hard a10c468cad70a42ca3e9acdca1f0ad0b6bbfe365 SUCCESS!
Target class: TestDSLSimpleEntity    
1 class(es) found
Target method: should_dsl_update_list_append
Class path: integration-test/src/test/java/info/archinnov/achilles/it/TestDSLSimpleEntity.java

Method found! 
     public void should_dsl_update_list_append() throws Exception {
    public void should_dsl_update_list_appendAll() throws Exception {

git reset --hard a10c468cad70a42ca3e9acdca1f0ad0b6bbfe365 SUCCESS!
Target class: TestDSLSimpleEntity    
1 class(es) found
Target method: should_dsl_update_list_appendAll
Class path: integration-test/src/test/java/info/archinnov/achilles/it/TestDSLSimpleEntity.java

Method found! 
     public void should_dsl_update_list_appendAll() throws Exception {

git reset --hard a10c468cad70a42ca3e9acdca1f0ad0b6bbfe365 SUCCESS!
Target class: TestDSLSimpleEntity    
1 class(es) found
Target method: should_dsl_update_list_prepend
Class path: integration-test/src/test/java/info/archinnov/achilles/it/TestDSLSimpleEntity.java

Method found! 
     public void should_dsl_update_list_prepend() throws Exception {
    public void should_dsl_update_list_prependAll() throws Exception {

git reset --hard a10c468cad70a42ca3e9acdca1f0ad0b6bbfe365 SUCCESS!
Target class: TestDSLSimpleEntity    
1 class(es) found
Target method: should_dsl_update_list_prependAll
Class path: integration-test/src/test/java/info/archinnov/achilles/it/TestDSLSimpleEntity.java

Method found! 
     public void should_dsl_update_list_prependAll() throws Exception {

git reset --hard a10c468cad70a42ca3e9acdca1f0ad0b6bbfe365 SUCCESS!
Target class: TestDSLSimpleEntity    
1 class(es) found
Target method: should_dsl_update_list_removeAll
Class path: integration-test/src/test/java/info/archinnov/achilles/it/TestDSLSimpleEntity.java

Method found! 
     public void should_dsl_update_list_removeAll() throws Exception {

git reset --hard a10c468cad70a42ca3e9acdca1f0ad0b6bbfe365 SUCCESS!
Target class: TestDSLSimpleEntity    
1 class(es) found
Target method: should_dsl_update_list_removeAtIndex
Class path: integration-test/src/test/java/info/archinnov/achilles/it/TestDSLSimpleEntity.java

Method found! 
     public void should_dsl_update_list_removeAtIndex() throws Exception {

git reset --hard a10c468cad70a42ca3e9acdca1f0ad0b6bbfe365 SUCCESS!
Target class: TestDSLSimpleEntity    
1 class(es) found
Target method: should_dsl_update_list_remove_single
Class path: integration-test/src/test/java/info/archinnov/achilles/it/TestDSLSimpleEntity.java

Method found! 
     public void should_dsl_update_list_remove_single() throws Exception {

git reset --hard a10c468cad70a42ca3e9acdca1f0ad0b6bbfe365 SUCCESS!
Target class: TestDSLSimpleEntity    
1 class(es) found
Target method: should_dsl_update_list_set
Class path: integration-test/src/test/java/info/archinnov/achilles/it/TestDSLSimpleEntity.java

Method found! 
     public void should_dsl_update_list_set() throws Exception {
    public void should_dsl_update_list_setAtIndex() throws Exception {

git reset --hard a10c468cad70a42ca3e9acdca1f0ad0b6bbfe365 SUCCESS!
Target class: TestDSLSimpleEntity    
1 class(es) found
Target method: should_dsl_update_list_setAtIndex
Class path: integration-test/src/test/java/info/archinnov/achilles/it/TestDSLSimpleEntity.java

Method found! 
     public void should_dsl_update_list_setAtIndex() throws Exception {

git reset --hard a10c468cad70a42ca3e9acdca1f0ad0b6bbfe365 SUCCESS!
Target class: TestDSLSimpleEntity    
1 class(es) found
Target method: should_dsl_update_map_addAll
Class path: integration-test/src/test/java/info/archinnov/achilles/it/TestDSLSimpleEntity.java

Method found! 
     public void should_dsl_update_map_addAll() throws Exception {

git reset --hard a10c468cad70a42ca3e9acdca1f0ad0b6bbfe365 SUCCESS!
Target class: TestDSLSimpleEntity    
1 class(es) found
Target method: should_dsl_update_map_put
Class path: integration-test/src/test/java/info/archinnov/achilles/it/TestDSLSimpleEntity.java

Method found! 
     public void should_dsl_update_map_put() throws Exception {

git reset --hard a10c468cad70a42ca3e9acdca1f0ad0b6bbfe365 SUCCESS!
Target class: TestDSLSimpleEntity    
1 class(es) found
Target method: should_dsl_update_map_removeByKey
Class path: integration-test/src/test/java/info/archinnov/achilles/it/TestDSLSimpleEntity.java

Method found! 
     public void should_dsl_update_map_removeByKey() throws Exception {

git reset --hard a10c468cad70a42ca3e9acdca1f0ad0b6bbfe365 SUCCESS!
Target class: TestDSLSimpleEntity    
1 class(es) found
Target method: should_dsl_update_map_set
Class path: integration-test/src/test/java/info/archinnov/achilles/it/TestDSLSimpleEntity.java

Method found! 
     public void should_dsl_update_map_set() throws Exception {

git reset --hard a10c468cad70a42ca3e9acdca1f0ad0b6bbfe365 SUCCESS!
Target class: TestDSLSimpleEntity    
1 class(es) found
Target method: should_dsl_update_set_add
Class path: integration-test/src/test/java/info/archinnov/achilles/it/TestDSLSimpleEntity.java

Method found! 
     public void should_dsl_update_set_add() throws Exception {
    public void should_dsl_update_set_addAll() throws Exception {

git reset --hard a10c468cad70a42ca3e9acdca1f0ad0b6bbfe365 SUCCESS!
Target class: TestDSLSimpleEntity    
1 class(es) found
Target method: should_dsl_update_set_addAll
Class path: integration-test/src/test/java/info/archinnov/achilles/it/TestDSLSimpleEntity.java

Method found! 
     public void should_dsl_update_set_addAll() throws Exception {

git reset --hard a10c468cad70a42ca3e9acdca1f0ad0b6bbfe365 SUCCESS!
Target class: TestDSLSimpleEntity    
1 class(es) found
Target method: should_dsl_update_set_remove
Class path: integration-test/src/test/java/info/archinnov/achilles/it/TestDSLSimpleEntity.java

Method found! 
     public void should_dsl_update_set_remove() throws Exception {
    public void should_dsl_update_set_removeAll() throws Exception {

git reset --hard a10c468cad70a42ca3e9acdca1f0ad0b6bbfe365 SUCCESS!
Target class: TestDSLSimpleEntity    
1 class(es) found
Target method: should_dsl_update_set_removeAll
Class path: integration-test/src/test/java/info/archinnov/achilles/it/TestDSLSimpleEntity.java

Method found! 
     public void should_dsl_update_set_removeAll() throws Exception {

git reset --hard a10c468cad70a42ca3e9acdca1f0ad0b6bbfe365 SUCCESS!
Target class: TestDSLSimpleEntity    
1 class(es) found
Target method: should_dsl_update_set_setValue
Class path: integration-test/src/test/java/info/archinnov/achilles/it/TestDSLSimpleEntity.java

Method found! 
     public void should_dsl_update_set_setValue() throws Exception {

git reset --hard a10c468cad70a42ca3e9acdca1f0ad0b6bbfe365 SUCCESS!
Target class: TestDSLSimpleEntity    
1 class(es) found
Target method: should_dsl_update_value_if_equal
Class path: integration-test/src/test/java/info/archinnov/achilles/it/TestDSLSimpleEntity.java

Method found! 
     public void should_dsl_update_value_if_equal() throws Exception {

git reset --hard a10c468cad70a42ca3e9acdca1f0ad0b6bbfe365 SUCCESS!
Target class: TestDSLSimpleEntity    
1 class(es) found
Target method: should_dsl_update_value_if_exists
Class path: integration-test/src/test/java/info/archinnov/achilles/it/TestDSLSimpleEntity.java

Method found! 
     public void should_dsl_update_value_if_exists() throws Exception {

git reset --hard a10c468cad70a42ca3e9acdca1f0ad0b6bbfe365 SUCCESS!
Target class: TestDSLSimpleEntity    
1 class(es) found
Target method: should_dsl_update_with_options
Class path: integration-test/src/test/java/info/archinnov/achilles/it/TestDSLSimpleEntity.java

Method found! 
     public void should_dsl_update_with_options() throws Exception {

git reset --hard a10c468cad70a42ca3e9acdca1f0ad0b6bbfe365 SUCCESS!
Target class: TestDSLSimpleEntity    
1 class(es) found
Target method: should_dsl_update_with_schema_name
Class path: integration-test/src/test/java/info/archinnov/achilles/it/TestDSLSimpleEntity.java

Method found! 
     public void should_dsl_update_with_schema_name() throws Exception {

git reset --hard a10c468cad70a42ca3e9acdca1f0ad0b6bbfe365 SUCCESS!
Target class: TestEntityWithComplexCounter    
1 class(es) found
Target method: should_dsl_update_codec_counter
Class path: integration-test/src/test/java/info/archinnov/achilles/it/TestEntityWithComplexCounter.java

Method found! 
     public void should_dsl_update_codec_counter() throws Exception {

git reset --hard a10c468cad70a42ca3e9acdca1f0ad0b6bbfe365 SUCCESS!
Target class: TestEntityWithComplexTuple    
1 class(es) found
Target method: should_insert
Class path: integration-test/src/test/java/info/archinnov/achilles/it/TestEntityWithComplexTuple.java

Method found! 
     public void should_insert() throws Exception {

git reset --hard a10c468cad70a42ca3e9acdca1f0ad0b6bbfe365 SUCCESS!
Target class: TestEntityWithCompositePartitionKey    
2 class(es) found
Target method: should_insert
Class path: achilles-core/src/test/java/info/archinnov/achilles/internals/sample_classes/parser/entity/TestEntityWithCompositePartitionKey.java

Missing method, searching on superclass...
TestEntityWithCompositePartitionKey does not has superclass.
Class path: integration-test/src/test/java/info/archinnov/achilles/it/TestEntityWithCompositePartitionKey.java

Method found! 
     public void should_insert() throws Exception {

git reset --hard a10c468cad70a42ca3e9acdca1f0ad0b6bbfe365 SUCCESS!
Target class: TestEntityWithCounterColumn    
2 class(es) found
Target method: should_delete_by_id
Class path: achilles-core/src/test/java/info/archinnov/achilles/internals/sample_classes/parser/entity/TestEntityWithCounterColumn.java

Missing method, searching on superclass...
TestEntityWithCounterColumn does not has superclass.
Class path: integration-test/src/test/java/info/archinnov/achilles/it/TestEntityWithCounterColumn.java

Method found! 
     public void should_delete_by_id() throws Exception {

git reset --hard a10c468cad70a42ca3e9acdca1f0ad0b6bbfe365 SUCCESS!
Target class: TestEntityWithCounterColumn    
2 class(es) found
Target method: should_delete_instance
Class path: achilles-core/src/test/java/info/archinnov/achilles/internals/sample_classes/parser/entity/TestEntityWithCounterColumn.java

Missing method, searching on superclass...
TestEntityWithCounterColumn does not has superclass.
Class path: integration-test/src/test/java/info/archinnov/achilles/it/TestEntityWithCounterColumn.java

Method found! 
     public void should_delete_instance() throws Exception {

git reset --hard a10c468cad70a42ca3e9acdca1f0ad0b6bbfe365 SUCCESS!
Target class: TestEntityWithCounterColumn    
2 class(es) found
Target method: should_dsl_delete
Class path: achilles-core/src/test/java/info/archinnov/achilles/internals/sample_classes/parser/entity/TestEntityWithCounterColumn.java

Missing method, searching on superclass...
TestEntityWithCounterColumn does not has superclass.
Class path: integration-test/src/test/java/info/archinnov/achilles/it/TestEntityWithCounterColumn.java

Method found! 
     public void should_dsl_delete() throws Exception {

git reset --hard a10c468cad70a42ca3e9acdca1f0ad0b6bbfe365 SUCCESS!
Target class: TestEntityWithCounterColumn    
2 class(es) found
Target method: should_dsl_update
Class path: achilles-core/src/test/java/info/archinnov/achilles/internals/sample_classes/parser/entity/TestEntityWithCounterColumn.java

Missing method, searching on superclass...
TestEntityWithCounterColumn does not has superclass.
Class path: integration-test/src/test/java/info/archinnov/achilles/it/TestEntityWithCounterColumn.java

Method found! 
     public void should_dsl_update() throws Exception {

git reset --hard a10c468cad70a42ca3e9acdca1f0ad0b6bbfe365 SUCCESS!
Target class: TestEntityWithStaticColumn    
2 class(es) found
Target method: should_dsl_delete_static
Class path: achilles-core/src/test/java/info/archinnov/achilles/internals/sample_classes/parser/entity/TestEntityWithStaticColumn.java

Missing method, searching on superclass...
TestEntityWithStaticColumn does not has superclass.
Class path: integration-test/src/test/java/info/archinnov/achilles/it/TestEntityWithStaticColumn.java

Method found! 
     public void should_dsl_delete_static() throws Exception {

git reset --hard a10c468cad70a42ca3e9acdca1f0ad0b6bbfe365 SUCCESS!
Target class: TestEntityWithStaticColumn    
2 class(es) found
Target method: should_dsl_update_static
Class path: achilles-core/src/test/java/info/archinnov/achilles/internals/sample_classes/parser/entity/TestEntityWithStaticColumn.java

Missing method, searching on superclass...
TestEntityWithStaticColumn does not has superclass.
Class path: integration-test/src/test/java/info/archinnov/achilles/it/TestEntityWithStaticColumn.java

Method found! 
     public void should_dsl_update_static() throws Exception {

git reset --hard a10c468cad70a42ca3e9acdca1f0ad0b6bbfe365 SUCCESS!
Target class: TestEntityWithStaticColumn    
2 class(es) found
Target method: should_insert
Class path: achilles-core/src/test/java/info/archinnov/achilles/internals/sample_classes/parser/entity/TestEntityWithStaticColumn.java

Missing method, searching on superclass...
TestEntityWithStaticColumn does not has superclass.
Class path: integration-test/src/test/java/info/archinnov/achilles/it/TestEntityWithStaticColumn.java

Method found! 
     public void should_insert() throws Exception {
    public void should_insert_static() throws Exception {
    public void should_insert_static_with_insert_strategy() throws Exception {
    public void should_insert_static_if_not_exist() throws Exception {

git reset --hard a10c468cad70a42ca3e9acdca1f0ad0b6bbfe365 SUCCESS!
Target class: TestEntityWithStaticColumn    
2 class(es) found
Target method: should_insert_static
Class path: achilles-core/src/test/java/info/archinnov/achilles/internals/sample_classes/parser/entity/TestEntityWithStaticColumn.java

Missing method, searching on superclass...
TestEntityWithStaticColumn does not has superclass.
Class path: integration-test/src/test/java/info/archinnov/achilles/it/TestEntityWithStaticColumn.java

Method found! 
     public void should_insert_static() throws Exception {
    public void should_insert_static_with_insert_strategy() throws Exception {
    public void should_insert_static_if_not_exist() throws Exception {

git reset --hard a10c468cad70a42ca3e9acdca1f0ad0b6bbfe365 SUCCESS!
Target class: TestEntityWithStaticColumn    
2 class(es) found
Target method: should_insert_static_with_insert_strategy
Class path: achilles-core/src/test/java/info/archinnov/achilles/internals/sample_classes/parser/entity/TestEntityWithStaticColumn.java

Missing method, searching on superclass...
TestEntityWithStaticColumn does not has superclass.
Class path: integration-test/src/test/java/info/archinnov/achilles/it/TestEntityWithStaticColumn.java

Method found! 
     public void should_insert_static_with_insert_strategy() throws Exception {

git reset --hard a10c468cad70a42ca3e9acdca1f0ad0b6bbfe365 SUCCESS!
Target class: TestInterceptorsSimpleEntity    
1 class(es) found
Target method: should_trigger_for_insert
Class path: integration-test/src/test/java/info/archinnov/achilles/it/TestInterceptorsSimpleEntity.java

Method found! 
     public void should_trigger_for_insert() throws Exception {

git reset --hard a10c468cad70a42ca3e9acdca1f0ad0b6bbfe365 SUCCESS!
Target class: TestTypedQueries    
1 class(es) found
Target method: should_perform_bound_statement_typed_query
Class path: integration-test/src/test/java/info/archinnov/achilles/it/TestTypedQueries.java

Method found! 
     public void should_perform_bound_statement_typed_query() throws Exception {

git reset --hard a10c468cad70a42ca3e9acdca1f0ad0b6bbfe365 SUCCESS!
Target class: TestTypedQueries    
1 class(es) found
Target method: should_perform_prepared_typed_query
Class path: integration-test/src/test/java/info/archinnov/achilles/it/TestTypedQueries.java

Method found! 
     public void should_perform_prepared_typed_query() throws Exception {

git reset --hard a10c468cad70a42ca3e9acdca1f0ad0b6bbfe365 SUCCESS!
Target class: TestDSLUpdateWithTTLAndTimestamp    
1 class(es) found
Target method: should_dsl_update_with_ttl
Class path: integration-test/src/test/java/info/archinnov/achilles/it/bugs/TestDSLUpdateWithTTLAndTimestamp.java

Method found! 
     public void should_dsl_update_with_ttl() throws Exception {

git reset --hard e05645c7113e8863fd6ae2f12d2f38dd89b7dce0 SUCCESS!
Target class: TestEntityWithStaticAnnotations    
2 class(es) found
Target method: should_insert_using_static_strategy_an_consistency_level
Class path: achilles-core/src/test/java/info/archinnov/achilles/internals/sample_classes/parser/entity/TestEntityWithStaticAnnotations.java

Missing method, searching on superclass...
TestEntityWithStaticAnnotations does not has superclass.
Class path: integration-test-2_1/src/test/java/info/archinnov/achilles/it/TestEntityWithStaticAnnotations.java

Method found! 
     public void should_insert_using_static_strategy_an_consistency_level() throws Exception {

git reset --hard f01f53d005c0fbaddce2386e34cbf408e53d554f SUCCESS!
Target class: TestAsyncDSLSimpleEntity    
1 class(es) found
Target method: should_dsl_update_value_async
Class path: integration-test-2_1/src/test/java/info/archinnov/achilles/it/TestAsyncDSLSimpleEntity.java

Method found! 
     public void should_dsl_update_value_async() throws Exception {

git reset --hard f19176a2b5baa691ab3150e7734c2a9f024f6b1e SUCCESS!
Target class: TestTypedQueries    
1 class(es) found
Target method: should_fail_regular_typed_query_if_table_not_correspond
Class path: integration-test/src/test/java/info/archinnov/achilles/it/TestTypedQueries.java

Method found! 
     public void should_fail_regular_typed_query_if_table_not_correspond() throws Exception {

git reset --hard fe15e87f6fdec6cd46eda15a87986e3e1b8cb22c SUCCESS!
Target class: TestAsyncCRUDSimpleEntity    
1 class(es) found
Target method: should_insert_async
Class path: integration-test/src/test/java/info/archinnov/achilles/it/TestAsyncCRUDSimpleEntity.java

Method found! 
     public void should_insert_async() throws Exception {

230 method(s) found (~100.0%).
0 method(s) missing.
Dataset updated with results.
