git reset --hard 14dcc2af9fd17a34a0cc09260a57cd4ec3e08c77 SUCCESS!
Target class: ZookeeperStateRepositoryTest    
1 class(es) found
Target method: testZkNodeChangesUpdateFeatureState
Class path: zookeeper/src/test/java/org/togglz/zookeeper/ZookeeperStateRepositoryTest.java

Method found! 
     public void testZkNodeChangesUpdateFeatureState() throws Exception {

git reset --hard 25aa3f7156c22f70447851ac706de4c6ad53d7b0 SUCCESS!
Target class: SystemPropertyActivationStrategyTest    
1 class(es) found
Target method: shouldBeFalseIfPropertyDoesNotExist
Class path: core/src/test/java/org/togglz/core/activation/SystemPropertyActivationStrategyTest.java

Method found! 
     public void shouldBeFalseIfPropertyDoesNotExist() {

git reset --hard 27b71b6ac15849a51cc53f9373a5b40162b9c743 SUCCESS!
Target class: SystemPropertyActivationStrategyTest    
1 class(es) found
Target method: shouldBeFalseIfPropertyDoesNotExist
Class path: core/src/test/java/org/togglz/core/activation/SystemPropertyActivationStrategyTest.java

Method found! 
     public void shouldBeFalseIfPropertyDoesNotExist() {

git reset --hard 3ad266a54dd2dbe0bdb198fd14d8159fccb4cb26 SUCCESS!
Target class: ManagedFeatureManagerTest    
2 class(es) found
Target method: containerManagedFeatureManagerShouldBeUsedIfAvailable
Class path: cdi/src/test/java/org/togglz/cdi/container/ManagedFeatureManagerTest.java

Method found! 
     public void containerManagedFeatureManagerShouldBeUsedIfAvailable() {

Class path: spring-web/src/test/java/org/togglz/spring/test/container/ManagedFeatureManagerTest.java

Method found! 
     public void containerManagedFeatureManagerShouldBeUsedIfAvailable() {

git reset --hard 3ad266a54dd2dbe0bdb198fd14d8159fccb4cb26 SUCCESS!
Target class: CDIBasicOperationTest    
1 class(es) found
Target method: testCDIBasicFeatures
Class path: cdi/src/test/java/org/togglz/cdi/test/CDIBasicOperationTest.java

Method found! 
     public void testCDIBasicFeatures() throws IOException {

git reset --hard 3ad266a54dd2dbe0bdb198fd14d8159fccb4cb26 SUCCESS!
Target class: GuiceIntegrationTest    
1 class(es) found
Target method: testGuiceIntegration
Class path: guice/src/test/java/org/togglz/guice/GuiceIntegrationTest.java

Method found! 
     public void testGuiceIntegration() throws IOException {

git reset --hard 3ad266a54dd2dbe0bdb198fd14d8159fccb4cb26 SUCCESS!
Target class: JSFMapTest    
1 class(es) found
Target method: testJSFFeatureMap
Class path: jsf/src/test/java/org/togglz/jsf/test/map/JSFMapTest.java

Method found! 
     public void testJSFFeatureMap() throws IOException, Exception {

git reset --hard 3ad266a54dd2dbe0bdb198fd14d8159fccb4cb26 SUCCESS!
Target class: ServletBasicOperationTest    
1 class(es) found
Target method: testSerlvetBasicFeatures
Class path: servlet/src/test/java/org/togglz/servlet/test/basic/ServletBasicOperationTest.java

Method found! 
     public void testSerlvetBasicFeatures() throws IOException {

git reset --hard 3ad266a54dd2dbe0bdb198fd14d8159fccb4cb26 SUCCESS!
Target class: CacheRepositoryTest    
1 class(es) found
Target method: testCachingOfFeatureState
Class path: servlet/src/test/java/org/togglz/servlet/test/repository/cache/CacheRepositoryTest.java

Method found! 
     public void testCachingOfFeatureState() throws IOException {

git reset --hard 3ad266a54dd2dbe0bdb198fd14d8159fccb4cb26 SUCCESS!
Target class: JDBCRepositoryTest    
1 class(es) found
Target method: testGetFeatureStateFromJDBCRepository
Class path: servlet/src/test/java/org/togglz/servlet/test/repository/jdbc/JDBCRepositoryTest.java

Method found! 
     public void testGetFeatureStateFromJDBCRepository() throws IOException {

git reset --hard 3ad266a54dd2dbe0bdb198fd14d8159fccb4cb26 SUCCESS!
Target class: ThreadBasedUsersTest    
1 class(es) found
Target method: testDisabledForAllUsers
Class path: servlet/src/test/java/org/togglz/servlet/test/user/thread/ThreadBasedUsersTest.java

Method found! 
     public void testDisabledForAllUsers() throws IOException {

git reset --hard 3ad266a54dd2dbe0bdb198fd14d8159fccb4cb26 SUCCESS!
Target class: HttpServletRequestHolderTest    
1 class(es) found
Target method: testRequestIsBoundToHolder
Class path: servlet/src/test/java/org/togglz/servlet/test/util/HttpServletRequestHolderTest.java

Method found! 
     public void testRequestIsBoundToHolder() throws IOException {

git reset --hard 3ad266a54dd2dbe0bdb198fd14d8159fccb4cb26 SUCCESS!
Target class: ShiroUsersTest    
1 class(es) found
Target method: testShiroLoginAsFeatureAdmin
Class path: shiro/src/test/java/org/togglz/shiro/test/ShiroUsersTest.java

Method found! 
     public void testShiroLoginAsFeatureAdmin() throws Exception {

git reset --hard 3ad266a54dd2dbe0bdb198fd14d8159fccb4cb26 SUCCESS!
Target class: SpringBasicOperationTest    
1 class(es) found
Target method: testSpringBasicFeatures
Class path: spring-web/src/test/java/org/togglz/spring/test/SpringBasicOperationTest.java

Method found! 
     public void testSpringBasicFeatures() throws IOException {

git reset --hard 3ad266a54dd2dbe0bdb198fd14d8159fccb4cb26 SUCCESS!
Target class: SpringEarlyFeatureUsageTest    
1 class(es) found
Target method: testEarlyFeatureUsage
Class path: spring-web/src/test/java/org/togglz/spring/test/SpringEarlyFeatureUsageTest.java

Method found! 
     public void testEarlyFeatureUsage() throws IOException {

git reset --hard 3ad266a54dd2dbe0bdb198fd14d8159fccb4cb26 SUCCESS!
Target class: ManagedFeatureManagerTest    
2 class(es) found
Target method: containerManagedFeatureManagerShouldBeUsedIfAvailable
Class path: cdi/src/test/java/org/togglz/cdi/container/ManagedFeatureManagerTest.java

Method found! 
     public void containerManagedFeatureManagerShouldBeUsedIfAvailable() {

Class path: spring-web/src/test/java/org/togglz/spring/test/container/ManagedFeatureManagerTest.java

Method found! 
     public void containerManagedFeatureManagerShouldBeUsedIfAvailable() {

git reset --hard 3ad266a54dd2dbe0bdb198fd14d8159fccb4cb26 SUCCESS!
Target class: FeatureProxyTest    
1 class(es) found
Target method: testProxyWithAutoDetectedProxyType
Class path: spring-web/src/test/java/org/togglz/spring/test/proxy/FeatureProxyTest.java

Method found! 
     public void testProxyWithAutoDetectedProxyType() throws IOException {

git reset --hard 5c23d0aaf3371b750f3dd90ef82b9de79993757e SUCCESS!
Target class: SystemPropertyActivationStrategyTest    
1 class(es) found
Target method: shouldBeFalseIfPropertyDoesNotExist
Class path: core/src/test/java/org/togglz/core/activation/SystemPropertyActivationStrategyTest.java

Method found! 
     public void shouldBeFalseIfPropertyDoesNotExist() {

git reset --hard 84cbb08a9eaf2cb3a7688db02a06da62af0b8269 SUCCESS!
Target class: CassandraStateRepositoryTest    
1 class(es) found
Target method: testActivationStrategySavingAndLoading
Class path: cassandra/src/test/java/org/togglz/cassandra/CassandraStateRepositoryTest.java

Method found! 
     public void testActivationStrategySavingAndLoading() {

git reset --hard 84cbb08a9eaf2cb3a7688db02a06da62af0b8269 SUCCESS!
Target class: CassandraStateRepositoryTest    
1 class(es) found
Target method: testAutomaticCreationOfColumnFamily
Class path: cassandra/src/test/java/org/togglz/cassandra/CassandraStateRepositoryTest.java

Method found! 
     public void testAutomaticCreationOfColumnFamily() throws ConnectionException {

git reset --hard 84cbb08a9eaf2cb3a7688db02a06da62af0b8269 SUCCESS!
Target class: CassandraStateRepositoryTest    
1 class(es) found
Target method: testEnabledStateSavingAndLoading
Class path: cassandra/src/test/java/org/togglz/cassandra/CassandraStateRepositoryTest.java

Method found! 
     public void testEnabledStateSavingAndLoading() {

git reset --hard 84cbb08a9eaf2cb3a7688db02a06da62af0b8269 SUCCESS!
Target class: CassandraStateRepositoryTest    
1 class(es) found
Target method: testFeatureSavingAndLoading
Class path: cassandra/src/test/java/org/togglz/cassandra/CassandraStateRepositoryTest.java

Method found! 
     public void testFeatureSavingAndLoading() {

git reset --hard 84cbb08a9eaf2cb3a7688db02a06da62af0b8269 SUCCESS!
Target class: CassandraStateRepositoryTest    
1 class(es) found
Target method: testRemovingOfActivationStrategy
Class path: cassandra/src/test/java/org/togglz/cassandra/CassandraStateRepositoryTest.java

Method found! 
 	public void testRemovingOfActivationStrategy() throws ConnectionException {

git reset --hard 99aca86439368160f442d7ecae6fc8a6f39e8873 SUCCESS!
Target class: SystemPropertyActivationStrategyTest    
1 class(es) found
Target method: shouldBeFalseIfPropertyDoesNotExist
Class path: core/src/test/java/org/togglz/core/activation/SystemPropertyActivationStrategyTest.java

Method found! 
     public void shouldBeFalseIfPropertyDoesNotExist() {

git reset --hard b5c78e2972532d700f5bcb0e66dcc8718678c707 SUCCESS!
Target class: SystemPropertyActivationStrategyTest    
1 class(es) found
Target method: shouldBeFalseIfPropertyDoesNotExist
Class path: core/src/test/java/org/togglz/core/activation/SystemPropertyActivationStrategyTest.java

Method found! 
     public void shouldBeFalseIfPropertyDoesNotExist() {

git reset --hard c759f6a275d3eb2530d00e9ab03e3405a26807f1 SUCCESS!
Target class: SystemPropertyActivationStrategyTest    
1 class(es) found
Target method: shouldBeFalseIfPropertyDoesNotExist
Class path: core/src/test/java/org/togglz/core/activation/SystemPropertyActivationStrategyTest.java

Method found! 
     public void shouldBeFalseIfPropertyDoesNotExist() {

git reset --hard e400470fa98bb8fa832d379af8c62160cbf8814f SUCCESS!
Target class: SystemPropertyActivationStrategyTest    
1 class(es) found
Target method: shouldBeFalseIfPropertyDoesNotExist
Class path: core/src/test/java/org/togglz/core/activation/SystemPropertyActivationStrategyTest.java

Method found! 
     public void shouldBeFalseIfPropertyDoesNotExist() {

git reset --hard e7c7fa01edbb5e52003d7722eaf024e19a5d2a1f SUCCESS!
Target class: ZookeeperStateRepositoryTest    
1 class(es) found
Target method: testZkNodeChangesUpdateFeatureState
Class path: zookeeper/src/test/java/org/togglz/zookeeper/ZookeeperStateRepositoryTest.java

Method found! 
     public void testZkNodeChangesUpdateFeatureState() throws Exception {

30 method(s) found (~107.14285714285714%).
0 method(s) missing.
Dataset updated with results.
