git reset --hard 00532264cae2d912aa595596aa52d27761328255 SUCCESS!
Target class: ApiControllerDocTest    
2 class(es) found
Target method: testGetAndPostArticleViaJson
Class path: ninja-servlet-jpa-blog-archetype/src/main/resources/archetype-resources/src/test/java/controllers/ApiControllerDocTest.java

Method found! 
     public void testGetAndPostArticleViaJson() throws Exception {

Class path: ninja-servlet-jpa-blog-integration-test/src/test/java/controllers/ApiControllerDocTest.java

Method found! 
     public void testGetAndPostArticleViaJson() throws Exception {

git reset --hard 00532264cae2d912aa595596aa52d27761328255 SUCCESS!
Target class: ApiControllerTest    
2 class(es) found
Target method: testGetAndPostArticleViaJson
Class path: ninja-servlet-jpa-blog-archetype/src/main/resources/archetype-resources/src/test/java/controllers/ApiControllerTest.java

Method found! 
     public void testGetAndPostArticleViaJson() throws Exception {

Class path: ninja-servlet-jpa-blog-integration-test/src/test/java/controllers/ApiControllerTest.java

Method found! 
     public void testGetAndPostArticleViaJson() throws Exception {

git reset --hard 00532264cae2d912aa595596aa52d27761328255 SUCCESS!
Target class: ApiControllerTest    
2 class(es) found
Target method: testGetAndPostArticleViaXml
Class path: ninja-servlet-jpa-blog-archetype/src/main/resources/archetype-resources/src/test/java/controllers/ApiControllerTest.java

Method found! 
     public void testGetAndPostArticleViaXml() throws Exception {

Class path: ninja-servlet-jpa-blog-integration-test/src/test/java/controllers/ApiControllerTest.java

Method found! 
     public void testGetAndPostArticleViaXml() throws Exception {

git reset --hard 00532264cae2d912aa595596aa52d27761328255 SUCCESS!
Target class: ApplicationControllerTest    
3 class(es) found
Target method: testThatSetupInitializationCreatesTheTestUsers
Class path: ninja-servlet-integration-test/src/test/java/controllers/ApplicationControllerTest.java

Missing method, searching on superclass...
Target superclass: NinjaTest
Class path: ./ninja-test-utilities/src/main/java/ninja/NinjaTest.java

Missing method, searching on superclass...
ApplicationControllerTest does not has superclass.
Class path: ninja-servlet-jpa-blog-archetype/src/main/resources/archetype-resources/src/test/java/controllers/ApplicationControllerTest.java

Missing method, searching on superclass...
Target superclass: NinjaTest
Class path: ./ninja-test-utilities/src/main/java/ninja/NinjaTest.java

Missing method, searching on superclass...
ApplicationControllerTest does not has superclass.
Class path: ninja-servlet-jpa-blog-integration-test/src/test/java/controllers/ApplicationControllerTest.java

Method found! 
     public void testThatSetupInitializationCreatesTheTestUsers(){

git reset --hard 03d71eaaa2a20ff759d8f0c21a44a0f2990b8777 SUCCESS!
Target class: ApiControllerDocTesterTest    
1 class(es) found
Target method: testGetAndPostArticleViaJson
Class path: ninja-servlet-jpa-blog-integration-test/src/test/java/controllers/ApiControllerDocTesterTest.java

Method found! 
     public void testGetAndPostArticleViaJson() {

git reset --hard 0b3aa4dbf20d444841ebea229c8031b5b431ef52 SUCCESS!
Target class: ApplicationControllerTest    
3 class(es) found
Target method: testThatHomepageWorks
Class path: ninja-servlet-integration-test/src/test/java/controllers/ApplicationControllerTest.java

Missing method, searching on superclass...
Target superclass: NinjaTest
Class path: ./ninja-test-utilities/src/main/java/ninja/NinjaTest.java

Missing method, searching on superclass...
ApplicationControllerTest does not has superclass.
Class path: ninja-servlet-jpa-blog-archetype/src/main/resources/archetype-resources/src/test/java/controllers/ApplicationControllerTest.java

Method found! 
     public void testThatHomepageWorks() {

Class path: ninja-servlet-jpa-blog-integration-test/src/test/java/controllers/ApplicationControllerTest.java

Method found! 
     public void testThatHomepageWorks() {

git reset --hard 0f28e024199abe59769434c46c312adeef2fe326 SUCCESS!
Target class: ApplicationControllerTest    
3 class(es) found
Target method: testThatHomepageWorks
Class path: ninja-servlet-integration-test/src/test/java/controllers/ApplicationControllerTest.java

Missing method, searching on superclass...
Target superclass: NinjaTest
Class path: ./ninja-test-utilities/src/main/java/ninja/NinjaTest.java

Missing method, searching on superclass...
ApplicationControllerTest does not has superclass.
Class path: ninja-servlet-jpa-blog-archetype/src/main/resources/archetype-resources/src/test/java/controllers/ApplicationControllerTest.java

Method found! 
     public void testThatHomepageWorks() {

Class path: ninja-servlet-jpa-blog-integration-test/src/test/java/controllers/ApplicationControllerTest.java

Method found! 
     public void testThatHomepageWorks() {

git reset --hard 1058f0352bab1b9eb5bf16507562068f82e4c628 SUCCESS!
Target class: ApplicationControllerTest    
3 class(es) found
Target method: testThatHomepageWorks
Class path: ninja-servlet-integration-test/src/test/java/controllers/ApplicationControllerTest.java

Missing method, searching on superclass...
Target superclass: NinjaTest
Class path: ./ninja-test-utilities/src/main/java/ninja/NinjaTest.java

Missing method, searching on superclass...
ApplicationControllerTest does not has superclass.
Class path: ninja-servlet-jpa-blog-archetype/src/main/resources/archetype-resources/src/test/java/controllers/ApplicationControllerTest.java

Method found! 
     public void testThatHomepageWorks() {

Class path: ninja-servlet-jpa-blog-integration-test/src/test/java/controllers/ApplicationControllerTest.java

Method found! 
     public void testThatHomepageWorks() {

git reset --hard 1158fcd3b3887da37a4fb793f15b78f3090a3ddb SUCCESS!
Target class: ApplicationControllerTest    
3 class(es) found
Target method: testThatHomepageWorks
Class path: ninja-servlet-integration-test/src/test/java/controllers/ApplicationControllerTest.java

Missing method, searching on superclass...
Target superclass: NinjaTest
Class path: ./ninja-test-utilities/src/main/java/ninja/NinjaTest.java

Missing method, searching on superclass...
ApplicationControllerTest does not has superclass.
Class path: ninja-servlet-jpa-blog-archetype/src/main/resources/archetype-resources/src/test/java/controllers/ApplicationControllerTest.java

Method found! 
     public void testThatHomepageWorks() {

Class path: ninja-servlet-jpa-blog-integration-test/src/test/java/controllers/ApplicationControllerTest.java

Method found! 
     public void testThatHomepageWorks() {

git reset --hard 28d0b5f692d1e73e62ff9556d2dea1e4560d6bc7 SUCCESS!
Target class: RoutesTest    
2 class(es) found
Target method: testReverseRoutingWithArrayAndWrongAmountOfQueryParameters
Class path: ninja-servlet-integration-test/src/test/java/conf/RoutesTest.java

Method found! 
     public void testReverseRoutingWithArrayAndWrongAmountOfQueryParameters() {

Class path: ninja-servlet-jpa-blog-integration-test/src/test/java/controllers/RoutesTest.java

Missing method, searching on superclass...
Target superclass: NinjaRouterTest
Class path: ./ninja-test-utilities/src/main/java/ninja/NinjaRouterTest.java

Missing method, searching on superclass...
RoutesTest does not has superclass.
git reset --hard 28d0b5f692d1e73e62ff9556d2dea1e4560d6bc7 SUCCESS!
Target class: RoutesTest    
2 class(es) found
Target method: testReverseRoutingWithMap
Class path: ninja-servlet-integration-test/src/test/java/conf/RoutesTest.java

Method found! 
     public void testReverseRoutingWithMap() {
    public void testReverseRoutingWithMapAndQueryParameter() {

Class path: ninja-servlet-jpa-blog-integration-test/src/test/java/controllers/RoutesTest.java

Missing method, searching on superclass...
Target superclass: NinjaRouterTest
Class path: ./ninja-test-utilities/src/main/java/ninja/NinjaRouterTest.java

Missing method, searching on superclass...
RoutesTest does not has superclass.
git reset --hard 28d0b5f692d1e73e62ff9556d2dea1e4560d6bc7 SUCCESS!
Target class: RoutesTest    
2 class(es) found
Target method: testReverseRoutingWithoutMap
Class path: ninja-servlet-integration-test/src/test/java/conf/RoutesTest.java

Method found! 
     public void testReverseRoutingWithoutMap() {

Class path: ninja-servlet-jpa-blog-integration-test/src/test/java/controllers/RoutesTest.java

Missing method, searching on superclass...
Target superclass: NinjaRouterTest
Class path: ./ninja-test-utilities/src/main/java/ninja/NinjaRouterTest.java

Missing method, searching on superclass...
RoutesTest does not has superclass.
git reset --hard 28d0b5f692d1e73e62ff9556d2dea1e4560d6bc7 SUCCESS!
Target class: RoutesTest    
2 class(es) found
Target method: testRoutes
Class path: ninja-servlet-integration-test/src/test/java/conf/RoutesTest.java

Method found! 
     public void testRoutes() {

Class path: ninja-servlet-jpa-blog-integration-test/src/test/java/controllers/RoutesTest.java

Missing method, searching on superclass...
Target superclass: NinjaRouterTest
Class path: ./ninja-test-utilities/src/main/java/ninja/NinjaRouterTest.java

Missing method, searching on superclass...
RoutesTest does not has superclass.
git reset --hard 28d0b5f692d1e73e62ff9556d2dea1e4560d6bc7 SUCCESS!
Target class: RoutesTest    
2 class(es) found
Target method: testTestRoutesAreHiddenFromProduction
Class path: ninja-servlet-integration-test/src/test/java/conf/RoutesTest.java

Method found! 
     public void testTestRoutesAreHiddenFromProduction() {

Class path: ninja-servlet-jpa-blog-integration-test/src/test/java/controllers/RoutesTest.java

Missing method, searching on superclass...
Target superclass: NinjaRouterTest
Class path: ./ninja-test-utilities/src/main/java/ninja/NinjaRouterTest.java

Missing method, searching on superclass...
RoutesTest does not has superclass.
git reset --hard 28d0b5f692d1e73e62ff9556d2dea1e4560d6bc7 SUCCESS!
Target class: ApiControllerDocTest    
1 class(es) found
Target method: testGetAndPostArticleViaJson
Class path: ninja-servlet-jpa-blog-integration-test/src/test/java/controllers/ApiControllerDocTest.java

Method found! 
     public void testGetAndPostArticleViaJson() throws Exception {

git reset --hard 28d0b5f692d1e73e62ff9556d2dea1e4560d6bc7 SUCCESS!
Target class: ApiControllerDocTesterTest    
3 class(es) found
Target method: testGetAndPostArticleViaJson
Class path: ninja-servlet-archetype-simple/src/main/resources/archetype-resources/src/test/java/controllers/ApiControllerDocTesterTest.java

Missing method, searching on superclass...
Target superclass: NinjaDocTester
Class path: ./ninja-test-utilities/src/main/java/ninja/NinjaDocTester.java

Missing method, searching on superclass...
Can´t find superclass DocTester.
Class path: ninja-servlet-jpa-blog-archetype/src/main/resources/archetype-resources/src/test/java/controllers/ApiControllerDocTesterTest.java

Method found! 
     public void testGetAndPostArticleViaJson() {

Class path: ninja-servlet-jpa-blog-integration-test/src/test/java/controllers/ApiControllerDocTesterTest.java

Method found! 
     public void testGetAndPostArticleViaJson() {

git reset --hard 28d0b5f692d1e73e62ff9556d2dea1e4560d6bc7 SUCCESS!
Target class: ApiControllerTest    
2 class(es) found
Target method: testGetAndPostArticleViaJson
Class path: ninja-servlet-jpa-blog-archetype/src/main/resources/archetype-resources/src/test/java/controllers/ApiControllerTest.java

Method found! 
     public void testGetAndPostArticleViaJson() throws Exception {

Class path: ninja-servlet-jpa-blog-integration-test/src/test/java/controllers/ApiControllerTest.java

Method found! 
     public void testGetAndPostArticleViaJson() throws Exception {

git reset --hard 28d0b5f692d1e73e62ff9556d2dea1e4560d6bc7 SUCCESS!
Target class: ApiControllerTest    
2 class(es) found
Target method: testGetAndPostArticleViaXml
Class path: ninja-servlet-jpa-blog-archetype/src/main/resources/archetype-resources/src/test/java/controllers/ApiControllerTest.java

Method found! 
     public void testGetAndPostArticleViaXml() throws Exception {

Class path: ninja-servlet-jpa-blog-integration-test/src/test/java/controllers/ApiControllerTest.java

Method found! 
     public void testGetAndPostArticleViaXml() throws Exception {

git reset --hard 28d0b5f692d1e73e62ff9556d2dea1e4560d6bc7 SUCCESS!
Target class: ApplicationControllerFluentLeniumTest    
2 class(es) found
Target method: testThatHomepageWorks
Class path: ninja-servlet-jpa-blog-archetype/src/main/resources/archetype-resources/src/test/java/controllers/ApplicationControllerFluentLeniumTest.java

Method found! 
     public void testThatHomepageWorks() {

Class path: ninja-servlet-jpa-blog-integration-test/src/test/java/controllers/ApplicationControllerFluentLeniumTest.java

Method found! 
     public void testThatHomepageWorks() {

git reset --hard 28d0b5f692d1e73e62ff9556d2dea1e4560d6bc7 SUCCESS!
Target class: AssetsControllerTest    
2 class(es) found
Target method: testThatAssetsWork
Class path: ninja-core/src/test/java/ninja/AssetsControllerTest.java

Missing method, searching on superclass...
AssetsControllerTest does not has superclass.
Class path: ninja-servlet-integration-test/src/test/java/controllers/AssetsControllerTest.java

Method found! 
     public void testThatAssetsWork() {

git reset --hard 28d0b5f692d1e73e62ff9556d2dea1e4560d6bc7 SUCCESS!
Target class: AssetsControllerTest    
2 class(es) found
Target method: testThatMetaInfIntegrationWorks
Class path: ninja-core/src/test/java/ninja/AssetsControllerTest.java

Missing method, searching on superclass...
AssetsControllerTest does not has superclass.
Class path: ninja-servlet-integration-test/src/test/java/controllers/AssetsControllerTest.java

Method found! 
     public void testThatMetaInfIntegrationWorks() {

git reset --hard 28d0b5f692d1e73e62ff9556d2dea1e4560d6bc7 SUCCESS!
Target class: AssetsControllerTest    
2 class(es) found
Target method: testThatSettingOfMimeTypeWorks
Class path: ninja-core/src/test/java/ninja/AssetsControllerTest.java

Missing method, searching on superclass...
AssetsControllerTest does not has superclass.
Class path: ninja-servlet-integration-test/src/test/java/controllers/AssetsControllerTest.java

Method found! 
     public void testThatSettingOfMimeTypeWorks() {

git reset --hard 28d0b5f692d1e73e62ff9556d2dea1e4560d6bc7 SUCCESS!
Target class: AssetsControllerTest    
2 class(es) found
Target method: testThatStaticAssetsDoNotSetNinjaCookies
Class path: ninja-core/src/test/java/ninja/AssetsControllerTest.java

Missing method, searching on superclass...
AssetsControllerTest does not has superclass.
Class path: ninja-servlet-integration-test/src/test/java/controllers/AssetsControllerTest.java

Method found! 
     public void testThatStaticAssetsDoNotSetNinjaCookies() {

git reset --hard 28d0b5f692d1e73e62ff9556d2dea1e4560d6bc7 SUCCESS!
Target class: I18nControllerTest    
1 class(es) found
Target method: testThatExplicitLangSettingWorks
Class path: ninja-servlet-integration-test/src/test/java/controllers/I18nControllerTest.java

Method found! 
     public void testThatExplicitLangSettingWorks() {

git reset --hard 28d0b5f692d1e73e62ff9556d2dea1e4560d6bc7 SUCCESS!
Target class: I18nControllerTest    
1 class(es) found
Target method: testThatI18nWorksDe
Class path: ninja-servlet-integration-test/src/test/java/controllers/I18nControllerTest.java

Method found! 
     public void testThatI18nWorksDe() {

git reset --hard 28d0b5f692d1e73e62ff9556d2dea1e4560d6bc7 SUCCESS!
Target class: I18nControllerTest    
1 class(es) found
Target method: testThatI18nWorksEn
Class path: ninja-servlet-integration-test/src/test/java/controllers/I18nControllerTest.java

Method found! 
     public void testThatI18nWorksEn() {

git reset --hard 28d0b5f692d1e73e62ff9556d2dea1e4560d6bc7 SUCCESS!
Target class: I18nControllerTest    
1 class(es) found
Target method: testThatImplicitParameterWorks
Class path: ninja-servlet-integration-test/src/test/java/controllers/I18nControllerTest.java

Method found! 
     public void testThatImplicitParameterWorks() {

git reset --hard 28d0b5f692d1e73e62ff9556d2dea1e4560d6bc7 SUCCESS!
Target class: LoginLogoutControllerTest    
2 class(es) found
Target method: testLogingLogout
Class path: ninja-servlet-jpa-blog-archetype/src/main/resources/archetype-resources/src/test/java/controllers/LoginLogoutControllerTest.java

Method found! 
     public void testLogingLogout() {

Class path: ninja-servlet-jpa-blog-integration-test/src/test/java/controllers/LoginLogoutControllerTest.java

Method found! 
     public void testLogingLogout() {

git reset --hard 28d0b5f692d1e73e62ff9556d2dea1e4560d6bc7 SUCCESS!
Target class: NotFoundTest    
1 class(es) found
Target method: testThatNotFoundWorks
Class path: ninja-servlet-integration-test/src/test/java/controllers/NotFoundTest.java

Method found! 
 	public void testThatNotFoundWorks() {

git reset --hard 28d0b5f692d1e73e62ff9556d2dea1e4560d6bc7 SUCCESS!
Target class: PersonControllerTest    
1 class(es) found
Target method: testPostPersonJson
Class path: ninja-servlet-integration-test/src/test/java/controllers/PersonControllerTest.java

Method found! 
     public void testPostPersonJson() throws Exception {

git reset --hard 28d0b5f692d1e73e62ff9556d2dea1e4560d6bc7 SUCCESS!
Target class: PersonControllerTest    
1 class(es) found
Target method: testPostPersonXml
Class path: ninja-servlet-integration-test/src/test/java/controllers/PersonControllerTest.java

Method found! 
     public void testPostPersonXml() throws Exception {

git reset --hard 28d0b5f692d1e73e62ff9556d2dea1e4560d6bc7 SUCCESS!
Target class: RoutesTest    
2 class(es) found
Target method: testRouting
Class path: ninja-servlet-integration-test/src/test/java/conf/RoutesTest.java

Missing method, searching on superclass...
Target superclass: NinjaRouterTest
Class path: ./ninja-test-utilities/src/main/java/ninja/NinjaRouterTest.java

Missing method, searching on superclass...
RoutesTest does not has superclass.
Class path: ninja-servlet-jpa-blog-integration-test/src/test/java/controllers/RoutesTest.java

Method found! 
     public void testRouting() {

git reset --hard 28d0b5f692d1e73e62ff9556d2dea1e4560d6bc7 SUCCESS!
Target class: RoutesTest    
2 class(es) found
Target method: testThatSetupIsNotAccessibleInProd
Class path: ninja-servlet-integration-test/src/test/java/conf/RoutesTest.java

Missing method, searching on superclass...
Target superclass: NinjaRouterTest
Class path: ./ninja-test-utilities/src/main/java/ninja/NinjaRouterTest.java

Missing method, searching on superclass...
RoutesTest does not has superclass.
Class path: ninja-servlet-jpa-blog-integration-test/src/test/java/controllers/RoutesTest.java

Method found! 
     public void testThatSetupIsNotAccessibleInProd() {

git reset --hard 28d0b5f692d1e73e62ff9556d2dea1e4560d6bc7 SUCCESS!
Target class: UploadControllerTest    
1 class(es) found
Target method: testHtmlEscapingInTeamplateWorks
Class path: ninja-servlet-integration-test/src/test/java/controllers/UploadControllerTest.java

Method found! 
 	public void testHtmlEscapingInTeamplateWorks() {

git reset --hard 28d0b5f692d1e73e62ff9556d2dea1e4560d6bc7 SUCCESS!
Target class: UploadControllerTest    
1 class(es) found
Target method: testThatUploadWorks
Class path: ninja-servlet-integration-test/src/test/java/controllers/UploadControllerTest.java

Method found! 
 	public void testThatUploadWorks() {

git reset --hard 28d0b5f692d1e73e62ff9556d2dea1e4560d6bc7 SUCCESS!
Target class: ExampleApiTest    
1 class(es) found
Target method: testThatInjectorAccessibleFromNinjaTestIsTheApplicationInjector
Class path: ninja-servlet-integration-test/src/test/java/example/ExampleApiTest.java

Method found! 
     public void testThatInjectorAccessibleFromNinjaTestIsTheApplicationInjector() {

git reset --hard 28d0b5f692d1e73e62ff9556d2dea1e4560d6bc7 SUCCESS!
Target class: ExampleApiTest    
1 class(es) found
Target method: testThatStaticAssetsWork
Class path: ninja-servlet-integration-test/src/test/java/example/ExampleApiTest.java

Method found! 
     public void testThatStaticAssetsWork() {

git reset --hard 28d0b5f692d1e73e62ff9556d2dea1e4560d6bc7 SUCCESS!
Target class: ExampleIntegrationTest    
1 class(es) found
Target method: testIndexRoute
Class path: ninja-servlet-integration-test/src/test/java/example/ExampleIntegrationTest.java

Method found! 
     public void testIndexRoute() {

git reset --hard 28d0b5f692d1e73e62ff9556d2dea1e4560d6bc7 SUCCESS!
Target class: ExampleIntegrationTest    
1 class(es) found
Target method: testThatInvalidStaticAssetsAreNotFound
Class path: ninja-servlet-integration-test/src/test/java/example/ExampleIntegrationTest.java

Method found! 
     public void testThatInvalidStaticAssetsAreNotFound() {

git reset --hard 28d0b5f692d1e73e62ff9556d2dea1e4560d6bc7 SUCCESS!
Target class: ExampleIntegrationTest    
1 class(es) found
Target method: testThatStaticAssetsWork
Class path: ninja-servlet-integration-test/src/test/java/example/ExampleIntegrationTest.java

Method found! 
     public void testThatStaticAssetsWork() {

git reset --hard 2de58bf0f692cf3e303ca11c3ced388effccbc79 SUCCESS!
Target class: ApplicationControllerTest    
3 class(es) found
Target method: testThatHomepageWorks
Class path: ninja-servlet-integration-test/src/test/java/controllers/ApplicationControllerTest.java

Missing method, searching on superclass...
Target superclass: NinjaTest
Class path: ./ninja-test-utilities/src/main/java/ninja/NinjaTest.java

Missing method, searching on superclass...
ApplicationControllerTest does not has superclass.
Class path: ninja-servlet-jpa-blog-archetype/src/main/resources/archetype-resources/src/test/java/controllers/ApplicationControllerTest.java

Method found! 
     public void testThatHomepageWorks() {

Class path: ninja-servlet-jpa-blog-integration-test/src/test/java/controllers/ApplicationControllerTest.java

Method found! 
     public void testThatHomepageWorks() {

git reset --hard 35a5ca4b5c649be04a3253780bba7be62bced88f SUCCESS!
Target class: ApplicationControllerTest    
3 class(es) found
Target method: testThatHomepageWorks
Class path: ninja-servlet-integration-test/src/test/java/controllers/ApplicationControllerTest.java

Missing method, searching on superclass...
Target superclass: NinjaTest
Class path: ./ninja-test-utilities/src/main/java/ninja/NinjaTest.java

Missing method, searching on superclass...
ApplicationControllerTest does not has superclass.
Class path: ninja-servlet-jpa-blog-archetype/src/main/resources/archetype-resources/src/test/java/controllers/ApplicationControllerTest.java

Method found! 
     public void testThatHomepageWorks() {

Class path: ninja-servlet-jpa-blog-integration-test/src/test/java/controllers/ApplicationControllerTest.java

Method found! 
     public void testThatHomepageWorks() {

git reset --hard 414def639f9a286d6f4b14dfa538d3fd42403cf0 SUCCESS!
Target class: ApiControllerDocTest    
3 class(es) found
Target method: testGetAndPostArticleViaJson
Class path: ninja-maven-plugin/integration-test/src/test/java/controllers/ApiControllerDocTest.java

Method found! 
     public void testGetAndPostArticleViaJson() throws Exception {

Class path: ninja-servlet-jpa-blog-archetype/src/main/resources/archetype-resources/src/test/java/controllers/ApiControllerDocTest.java

Method found! 
     public void testGetAndPostArticleViaJson() throws Exception {

Class path: ninja-servlet-jpa-blog-integration-test/src/test/java/controllers/ApiControllerDocTest.java

Method found! 
     public void testGetAndPostArticleViaJson() throws Exception {

git reset --hard 42b66df5ea1b3e85b54b9a084b777ee97cf84063 SUCCESS!
Target class: ApplicationControllerTest    
4 class(es) found
Target method: testThatHomepageWorks
Class path: ninja-maven-plugin/integration-test/src/test/java/controllers/ApplicationControllerTest.java

Method found! 
     public void testThatHomepageWorks() {

Class path: ninja-servlet-integration-test/src/test/java/controllers/ApplicationControllerTest.java

Missing method, searching on superclass...
Target superclass: NinjaTest
Class path: ./ninja-test-utilities/src/main/java/ninja/NinjaTest.java

Missing method, searching on superclass...
ApplicationControllerTest does not has superclass.
Class path: ninja-servlet-jpa-blog-archetype/src/main/resources/archetype-resources/src/test/java/controllers/ApplicationControllerTest.java

Method found! 
     public void testThatHomepageWorks() {

Class path: ninja-servlet-jpa-blog-integration-test/src/test/java/controllers/ApplicationControllerTest.java

Method found! 
     public void testThatHomepageWorks() {

git reset --hard 43d3ab07dbf4890dc4c0a5e362347e2626bbc726 SUCCESS!
Target class: ApplicationControllerTest    
3 class(es) found
Target method: testThatHomepageWorks
Class path: ninja-servlet-integration-test/src/test/java/controllers/ApplicationControllerTest.java

Missing method, searching on superclass...
Target superclass: NinjaTest
Class path: ./ninja-test-utilities/src/main/java/ninja/NinjaTest.java

Missing method, searching on superclass...
ApplicationControllerTest does not has superclass.
Class path: ninja-servlet-jpa-blog-archetype/src/main/resources/archetype-resources/src/test/java/controllers/ApplicationControllerTest.java

Method found! 
     public void testThatHomepageWorks() {

Class path: ninja-servlet-jpa-blog-integration-test/src/test/java/controllers/ApplicationControllerTest.java

Method found! 
     public void testThatHomepageWorks() {

git reset --hard 4571346261c33d6110639879902db81d875c02f0 SUCCESS!
Target class: ApiControllerDocTest    
1 class(es) found
Target method: testGetAndPostArticleViaJson
Class path: ninja-servlet-jpa-blog-integration-test/src/test/java/controllers/ApiControllerDocTest.java

Method found! 
     public void testGetAndPostArticleViaJson() throws Exception {

git reset --hard 4571346261c33d6110639879902db81d875c02f0 SUCCESS!
Target class: ApiControllerDocTesterTest    
3 class(es) found
Target method: testGetAndPostArticleViaJson
Class path: ninja-servlet-archetype-simple/src/main/resources/archetype-resources/src/test/java/controllers/ApiControllerDocTesterTest.java

Missing method, searching on superclass...
Target superclass: NinjaDocTester
Class path: ./ninja-test-utilities/src/main/java/ninja/NinjaDocTester.java

Missing method, searching on superclass...
Can´t find superclass DocTester.
Class path: ninja-servlet-jpa-blog-archetype/src/main/resources/archetype-resources/src/test/java/controllers/ApiControllerDocTesterTest.java

Method found! 
     public void testGetAndPostArticleViaJson() {

Class path: ninja-servlet-jpa-blog-integration-test/src/test/java/controllers/ApiControllerDocTesterTest.java

Method found! 
     public void testGetAndPostArticleViaJson() {

git reset --hard 506eeae7f5ff66ceb25284fa11ce1dc56ad384e4 SUCCESS!
Target class: ApplicationControllerTest    
3 class(es) found
Target method: testThatHomepageWorks
Class path: ninja-servlet-integration-test/src/test/java/controllers/ApplicationControllerTest.java

Missing method, searching on superclass...
Target superclass: NinjaTest
Class path: ./ninja-test-utilities/src/main/java/ninja/NinjaTest.java

Missing method, searching on superclass...
ApplicationControllerTest does not has superclass.
Class path: ninja-servlet-jpa-blog-archetype/src/main/resources/archetype-resources/src/test/java/controllers/ApplicationControllerTest.java

Method found! 
     public void testThatHomepageWorks() {

Class path: ninja-servlet-jpa-blog-integration-test/src/test/java/controllers/ApplicationControllerTest.java

Method found! 
     public void testThatHomepageWorks() {

git reset --hard 54d025619e2aa926cf2a11dd80d4f38d01a58ffb SUCCESS!
Target class: ApplicationControllerTest    
3 class(es) found
Target method: testThatHomepageWorks
Class path: ninja-servlet-integration-test/src/test/java/controllers/ApplicationControllerTest.java

Missing method, searching on superclass...
Target superclass: NinjaTest
Class path: ./ninja-test-utilities/src/main/java/ninja/NinjaTest.java

Missing method, searching on superclass...
ApplicationControllerTest does not has superclass.
Class path: ninja-servlet-jpa-blog-archetype/src/main/resources/archetype-resources/src/test/java/controllers/ApplicationControllerTest.java

Method found! 
     public void testThatHomepageWorks() {

Class path: ninja-servlet-jpa-blog-integration-test/src/test/java/controllers/ApplicationControllerTest.java

Method found! 
     public void testThatHomepageWorks() {

git reset --hard 56f1acb5515ca8f14f28dc24f0ab13943bbcc270 SUCCESS!
Target class: ApplicationControllerTest    
4 class(es) found
Target method: testThatHomepageWorks
Class path: ninja-maven-plugin/integration-test/src/test/java/controllers/ApplicationControllerTest.java

Method found! 
     public void testThatHomepageWorks() {

Class path: ninja-servlet-integration-test/src/test/java/controllers/ApplicationControllerTest.java

Missing method, searching on superclass...
Target superclass: NinjaTest
Class path: ./ninja-test-utilities/src/main/java/ninja/NinjaTest.java

Missing method, searching on superclass...
ApplicationControllerTest does not has superclass.
Class path: ninja-servlet-jpa-blog-archetype/src/main/resources/archetype-resources/src/test/java/controllers/ApplicationControllerTest.java

Method found! 
     public void testThatHomepageWorks() {

Class path: ninja-servlet-jpa-blog-integration-test/src/test/java/controllers/ApplicationControllerTest.java

Method found! 
     public void testThatHomepageWorks() {

git reset --hard 58070079d7ba781afce3cc043cd981e9b91be8d8 SUCCESS!
Target class: ApplicationControllerTest    
3 class(es) found
Target method: testThatHomepageWorks
Class path: ninja-servlet-integration-test/src/test/java/controllers/ApplicationControllerTest.java

Missing method, searching on superclass...
Target superclass: NinjaTest
Class path: ./ninja-test-utilities/src/main/java/ninja/NinjaTest.java

Missing method, searching on superclass...
ApplicationControllerTest does not has superclass.
Class path: ninja-servlet-jpa-blog-archetype/src/main/resources/archetype-resources/src/test/java/controllers/ApplicationControllerTest.java

Method found! 
     public void testThatHomepageWorks() {

Class path: ninja-servlet-jpa-blog-integration-test/src/test/java/controllers/ApplicationControllerTest.java

Method found! 
     public void testThatHomepageWorks() {

git reset --hard 5881dc74dc1e47012145c5384ff5bdbb89dcf2ca SUCCESS!
Target class: ApiControllerDocTesterTest    
1 class(es) found
Target method: testGetAndPostArticleViaJson
Class path: ninja-servlet-jpa-blog-integration-test/src/test/java/controllers/ApiControllerDocTesterTest.java

Method found! 
     public void testGetAndPostArticleViaJson() {

git reset --hard 5881dc74dc1e47012145c5384ff5bdbb89dcf2ca SUCCESS!
Target class: ApiControllerTest    
3 class(es) found
Target method: testGetAndPostArticleViaJson
Class path: ninja-maven-plugin/integration-test/src/test/java/controllers/ApiControllerTest.java

Method found! 
     public void testGetAndPostArticleViaJson() throws Exception {

Class path: ninja-servlet-jpa-blog-archetype/src/main/resources/archetype-resources/src/test/java/controllers/ApiControllerTest.java

Method found! 
     public void testGetAndPostArticleViaJson() throws Exception {

Class path: ninja-servlet-jpa-blog-integration-test/src/test/java/controllers/ApiControllerTest.java

Method found! 
     public void testGetAndPostArticleViaJson() throws Exception {

git reset --hard 5881dc74dc1e47012145c5384ff5bdbb89dcf2ca SUCCESS!
Target class: ApiControllerTest    
3 class(es) found
Target method: testGetAndPostArticleViaXml
Class path: ninja-maven-plugin/integration-test/src/test/java/controllers/ApiControllerTest.java

Method found! 
     public void testGetAndPostArticleViaXml() throws Exception {

Class path: ninja-servlet-jpa-blog-archetype/src/main/resources/archetype-resources/src/test/java/controllers/ApiControllerTest.java

Method found! 
     public void testGetAndPostArticleViaXml() throws Exception {

Class path: ninja-servlet-jpa-blog-integration-test/src/test/java/controllers/ApiControllerTest.java

Method found! 
     public void testGetAndPostArticleViaXml() throws Exception {

git reset --hard 5881dc74dc1e47012145c5384ff5bdbb89dcf2ca SUCCESS!
Target class: ApplicationControllerTest    
4 class(es) found
Target method: testThatSetupInitializationCreatesTheTestUsers
Class path: ninja-maven-plugin/integration-test/src/test/java/controllers/ApplicationControllerTest.java

Missing method, searching on superclass...
Target superclass: NinjaTest
Class path: ./ninja-test-utilities/src/main/java/ninja/NinjaTest.java

Missing method, searching on superclass...
ApplicationControllerTest does not has superclass.
Class path: ninja-servlet-integration-test/src/test/java/controllers/ApplicationControllerTest.java

Missing method, searching on superclass...
Target superclass: NinjaTest
Class path: ./ninja-test-utilities/src/main/java/ninja/NinjaTest.java

Missing method, searching on superclass...
ApplicationControllerTest does not has superclass.
Class path: ninja-servlet-jpa-blog-archetype/src/main/resources/archetype-resources/src/test/java/controllers/ApplicationControllerTest.java

Missing method, searching on superclass...
Target superclass: NinjaTest
Class path: ./ninja-test-utilities/src/main/java/ninja/NinjaTest.java

Missing method, searching on superclass...
ApplicationControllerTest does not has superclass.
Class path: ninja-servlet-jpa-blog-integration-test/src/test/java/controllers/ApplicationControllerTest.java

Method found! 
     public void testThatSetupInitializationCreatesTheTestUsers(){

git reset --hard 5ee27aca86eeaefa7eff13b2b6185ace836754ae SUCCESS!
Target class: ApiControllerDocTest    
2 class(es) found
Target method: testGetAndPostArticleViaJson
Class path: ninja-servlet-jpa-blog-archetype/src/main/resources/archetype-resources/src/test/java/controllers/ApiControllerDocTest.java

Method found! 
     public void testGetAndPostArticleViaJson() throws Exception {

Class path: ninja-servlet-jpa-blog-integration-test/src/test/java/controllers/ApiControllerDocTest.java

Method found! 
     public void testGetAndPostArticleViaJson() throws Exception {

git reset --hard 5ee27aca86eeaefa7eff13b2b6185ace836754ae SUCCESS!
Target class: ApiControllerTest    
2 class(es) found
Target method: testGetAndPostArticleViaJson
Class path: ninja-servlet-jpa-blog-archetype/src/main/resources/archetype-resources/src/test/java/controllers/ApiControllerTest.java

Method found! 
     public void testGetAndPostArticleViaJson() throws Exception {

Class path: ninja-servlet-jpa-blog-integration-test/src/test/java/controllers/ApiControllerTest.java

Method found! 
     public void testGetAndPostArticleViaJson() throws Exception {

git reset --hard 5ee27aca86eeaefa7eff13b2b6185ace836754ae SUCCESS!
Target class: ApiControllerTest    
2 class(es) found
Target method: testGetAndPostArticleViaXml
Class path: ninja-servlet-jpa-blog-archetype/src/main/resources/archetype-resources/src/test/java/controllers/ApiControllerTest.java

Method found! 
     public void testGetAndPostArticleViaXml() throws Exception {

Class path: ninja-servlet-jpa-blog-integration-test/src/test/java/controllers/ApiControllerTest.java

Method found! 
     public void testGetAndPostArticleViaXml() throws Exception {

git reset --hard 5f4ad111be472161e6455f9ae42f513376491655 SUCCESS!
Target class: ApiControllerDocTest    
2 class(es) found
Target method: testGetAndPostArticleViaJson
Class path: ninja-servlet-jpa-blog-archetype/src/main/resources/archetype-resources/src/test/java/controllers/ApiControllerDocTest.java

Method found! 
     public void testGetAndPostArticleViaJson() throws Exception {

Class path: ninja-servlet-jpa-blog-integration-test/src/test/java/controllers/ApiControllerDocTest.java

Method found! 
     public void testGetAndPostArticleViaJson() throws Exception {

git reset --hard 5f4ad111be472161e6455f9ae42f513376491655 SUCCESS!
Target class: ApiControllerDocTesterTest    
1 class(es) found
Target method: testGetAndPostArticleViaJson
Class path: ninja-servlet-jpa-blog-integration-test/src/test/java/controllers/ApiControllerDocTesterTest.java

Method found! 
     public void testGetAndPostArticleViaJson() {

git reset --hard 5f4ad111be472161e6455f9ae42f513376491655 SUCCESS!
Target class: ApiControllerTest    
2 class(es) found
Target method: testGetAndPostArticleViaJson
Class path: ninja-servlet-jpa-blog-archetype/src/main/resources/archetype-resources/src/test/java/controllers/ApiControllerTest.java

Method found! 
     public void testGetAndPostArticleViaJson() throws Exception {

Class path: ninja-servlet-jpa-blog-integration-test/src/test/java/controllers/ApiControllerTest.java

Method found! 
     public void testGetAndPostArticleViaJson() throws Exception {

git reset --hard 5f4ad111be472161e6455f9ae42f513376491655 SUCCESS!
Target class: ApplicationControllerTest    
3 class(es) found
Target method: testThatSetupInitializationCreatesTheTestUsers
Class path: ninja-servlet-integration-test/src/test/java/controllers/ApplicationControllerTest.java

Missing method, searching on superclass...
Target superclass: NinjaTest
Class path: ./ninja-test-utilities/src/main/java/ninja/NinjaTest.java

Missing method, searching on superclass...
ApplicationControllerTest does not has superclass.
Class path: ninja-servlet-jpa-blog-archetype/src/main/resources/archetype-resources/src/test/java/controllers/ApplicationControllerTest.java

Missing method, searching on superclass...
Target superclass: NinjaTest
Class path: ./ninja-test-utilities/src/main/java/ninja/NinjaTest.java

Missing method, searching on superclass...
ApplicationControllerTest does not has superclass.
Class path: ninja-servlet-jpa-blog-integration-test/src/test/java/controllers/ApplicationControllerTest.java

Method found! 
     public void testThatSetupInitializationCreatesTheTestUsers(){

git reset --hard 615a97ff1e8fad3c676804c37aaf2563daea8046 SUCCESS!
Target class: ApplicationControllerTest    
3 class(es) found
Target method: testThatHomepageWorks
Class path: ninja-servlet-integration-test/src/test/java/controllers/ApplicationControllerTest.java

Missing method, searching on superclass...
Target superclass: NinjaTest
Class path: ./ninja-test-utilities/src/main/java/ninja/NinjaTest.java

Missing method, searching on superclass...
ApplicationControllerTest does not has superclass.
Class path: ninja-servlet-jpa-blog-archetype/src/main/resources/archetype-resources/src/test/java/controllers/ApplicationControllerTest.java

Method found! 
     public void testThatHomepageWorks() {

Class path: ninja-servlet-jpa-blog-integration-test/src/test/java/controllers/ApplicationControllerTest.java

Method found! 
     public void testThatHomepageWorks() {

git reset --hard 61bc1f275b3a52b39f0b14ab896416de664e8db6 SUCCESS!
Target class: ApplicationControllerTest    
3 class(es) found
Target method: testThatHomepageWorks
Class path: ninja-servlet-integration-test/src/test/java/controllers/ApplicationControllerTest.java

Missing method, searching on superclass...
Target superclass: NinjaTest
Class path: ./ninja-test-utilities/src/main/java/ninja/NinjaTest.java

Missing method, searching on superclass...
ApplicationControllerTest does not has superclass.
Class path: ninja-servlet-jpa-blog-archetype/src/main/resources/archetype-resources/src/test/java/controllers/ApplicationControllerTest.java

Method found! 
     public void testThatHomepageWorks() {

Class path: ninja-servlet-jpa-blog-integration-test/src/test/java/controllers/ApplicationControllerTest.java

Method found! 
     public void testThatHomepageWorks() {

git reset --hard 6c47516d762f94f1c25d6ec01d3b6fd09969ef87 SUCCESS!
Target class: ApplicationControllerTest    
3 class(es) found
Target method: testThatHomepageWorks
Class path: ninja-servlet-integration-test/src/test/java/controllers/ApplicationControllerTest.java

Missing method, searching on superclass...
Target superclass: NinjaTest
Class path: ./ninja-test-utilities/src/main/java/ninja/NinjaTest.java

Missing method, searching on superclass...
ApplicationControllerTest does not has superclass.
Class path: ninja-servlet-jpa-blog-archetype/src/main/resources/archetype-resources/src/test/java/controllers/ApplicationControllerTest.java

Method found! 
     public void testThatHomepageWorks() {

Class path: ninja-servlet-jpa-blog-integration-test/src/test/java/controllers/ApplicationControllerTest.java

Method found! 
     public void testThatHomepageWorks() {

git reset --hard 6c6e49ed0ee1015930c855bab4d4145fdb6711d1 SUCCESS!
Target class: ApplicationControllerTest    
3 class(es) found
Target method: testThatHomepageWorks
Class path: ninja-servlet-integration-test/src/test/java/controllers/ApplicationControllerTest.java

Missing method, searching on superclass...
Target superclass: NinjaTest
Class path: ./ninja-test-utilities/src/main/java/ninja/NinjaTest.java

Missing method, searching on superclass...
ApplicationControllerTest does not has superclass.
Class path: ninja-servlet-jpa-blog-archetype/src/main/resources/archetype-resources/src/test/java/controllers/ApplicationControllerTest.java

Method found! 
     public void testThatHomepageWorks() {

Class path: ninja-servlet-jpa-blog-integration-test/src/test/java/controllers/ApplicationControllerTest.java

Method found! 
     public void testThatHomepageWorks() {

git reset --hard 74f8cab5643b24dcaf82d8a0efcd1459a86e5f18 SUCCESS!
Target class: ApplicationControllerTest    
4 class(es) found
Target method: testThatHomepageWorks
Class path: ninja-maven-plugin/integration-test/src/test/java/controllers/ApplicationControllerTest.java

Method found! 
     public void testThatHomepageWorks() {

Class path: ninja-servlet-integration-test/src/test/java/controllers/ApplicationControllerTest.java

Missing method, searching on superclass...
Target superclass: NinjaTest
Class path: ./ninja-test-utilities/src/main/java/ninja/NinjaTest.java

Missing method, searching on superclass...
ApplicationControllerTest does not has superclass.
Class path: ninja-servlet-jpa-blog-archetype/src/main/resources/archetype-resources/src/test/java/controllers/ApplicationControllerTest.java

Method found! 
     public void testThatHomepageWorks() {

Class path: ninja-servlet-jpa-blog-integration-test/src/test/java/controllers/ApplicationControllerTest.java

Method found! 
     public void testThatHomepageWorks() {

git reset --hard 8095f0857282e5de9d124bfde9b636bb307eb138 SUCCESS!
Target class: ApplicationControllerTest    
3 class(es) found
Target method: testThatHomepageWorks
Class path: ninja-servlet-integration-test/src/test/java/controllers/ApplicationControllerTest.java

Missing method, searching on superclass...
Target superclass: NinjaTest
Class path: ./ninja-test-utilities/src/main/java/ninja/NinjaTest.java

Missing method, searching on superclass...
ApplicationControllerTest does not has superclass.
Class path: ninja-servlet-jpa-blog-archetype/src/main/resources/archetype-resources/src/test/java/controllers/ApplicationControllerTest.java

Method found! 
     public void testThatHomepageWorks() {

Class path: ninja-servlet-jpa-blog-integration-test/src/test/java/controllers/ApplicationControllerTest.java

Method found! 
     public void testThatHomepageWorks() {

git reset --hard 83affc3b5636f8d3ea61f48590d1e12266baee3b SUCCESS!
Target class: ApplicationControllerTest    
3 class(es) found
Target method: testThatHomepageWorks
Class path: ninja-servlet-integration-test/src/test/java/controllers/ApplicationControllerTest.java

Missing method, searching on superclass...
Target superclass: NinjaTest
Class path: ./ninja-test-utilities/src/main/java/ninja/NinjaTest.java

Missing method, searching on superclass...
ApplicationControllerTest does not has superclass.
Class path: ninja-servlet-jpa-blog-archetype/src/main/resources/archetype-resources/src/test/java/controllers/ApplicationControllerTest.java

Method found! 
     public void testThatHomepageWorks() {

Class path: ninja-servlet-jpa-blog-integration-test/src/test/java/controllers/ApplicationControllerTest.java

Method found! 
     public void testThatHomepageWorks() {

git reset --hard 852f7ed70a7a07375cb6687a64de3d2a9110fae7 SUCCESS!
Target class: ApplicationControllerTest    
3 class(es) found
Target method: testThatHomepageWorks
Class path: ninja-servlet-integration-test/src/test/java/controllers/ApplicationControllerTest.java

Missing method, searching on superclass...
Target superclass: NinjaTest
Class path: ./ninja-test-utilities/src/main/java/ninja/NinjaTest.java

Missing method, searching on superclass...
ApplicationControllerTest does not has superclass.
Class path: ninja-servlet-jpa-blog-archetype/src/main/resources/archetype-resources/src/test/java/controllers/ApplicationControllerTest.java

Method found! 
     public void testThatHomepageWorks() {

Class path: ninja-servlet-jpa-blog-integration-test/src/test/java/controllers/ApplicationControllerTest.java

Method found! 
     public void testThatHomepageWorks() {

git reset --hard 867f19935c72ca03422abed3d95c891f2fe6397e SUCCESS!
Target class: ApplicationControllerTest    
4 class(es) found
Target method: testThatHomepageWorks
Class path: ninja-maven-plugin/integration-test/src/test/java/controllers/ApplicationControllerTest.java

Method found! 
     public void testThatHomepageWorks() {

Class path: ninja-servlet-integration-test/src/test/java/controllers/ApplicationControllerTest.java

Missing method, searching on superclass...
Target superclass: NinjaTest
Class path: ./ninja-test-utilities/src/main/java/ninja/NinjaTest.java

Missing method, searching on superclass...
ApplicationControllerTest does not has superclass.
Class path: ninja-servlet-jpa-blog-archetype/src/main/resources/archetype-resources/src/test/java/controllers/ApplicationControllerTest.java

Method found! 
     public void testThatHomepageWorks() {

Class path: ninja-servlet-jpa-blog-integration-test/src/test/java/controllers/ApplicationControllerTest.java

Method found! 
     public void testThatHomepageWorks() {

git reset --hard 881f56c4e465270065cbaf670d80184cdb9837ec SUCCESS!
Target class: ApiControllerDocTest    
3 class(es) found
Target method: testGetAndPostArticleViaJson
Class path: ninja-maven-plugin/integration-test/src/test/java/controllers/ApiControllerDocTest.java

Method found! 
     public void testGetAndPostArticleViaJson() throws Exception {

Class path: ninja-servlet-jpa-blog-archetype/src/main/resources/archetype-resources/src/test/java/controllers/ApiControllerDocTest.java

Method found! 
     public void testGetAndPostArticleViaJson() throws Exception {

Class path: ninja-servlet-jpa-blog-integration-test/src/test/java/controllers/ApiControllerDocTest.java

Method found! 
     public void testGetAndPostArticleViaJson() throws Exception {

git reset --hard 881f56c4e465270065cbaf670d80184cdb9837ec SUCCESS!
Target class: ApiControllerDocTesterTest    
1 class(es) found
Target method: testGetAndPostArticleViaJson
Class path: ninja-servlet-jpa-blog-integration-test/src/test/java/controllers/ApiControllerDocTesterTest.java

Method found! 
     public void testGetAndPostArticleViaJson() {

git reset --hard 881f56c4e465270065cbaf670d80184cdb9837ec SUCCESS!
Target class: ApiControllerTest    
3 class(es) found
Target method: testGetAndPostArticleViaJson
Class path: ninja-maven-plugin/integration-test/src/test/java/controllers/ApiControllerTest.java

Method found! 
     public void testGetAndPostArticleViaJson() throws Exception {

Class path: ninja-servlet-jpa-blog-archetype/src/main/resources/archetype-resources/src/test/java/controllers/ApiControllerTest.java

Method found! 
     public void testGetAndPostArticleViaJson() throws Exception {

Class path: ninja-servlet-jpa-blog-integration-test/src/test/java/controllers/ApiControllerTest.java

Method found! 
     public void testGetAndPostArticleViaJson() throws Exception {

git reset --hard 881f56c4e465270065cbaf670d80184cdb9837ec SUCCESS!
Target class: ApplicationControllerTest    
4 class(es) found
Target method: testThatSetupInitializationCreatesTheTestUsers
Class path: ninja-maven-plugin/integration-test/src/test/java/controllers/ApplicationControllerTest.java

Missing method, searching on superclass...
Target superclass: NinjaTest
Class path: ./ninja-test-utilities/src/main/java/ninja/NinjaTest.java

Missing method, searching on superclass...
ApplicationControllerTest does not has superclass.
Class path: ninja-servlet-integration-test/src/test/java/controllers/ApplicationControllerTest.java

Missing method, searching on superclass...
Target superclass: NinjaTest
Class path: ./ninja-test-utilities/src/main/java/ninja/NinjaTest.java

Missing method, searching on superclass...
ApplicationControllerTest does not has superclass.
Class path: ninja-servlet-jpa-blog-archetype/src/main/resources/archetype-resources/src/test/java/controllers/ApplicationControllerTest.java

Missing method, searching on superclass...
Target superclass: NinjaTest
Class path: ./ninja-test-utilities/src/main/java/ninja/NinjaTest.java

Missing method, searching on superclass...
ApplicationControllerTest does not has superclass.
Class path: ninja-servlet-jpa-blog-integration-test/src/test/java/controllers/ApplicationControllerTest.java

Method found! 
     public void testThatSetupInitializationCreatesTheTestUsers(){

git reset --hard 8aa26b12e33b2322188841665b8835d03868dded SUCCESS!
Target class: ApiControllerTest    
3 class(es) found
Target method: testGetAndPostArticleViaXml
Class path: ninja-maven-plugin/integration-test/src/test/java/controllers/ApiControllerTest.java

Method found! 
     public void testGetAndPostArticleViaXml() throws Exception {

Class path: ninja-servlet-jpa-blog-archetype/src/main/resources/archetype-resources/src/test/java/controllers/ApiControllerTest.java

Method found! 
     public void testGetAndPostArticleViaXml() throws Exception {

Class path: ninja-servlet-jpa-blog-integration-test/src/test/java/controllers/ApiControllerTest.java

Method found! 
     public void testGetAndPostArticleViaXml() throws Exception {

git reset --hard 924ef7c3d69b7aabbcc369b54f0cbabe95802b64 SUCCESS!
Target class: ApiControllerTest    
2 class(es) found
Target method: testGetAndPostArticleViaXml
Class path: ninja-servlet-jpa-blog-archetype/src/main/resources/archetype-resources/src/test/java/controllers/ApiControllerTest.java

Method found! 
     public void testGetAndPostArticleViaXml() throws Exception {

Class path: ninja-servlet-jpa-blog-integration-test/src/test/java/controllers/ApiControllerTest.java

Method found! 
     public void testGetAndPostArticleViaXml() throws Exception {

git reset --hard 929b490e3e430337fa25917f3d36356936785f89 SUCCESS!
Target class: ApplicationControllerTest    
3 class(es) found
Target method: testThatHomepageWorks
Class path: ninja-servlet-integration-test/src/test/java/controllers/ApplicationControllerTest.java

Missing method, searching on superclass...
Target superclass: NinjaTest
Class path: ./ninja-test-utilities/src/main/java/ninja/NinjaTest.java

Missing method, searching on superclass...
ApplicationControllerTest does not has superclass.
Class path: ninja-servlet-jpa-blog-archetype/src/main/resources/archetype-resources/src/test/java/controllers/ApplicationControllerTest.java

Method found! 
     public void testThatHomepageWorks() {

Class path: ninja-servlet-jpa-blog-integration-test/src/test/java/controllers/ApplicationControllerTest.java

Method found! 
     public void testThatHomepageWorks() {

git reset --hard 93e998c748301d157824a84565448cf9af2f2b73 SUCCESS!
Target class: ApplicationControllerTest    
3 class(es) found
Target method: testThatHomepageWorks
Class path: ninja-servlet-integration-test/src/test/java/controllers/ApplicationControllerTest.java

Missing method, searching on superclass...
Target superclass: NinjaTest
Class path: ./ninja-test-utilities/src/main/java/ninja/NinjaTest.java

Missing method, searching on superclass...
ApplicationControllerTest does not has superclass.
Class path: ninja-servlet-jpa-blog-archetype/src/main/resources/archetype-resources/src/test/java/controllers/ApplicationControllerTest.java

Method found! 
     public void testThatHomepageWorks() {

Class path: ninja-servlet-jpa-blog-integration-test/src/test/java/controllers/ApplicationControllerTest.java

Method found! 
     public void testThatHomepageWorks() {

git reset --hard 9bf9bf00907c719753c30705cf840421024aff18 SUCCESS!
Target class: ApplicationControllerTest    
3 class(es) found
Target method: testThatHomepageWorks
Class path: ninja-servlet-integration-test/src/test/java/controllers/ApplicationControllerTest.java

Missing method, searching on superclass...
Target superclass: NinjaTest
Class path: ./ninja-test-utilities/src/main/java/ninja/NinjaTest.java

Missing method, searching on superclass...
ApplicationControllerTest does not has superclass.
Class path: ninja-servlet-jpa-blog-archetype/src/main/resources/archetype-resources/src/test/java/controllers/ApplicationControllerTest.java

Method found! 
     public void testThatHomepageWorks() {

Class path: ninja-servlet-jpa-blog-integration-test/src/test/java/controllers/ApplicationControllerTest.java

Method found! 
     public void testThatHomepageWorks() {

git reset --hard a5f676de0117bc4b9310ae6fac57675660d0e1d8 SUCCESS!
Target class: ApplicationControllerTest    
3 class(es) found
Target method: testThatHomepageWorks
Class path: ninja-servlet-integration-test/src/test/java/controllers/ApplicationControllerTest.java

Missing method, searching on superclass...
Target superclass: NinjaTest
Class path: ./ninja-test-utilities/src/main/java/ninja/NinjaTest.java

Missing method, searching on superclass...
ApplicationControllerTest does not has superclass.
Class path: ninja-servlet-jpa-blog-archetype/src/main/resources/archetype-resources/src/test/java/controllers/ApplicationControllerTest.java

Method found! 
     public void testThatHomepageWorks() {

Class path: ninja-servlet-jpa-blog-integration-test/src/test/java/controllers/ApplicationControllerTest.java

Method found! 
     public void testThatHomepageWorks() {

git reset --hard a9f3c7b76e3edc6ebabb839dd05fc78886ef62dd SUCCESS!
Target class: ApplicationControllerTest    
3 class(es) found
Target method: testThatHomepageWorks
Class path: ninja-servlet-integration-test/src/test/java/controllers/ApplicationControllerTest.java

Missing method, searching on superclass...
Target superclass: NinjaTest
Class path: ./ninja-test-utilities/src/main/java/ninja/NinjaTest.java

Missing method, searching on superclass...
ApplicationControllerTest does not has superclass.
Class path: ninja-servlet-jpa-blog-archetype/src/main/resources/archetype-resources/src/test/java/controllers/ApplicationControllerTest.java

Method found! 
     public void testThatHomepageWorks() {

Class path: ninja-servlet-jpa-blog-integration-test/src/test/java/controllers/ApplicationControllerTest.java

Method found! 
     public void testThatHomepageWorks() {

git reset --hard acbde2c1a713f77a731831b5c7c45c51a6a6a22e SUCCESS!
Target class: ApplicationControllerTest    
3 class(es) found
Target method: testThatHomepageWorks
Class path: ninja-servlet-integration-test/src/test/java/controllers/ApplicationControllerTest.java

Missing method, searching on superclass...
Target superclass: NinjaTest
Class path: ./ninja-test-utilities/src/main/java/ninja/NinjaTest.java

Missing method, searching on superclass...
ApplicationControllerTest does not has superclass.
Class path: ninja-servlet-jpa-blog-archetype/src/main/resources/archetype-resources/src/test/java/controllers/ApplicationControllerTest.java

Method found! 
     public void testThatHomepageWorks() {

Class path: ninja-servlet-jpa-blog-integration-test/src/test/java/controllers/ApplicationControllerTest.java

Method found! 
     public void testThatHomepageWorks() {

git reset --hard bfeceb6178ce18a0ed3bebeaaea97ef35fb5577d SUCCESS!
Target class: ApplicationControllerTest    
3 class(es) found
Target method: testThatHomepageWorks
Class path: ninja-servlet-integration-test/src/test/java/controllers/ApplicationControllerTest.java

Missing method, searching on superclass...
Target superclass: NinjaTest
Class path: ./ninja-test-utilities/src/main/java/ninja/NinjaTest.java

Missing method, searching on superclass...
ApplicationControllerTest does not has superclass.
Class path: ninja-servlet-jpa-blog-archetype/src/main/resources/archetype-resources/src/test/java/controllers/ApplicationControllerTest.java

Method found! 
     public void testThatHomepageWorks() {

Class path: ninja-servlet-jpa-blog-integration-test/src/test/java/controllers/ApplicationControllerTest.java

Method found! 
     public void testThatHomepageWorks() {

git reset --hard c267f238f4b33e87b6a5cdb77351817d6d3f1eef SUCCESS!
Target class: ApplicationControllerTest    
3 class(es) found
Target method: testThatHomepageWorks
Class path: ninja-servlet-integration-test/src/test/java/controllers/ApplicationControllerTest.java

Missing method, searching on superclass...
Target superclass: NinjaTest
Class path: ./ninja-test-utilities/src/main/java/ninja/NinjaTest.java

Missing method, searching on superclass...
ApplicationControllerTest does not has superclass.
Class path: ninja-servlet-jpa-blog-archetype/src/main/resources/archetype-resources/src/test/java/controllers/ApplicationControllerTest.java

Method found! 
     public void testThatHomepageWorks() {

Class path: ninja-servlet-jpa-blog-integration-test/src/test/java/controllers/ApplicationControllerTest.java

Method found! 
     public void testThatHomepageWorks() {

git reset --hard c39f2a42786fd6624573a97e9446f81dc912d761 SUCCESS!
Target class: ApplicationControllerTest    
3 class(es) found
Target method: testThatHomepageWorks
Class path: ninja-servlet-integration-test/src/test/java/controllers/ApplicationControllerTest.java

Missing method, searching on superclass...
Target superclass: NinjaTest
Class path: ./ninja-test-utilities/src/main/java/ninja/NinjaTest.java

Missing method, searching on superclass...
ApplicationControllerTest does not has superclass.
Class path: ninja-servlet-jpa-blog-archetype/src/main/resources/archetype-resources/src/test/java/controllers/ApplicationControllerTest.java

Method found! 
     public void testThatHomepageWorks() {

Class path: ninja-servlet-jpa-blog-integration-test/src/test/java/controllers/ApplicationControllerTest.java

Method found! 
     public void testThatHomepageWorks() {

git reset --hard c50afd46270018fe3037d0e4f3cd7d2bcc1297d6 SUCCESS!
Target class: ApplicationControllerTest    
3 class(es) found
Target method: testThatHomepageWorks
Class path: ninja-servlet-integration-test/src/test/java/controllers/ApplicationControllerTest.java

Missing method, searching on superclass...
Target superclass: NinjaTest
Class path: ./ninja-test-utilities/src/main/java/ninja/NinjaTest.java

Missing method, searching on superclass...
ApplicationControllerTest does not has superclass.
Class path: ninja-servlet-jpa-blog-archetype/src/main/resources/archetype-resources/src/test/java/controllers/ApplicationControllerTest.java

Method found! 
     public void testThatHomepageWorks() {

Class path: ninja-servlet-jpa-blog-integration-test/src/test/java/controllers/ApplicationControllerTest.java

Method found! 
     public void testThatHomepageWorks() {

git reset --hard c66c04055e7a8089c44cc784440e10d9d5a1739e SUCCESS!
Target class: ApiControllerDocTest    
3 class(es) found
Target method: testGetAndPostArticleViaJson
Class path: ninja-maven-plugin/integration-test/src/test/java/controllers/ApiControllerDocTest.java

Method found! 
     public void testGetAndPostArticleViaJson() throws Exception {

Class path: ninja-servlet-jpa-blog-archetype/src/main/resources/archetype-resources/src/test/java/controllers/ApiControllerDocTest.java

Method found! 
     public void testGetAndPostArticleViaJson() throws Exception {

Class path: ninja-servlet-jpa-blog-integration-test/src/test/java/controllers/ApiControllerDocTest.java

Method found! 
     public void testGetAndPostArticleViaJson() throws Exception {

git reset --hard c66c04055e7a8089c44cc784440e10d9d5a1739e SUCCESS!
Target class: ApiControllerTest    
3 class(es) found
Target method: testGetAndPostArticleViaJson
Class path: ninja-maven-plugin/integration-test/src/test/java/controllers/ApiControllerTest.java

Method found! 
     public void testGetAndPostArticleViaJson() throws Exception {

Class path: ninja-servlet-jpa-blog-archetype/src/main/resources/archetype-resources/src/test/java/controllers/ApiControllerTest.java

Method found! 
     public void testGetAndPostArticleViaJson() throws Exception {

Class path: ninja-servlet-jpa-blog-integration-test/src/test/java/controllers/ApiControllerTest.java

Method found! 
     public void testGetAndPostArticleViaJson() throws Exception {

git reset --hard c66c04055e7a8089c44cc784440e10d9d5a1739e SUCCESS!
Target class: ApiControllerTest    
3 class(es) found
Target method: testGetAndPostArticleViaXml
Class path: ninja-maven-plugin/integration-test/src/test/java/controllers/ApiControllerTest.java

Method found! 
     public void testGetAndPostArticleViaXml() throws Exception {

Class path: ninja-servlet-jpa-blog-archetype/src/main/resources/archetype-resources/src/test/java/controllers/ApiControllerTest.java

Method found! 
     public void testGetAndPostArticleViaXml() throws Exception {

Class path: ninja-servlet-jpa-blog-integration-test/src/test/java/controllers/ApiControllerTest.java

Method found! 
     public void testGetAndPostArticleViaXml() throws Exception {

git reset --hard c66c04055e7a8089c44cc784440e10d9d5a1739e SUCCESS!
Target class: ApplicationControllerTest    
4 class(es) found
Target method: testThatSetupInitializationCreatesTheTestUsers
Class path: ninja-maven-plugin/integration-test/src/test/java/controllers/ApplicationControllerTest.java

Missing method, searching on superclass...
Target superclass: NinjaTest
Class path: ./ninja-test-utilities/src/main/java/ninja/NinjaTest.java

Missing method, searching on superclass...
ApplicationControllerTest does not has superclass.
Class path: ninja-servlet-integration-test/src/test/java/controllers/ApplicationControllerTest.java

Missing method, searching on superclass...
Target superclass: NinjaTest
Class path: ./ninja-test-utilities/src/main/java/ninja/NinjaTest.java

Missing method, searching on superclass...
ApplicationControllerTest does not has superclass.
Class path: ninja-servlet-jpa-blog-archetype/src/main/resources/archetype-resources/src/test/java/controllers/ApplicationControllerTest.java

Missing method, searching on superclass...
Target superclass: NinjaTest
Class path: ./ninja-test-utilities/src/main/java/ninja/NinjaTest.java

Missing method, searching on superclass...
ApplicationControllerTest does not has superclass.
Class path: ninja-servlet-jpa-blog-integration-test/src/test/java/controllers/ApplicationControllerTest.java

Method found! 
     public void testThatSetupInitializationCreatesTheTestUsers(){

git reset --hard c81121738c421b503131b248bf7a1322dd3fc61a SUCCESS!
Target class: ApplicationControllerTest    
3 class(es) found
Target method: testThatHomepageWorks
Class path: ninja-servlet-integration-test/src/test/java/controllers/ApplicationControllerTest.java

Missing method, searching on superclass...
Target superclass: NinjaTest
Class path: ./ninja-test-utilities/src/main/java/ninja/NinjaTest.java

Missing method, searching on superclass...
ApplicationControllerTest does not has superclass.
Class path: ninja-servlet-jpa-blog-archetype/src/main/resources/archetype-resources/src/test/java/controllers/ApplicationControllerTest.java

Method found! 
     public void testThatHomepageWorks() {

Class path: ninja-servlet-jpa-blog-integration-test/src/test/java/controllers/ApplicationControllerTest.java

Method found! 
     public void testThatHomepageWorks() {

git reset --hard cc220e0107bdf05c3ddf8bf09eccc531859343d1 SUCCESS!
Target class: ApplicationControllerTest    
3 class(es) found
Target method: testThatHomepageWorks
Class path: ninja-servlet-integration-test/src/test/java/controllers/ApplicationControllerTest.java

Missing method, searching on superclass...
Target superclass: NinjaTest
Class path: ./ninja-test-utilities/src/main/java/ninja/NinjaTest.java

Missing method, searching on superclass...
ApplicationControllerTest does not has superclass.
Class path: ninja-servlet-jpa-blog-archetype/src/main/resources/archetype-resources/src/test/java/controllers/ApplicationControllerTest.java

Method found! 
     public void testThatHomepageWorks() {

Class path: ninja-servlet-jpa-blog-integration-test/src/test/java/controllers/ApplicationControllerTest.java

Method found! 
     public void testThatHomepageWorks() {

git reset --hard cd3d47efde27a32f791d1ee41a23a7feaf39e7af SUCCESS!
Target class: ApiControllerDocTesterTest    
1 class(es) found
Target method: testGetAndPostArticleViaJson
Class path: ninja-servlet-jpa-blog-integration-test/src/test/java/controllers/ApiControllerDocTesterTest.java

Method found! 
     public void testGetAndPostArticleViaJson() {

git reset --hard cd3d47efde27a32f791d1ee41a23a7feaf39e7af SUCCESS!
Target class: ApiControllerTest    
3 class(es) found
Target method: testGetAndPostArticleViaJson
Class path: ninja-maven-plugin/integration-test/src/test/java/controllers/ApiControllerTest.java

Method found! 
     public void testGetAndPostArticleViaJson() throws Exception {

Class path: ninja-servlet-jpa-blog-archetype/src/main/resources/archetype-resources/src/test/java/controllers/ApiControllerTest.java

Method found! 
     public void testGetAndPostArticleViaJson() throws Exception {

Class path: ninja-servlet-jpa-blog-integration-test/src/test/java/controllers/ApiControllerTest.java

Method found! 
     public void testGetAndPostArticleViaJson() throws Exception {

git reset --hard cd3d47efde27a32f791d1ee41a23a7feaf39e7af SUCCESS!
Target class: ApiControllerTest    
3 class(es) found
Target method: testGetAndPostArticleViaXml
Class path: ninja-maven-plugin/integration-test/src/test/java/controllers/ApiControllerTest.java

Method found! 
     public void testGetAndPostArticleViaXml() throws Exception {

Class path: ninja-servlet-jpa-blog-archetype/src/main/resources/archetype-resources/src/test/java/controllers/ApiControllerTest.java

Method found! 
     public void testGetAndPostArticleViaXml() throws Exception {

Class path: ninja-servlet-jpa-blog-integration-test/src/test/java/controllers/ApiControllerTest.java

Method found! 
     public void testGetAndPostArticleViaXml() throws Exception {

git reset --hard cd3d47efde27a32f791d1ee41a23a7feaf39e7af SUCCESS!
Target class: ApplicationControllerTest    
4 class(es) found
Target method: testThatSetupInitializationCreatesTheTestUsers
Class path: ninja-maven-plugin/integration-test/src/test/java/controllers/ApplicationControllerTest.java

Missing method, searching on superclass...
Target superclass: NinjaTest
Class path: ./ninja-test-utilities/src/main/java/ninja/NinjaTest.java

Missing method, searching on superclass...
ApplicationControllerTest does not has superclass.
Class path: ninja-servlet-integration-test/src/test/java/controllers/ApplicationControllerTest.java

Missing method, searching on superclass...
Target superclass: NinjaTest
Class path: ./ninja-test-utilities/src/main/java/ninja/NinjaTest.java

Missing method, searching on superclass...
ApplicationControllerTest does not has superclass.
Class path: ninja-servlet-jpa-blog-archetype/src/main/resources/archetype-resources/src/test/java/controllers/ApplicationControllerTest.java

Missing method, searching on superclass...
Target superclass: NinjaTest
Class path: ./ninja-test-utilities/src/main/java/ninja/NinjaTest.java

Missing method, searching on superclass...
ApplicationControllerTest does not has superclass.
Class path: ninja-servlet-jpa-blog-integration-test/src/test/java/controllers/ApplicationControllerTest.java

Method found! 
     public void testThatSetupInitializationCreatesTheTestUsers(){

git reset --hard ce2f40c13817f407efed5632d1e926a2bbb2d7a5 SUCCESS!
Target class: ApplicationControllerTest    
3 class(es) found
Target method: testThatHomepageWorks
Class path: ninja-servlet-integration-test/src/test/java/controllers/ApplicationControllerTest.java

Missing method, searching on superclass...
Target superclass: NinjaTest
Class path: ./ninja-test-utilities/src/main/java/ninja/NinjaTest.java

Missing method, searching on superclass...
ApplicationControllerTest does not has superclass.
Class path: ninja-servlet-jpa-blog-archetype/src/main/resources/archetype-resources/src/test/java/controllers/ApplicationControllerTest.java

Method found! 
     public void testThatHomepageWorks() {

Class path: ninja-servlet-jpa-blog-integration-test/src/test/java/controllers/ApplicationControllerTest.java

Method found! 
     public void testThatHomepageWorks() {

git reset --hard cf52dd783fa5809a0b44723edd31bd0132191d1d SUCCESS!
Target class: ApiControllerTest    
3 class(es) found
Target method: testGetAndPostArticleViaXml
Class path: ninja-maven-plugin/integration-test/src/test/java/controllers/ApiControllerTest.java

Method found! 
     public void testGetAndPostArticleViaXml() throws Exception {

Class path: ninja-servlet-jpa-blog-archetype/src/main/resources/archetype-resources/src/test/java/controllers/ApiControllerTest.java

Method found! 
     public void testGetAndPostArticleViaXml() throws Exception {

Class path: ninja-servlet-jpa-blog-integration-test/src/test/java/controllers/ApiControllerTest.java

Method found! 
     public void testGetAndPostArticleViaXml() throws Exception {

git reset --hard ddb4eda27cd22910d26a45d8737d4442659bdf60 SUCCESS!
Target class: ApplicationControllerTest    
3 class(es) found
Target method: testThatHomepageWorks
Class path: ninja-servlet-integration-test/src/test/java/controllers/ApplicationControllerTest.java

Missing method, searching on superclass...
Target superclass: NinjaTest
Class path: ./ninja-test-utilities/src/main/java/ninja/NinjaTest.java

Missing method, searching on superclass...
ApplicationControllerTest does not has superclass.
Class path: ninja-servlet-jpa-blog-archetype/src/main/resources/archetype-resources/src/test/java/controllers/ApplicationControllerTest.java

Method found! 
     public void testThatHomepageWorks() {

Class path: ninja-servlet-jpa-blog-integration-test/src/test/java/controllers/ApplicationControllerTest.java

Method found! 
     public void testThatHomepageWorks() {

git reset --hard e2654a57382d88e25ccd407c4ac4808bc76dc86b SUCCESS!
Target class: ApiControllerTest    
2 class(es) found
Target method: testGetAndPostArticleViaXml
Class path: ninja-servlet-jpa-blog-archetype/src/main/resources/archetype-resources/src/test/java/controllers/ApiControllerTest.java

Method found! 
     public void testGetAndPostArticleViaXml() throws Exception {

Class path: ninja-servlet-jpa-blog-integration-test/src/test/java/controllers/ApiControllerTest.java

Method found! 
     public void testGetAndPostArticleViaXml() throws Exception {

git reset --hard eae868d6ac88fc9df9d335823969fa3b105cabeb SUCCESS!
Target class: ApiControllerDocTest    
3 class(es) found
Target method: testGetAndPostArticleViaJson
Class path: ninja-maven-plugin/integration-test/src/test/java/controllers/ApiControllerDocTest.java

Method found! 
     public void testGetAndPostArticleViaJson() throws Exception {

Class path: ninja-servlet-jpa-blog-archetype/src/main/resources/archetype-resources/src/test/java/controllers/ApiControllerDocTest.java

Method found! 
     public void testGetAndPostArticleViaJson() throws Exception {

Class path: ninja-servlet-jpa-blog-integration-test/src/test/java/controllers/ApiControllerDocTest.java

Method found! 
     public void testGetAndPostArticleViaJson() throws Exception {

git reset --hard eae868d6ac88fc9df9d335823969fa3b105cabeb SUCCESS!
Target class: ApiControllerTest    
3 class(es) found
Target method: testGetAndPostArticleViaJson
Class path: ninja-maven-plugin/integration-test/src/test/java/controllers/ApiControllerTest.java

Method found! 
     public void testGetAndPostArticleViaJson() throws Exception {

Class path: ninja-servlet-jpa-blog-archetype/src/main/resources/archetype-resources/src/test/java/controllers/ApiControllerTest.java

Method found! 
     public void testGetAndPostArticleViaJson() throws Exception {

Class path: ninja-servlet-jpa-blog-integration-test/src/test/java/controllers/ApiControllerTest.java

Method found! 
     public void testGetAndPostArticleViaJson() throws Exception {

git reset --hard eae868d6ac88fc9df9d335823969fa3b105cabeb SUCCESS!
Target class: ApiControllerTest    
3 class(es) found
Target method: testGetAndPostArticleViaXml
Class path: ninja-maven-plugin/integration-test/src/test/java/controllers/ApiControllerTest.java

Method found! 
     public void testGetAndPostArticleViaXml() throws Exception {

Class path: ninja-servlet-jpa-blog-archetype/src/main/resources/archetype-resources/src/test/java/controllers/ApiControllerTest.java

Method found! 
     public void testGetAndPostArticleViaXml() throws Exception {

Class path: ninja-servlet-jpa-blog-integration-test/src/test/java/controllers/ApiControllerTest.java

Method found! 
     public void testGetAndPostArticleViaXml() throws Exception {

git reset --hard eae868d6ac88fc9df9d335823969fa3b105cabeb SUCCESS!
Target class: ApplicationControllerTest    
4 class(es) found
Target method: testThatSetupInitializationCreatesTheTestUsers
Class path: ninja-maven-plugin/integration-test/src/test/java/controllers/ApplicationControllerTest.java

Missing method, searching on superclass...
Target superclass: NinjaTest
Class path: ./ninja-test-utilities/src/main/java/ninja/NinjaTest.java

Missing method, searching on superclass...
ApplicationControllerTest does not has superclass.
Class path: ninja-servlet-integration-test/src/test/java/controllers/ApplicationControllerTest.java

Missing method, searching on superclass...
Target superclass: NinjaTest
Class path: ./ninja-test-utilities/src/main/java/ninja/NinjaTest.java

Missing method, searching on superclass...
ApplicationControllerTest does not has superclass.
Class path: ninja-servlet-jpa-blog-archetype/src/main/resources/archetype-resources/src/test/java/controllers/ApplicationControllerTest.java

Missing method, searching on superclass...
Target superclass: NinjaTest
Class path: ./ninja-test-utilities/src/main/java/ninja/NinjaTest.java

Missing method, searching on superclass...
ApplicationControllerTest does not has superclass.
Class path: ninja-servlet-jpa-blog-integration-test/src/test/java/controllers/ApplicationControllerTest.java

Method found! 
     public void testThatSetupInitializationCreatesTheTestUsers(){

git reset --hard eb0fa1a9c99a0e3014cdf0c6ea0572cf1a8f043e SUCCESS!
Target class: ApplicationControllerTest    
3 class(es) found
Target method: testThatHomepageWorks
Class path: ninja-servlet-integration-test/src/test/java/controllers/ApplicationControllerTest.java

Missing method, searching on superclass...
Target superclass: NinjaTest
Class path: ./ninja-test-utilities/src/main/java/ninja/NinjaTest.java

Missing method, searching on superclass...
ApplicationControllerTest does not has superclass.
Class path: ninja-servlet-jpa-blog-archetype/src/main/resources/archetype-resources/src/test/java/controllers/ApplicationControllerTest.java

Method found! 
     public void testThatHomepageWorks() {

Class path: ninja-servlet-jpa-blog-integration-test/src/test/java/controllers/ApplicationControllerTest.java

Method found! 
     public void testThatHomepageWorks() {

git reset --hard f8ce33953c66562c0bf282dfbb133f13e7ea9aea SUCCESS!
Target class: ApiControllerDocTest    
3 class(es) found
Target method: testGetAndPostArticleViaJson
Class path: ninja-maven-plugin/integration-test/src/test/java/controllers/ApiControllerDocTest.java

Method found! 
     public void testGetAndPostArticleViaJson() throws Exception {

Class path: ninja-servlet-jpa-blog-archetype/src/main/resources/archetype-resources/src/test/java/controllers/ApiControllerDocTest.java

Method found! 
     public void testGetAndPostArticleViaJson() throws Exception {

Class path: ninja-servlet-jpa-blog-integration-test/src/test/java/controllers/ApiControllerDocTest.java

Method found! 
     public void testGetAndPostArticleViaJson() throws Exception {

git reset --hard f8ce33953c66562c0bf282dfbb133f13e7ea9aea SUCCESS!
Target class: ApiControllerTest    
3 class(es) found
Target method: testGetAndPostArticleViaJson
Class path: ninja-maven-plugin/integration-test/src/test/java/controllers/ApiControllerTest.java

Method found! 
     public void testGetAndPostArticleViaJson() throws Exception {

Class path: ninja-servlet-jpa-blog-archetype/src/main/resources/archetype-resources/src/test/java/controllers/ApiControllerTest.java

Method found! 
     public void testGetAndPostArticleViaJson() throws Exception {

Class path: ninja-servlet-jpa-blog-integration-test/src/test/java/controllers/ApiControllerTest.java

Method found! 
     public void testGetAndPostArticleViaJson() throws Exception {

git reset --hard f8ce33953c66562c0bf282dfbb133f13e7ea9aea SUCCESS!
Target class: ApiControllerTest    
3 class(es) found
Target method: testGetAndPostArticleViaXml
Class path: ninja-maven-plugin/integration-test/src/test/java/controllers/ApiControllerTest.java

Method found! 
     public void testGetAndPostArticleViaXml() throws Exception {

Class path: ninja-servlet-jpa-blog-archetype/src/main/resources/archetype-resources/src/test/java/controllers/ApiControllerTest.java

Method found! 
     public void testGetAndPostArticleViaXml() throws Exception {

Class path: ninja-servlet-jpa-blog-integration-test/src/test/java/controllers/ApiControllerTest.java

Method found! 
     public void testGetAndPostArticleViaXml() throws Exception {

git reset --hard f8f83d08053a76b8c8178b552925b632b62a7400 SUCCESS!
Target class: ApplicationControllerTest    
3 class(es) found
Target method: testThatHomepageWorks
Class path: ninja-servlet-integration-test/src/test/java/controllers/ApplicationControllerTest.java

Missing method, searching on superclass...
Target superclass: NinjaTest
Class path: ./ninja-test-utilities/src/main/java/ninja/NinjaTest.java

Missing method, searching on superclass...
ApplicationControllerTest does not has superclass.
Class path: ninja-servlet-jpa-blog-archetype/src/main/resources/archetype-resources/src/test/java/controllers/ApplicationControllerTest.java

Method found! 
     public void testThatHomepageWorks() {

Class path: ninja-servlet-jpa-blog-integration-test/src/test/java/controllers/ApplicationControllerTest.java

Method found! 
     public void testThatHomepageWorks() {

203 method(s) found (~184.54545454545453%).
0 method(s) missing.
Dataset updated with results.
