git reset --hard 0d8882e434a8f11ceefc6f4a697164c14fa04a09 SUCCESS!
Target class: Exec60Test    
1 class(es) found
Target method: testExec_60
Class path: src/test/java/org/apache/commons/exec/issues/Exec60Test.java

Method found! 
     public void testExec_60() throws Exception {

git reset --hard 13ee3e14272130646bf71f351f3c4211b5266f3a SUCCESS!
Target class: Exec60Test    
1 class(es) found
Target method: testExec_60
Class path: src/test/java/org/apache/commons/exec/issues/Exec60Test.java

Method found! 
     public void testExec_60() throws Exception {

git reset --hard 245b4efe2aba5733744bc3e447513508c683201e SUCCESS!
Target class: Exec57Test    
1 class(es) found
Target method: testExec_57
Class path: src/test/java/org/apache/commons/exec/issues/Exec57Test.java

Method found! 
     public void testExec_57() throws IOException {

git reset --hard 282dcd2900bba0800d3054759d47c459aae78ada SUCCESS!
Target class: Exec57Test    
1 class(es) found
Target method: testExec_57
Class path: src/test/java/org/apache/commons/exec/issues/Exec57Test.java

Method found! 
     public void testExec_57() throws IOException {

git reset --hard 2bc62f36d56f8e38b816b35bd7f2ce312a808b30 SUCCESS!
Target class: Exec60Test    
1 class(es) found
Target method: testExec_60
Class path: src/test/java/org/apache/commons/exec/issues/Exec60Test.java

Method found! 
     public void testExec_60() throws Exception {

git reset --hard 2e128089b94aa7482c61fb0b49f072d71701f129 SUCCESS!
Target class: Exec57Test    
1 class(es) found
Target method: testExec_57
Class path: src/test/java/org/apache/commons/exec/issues/Exec57Test.java

Method found! 
     public void testExec_57() throws IOException {

git reset --hard 360c83b02a34e98c9f406a4a3f4618e3e9327c45 SUCCESS!
Target class: Exec57Test    
1 class(es) found
Target method: testExec_57
Class path: src/test/java/org/apache/commons/exec/issues/Exec57Test.java

Method found! 
     public void testExec_57() throws IOException {

git reset --hard 4de22ed6c0f26023d1f55ab4bbbdd152ab1befb1 SUCCESS!
Target class: Exec57Test    
1 class(es) found
Target method: testExec_57
Class path: src/test/java/org/apache/commons/exec/issues/Exec57Test.java

Method found! 
     public void testExec_57() throws IOException {

git reset --hard 56d1ae45038dc4cb1b6b342153db975a00c3a297 SUCCESS!
Target class: Exec60Test    
1 class(es) found
Target method: testExec_60
Class path: src/test/java/org/apache/commons/exec/issues/Exec60Test.java

Method found! 
     public void testExec_60() throws Exception {

git reset --hard 59a147cb8d6ae25c19bd3ade20f8920e92c264ce SUCCESS!
Target class: Exec57Test    
1 class(es) found
Target method: testExec_57
Class path: src/test/java/org/apache/commons/exec/issues/Exec57Test.java

Method found! 
     public void testExec_57() throws IOException {

git reset --hard 59a147cb8d6ae25c19bd3ade20f8920e92c264ce SUCCESS!
Target class: Exec60Test    
1 class(es) found
Target method: testExec_60
Class path: src/test/java/org/apache/commons/exec/issues/Exec60Test.java

Method found! 
     public void testExec_60() throws Exception {

git reset --hard 705d5c95f5797c8509474fce038a8fe739329147 SUCCESS!
Target class: Exec60Test    
1 class(es) found
Target method: testExec_60
Class path: src/test/java/org/apache/commons/exec/issues/Exec60Test.java

Method found! 
     public void testExec_60() throws Exception {

git reset --hard 739faf6ed44ad2ca127516a258908e9116c988a2 SUCCESS!
Target class: Exec57Test    
1 class(es) found
Target method: testExec_57
Class path: src/test/java/org/apache/commons/exec/issues/Exec57Test.java

Method found! 
     public void testExec_57() throws IOException {

git reset --hard 79d401e75026ab628251647f7cc903e3aa9540de SUCCESS!
Target class: Exec57Test    
1 class(es) found
Target method: testExec_57
Class path: src/test/java/org/apache/commons/exec/issues/Exec57Test.java

Method found! 
     public void testExec_57() throws IOException {

git reset --hard 8a87f462736eabe0ac516ebf0ab0ef06aa22f49f SUCCESS!
Target class: Exec57Test    
1 class(es) found
Target method: testExec_57
Class path: src/test/java/org/apache/commons/exec/issues/Exec57Test.java

Method found! 
     public void testExec_57() throws IOException {

git reset --hard ae3f40da41ef92ccfd8a39017385d3ef9ba106cf SUCCESS!
Target class: Exec60Test    
1 class(es) found
Target method: testExec_60
Class path: src/test/java/org/apache/commons/exec/issues/Exec60Test.java

Method found! 
     public void testExec_60() throws Exception {

git reset --hard c173df02dee68f1e734eddd841627bc5f84be644 SUCCESS!
Target class: Exec60Test    
1 class(es) found
Target method: testExec_60
Class path: src/test/java/org/apache/commons/exec/issues/Exec60Test.java

Method found! 
     public void testExec_60() throws Exception {

git reset --hard c2e9fcb71a2ef7e1477c21461aaeca83bc1a6d0b SUCCESS!
Target class: Exec60Test    
1 class(es) found
Target method: testExec_60
Class path: src/test/java/org/apache/commons/exec/issues/Exec60Test.java

Method found! 
     public void testExec_60() throws Exception {

git reset --hard d943c862d42a6d56051b233db69f455210aca402 SUCCESS!
Target class: Exec60Test    
1 class(es) found
Target method: testExec_60
Class path: src/test/java/org/apache/commons/exec/issues/Exec60Test.java

Method found! 
     public void testExec_60() throws Exception {

git reset --hard d987abc9515458ccd6da3a279ef8fd4b0f9dd23a SUCCESS!
Target class: Exec60Test    
1 class(es) found
Target method: testExec_60
Class path: src/test/java/org/apache/commons/exec/issues/Exec60Test.java

Method found! 
     public void testExec_60() throws Exception {

git reset --hard f0fce6e86866e23d33ee22fd826244c005537425 SUCCESS!
Target class: Exec57Test    
1 class(es) found
Target method: testExec_57
Class path: src/test/java/org/apache/commons/exec/issues/Exec57Test.java

Method found! 
     public void testExec_57() throws IOException {

git reset --hard fea91e31bef4b3d0a7e52bfca7ccfdedb5b54cc9 SUCCESS!
Target class: Exec60Test    
1 class(es) found
Target method: testExec_60
Class path: src/test/java/org/apache/commons/exec/issues/Exec60Test.java

Method found! 
     public void testExec_60() throws Exception {

22 method(s) found (~100.0%).
0 method(s) missing.
Dataset updated with results.
