git reset --hard 5d6cc0f8cfa0b9fe8d2c97987fe2d3e90ff8efbb SUCCESS!
Target class: ToJavaScriptTest    
1 class(es) found
Target method: toSharedJavaScript
Class path: handlebars/src/test/java/com/github/jknack/handlebars/ToJavaScriptTest.java

Method found! 
   public void toSharedJavaScript() throws InterruptedException, IOException {

git reset --hard 915a99bfc62449c7962a626a9d20429ddea7dece SUCCESS!
Target class: ToJavaScriptTest    
1 class(es) found
Target method: toSharedJavaScript
Class path: handlebars/src/test/java/com/github/jknack/handlebars/ToJavaScriptTest.java

Method found! 
   public void toSharedJavaScript() throws InterruptedException, IOException {

git reset --hard 966cdd0f019e99bf362c18a54def368093ed0c5b SUCCESS!
Target class: ToJavaScriptTest    
1 class(es) found
Target method: toSharedJavaScript
Class path: handlebars/src/test/java/com/github/jknack/handlebars/ToJavaScriptTest.java

Method found! 
   public void toSharedJavaScript() throws InterruptedException, IOException {

git reset --hard f009c00cbe43b70d1bfb8deadb7a340431f1dd3e SUCCESS!
Target class: I18NHelperTest    
1 class(es) found
Target method: customLocale
Class path: handlebars/src/test/java/com/github/jknack/handlebars/I18NHelperTest.java

Method found! 
   public void customLocale() throws IOException {

git reset --hard f009c00cbe43b70d1bfb8deadb7a340431f1dd3e SUCCESS!
Target class: I18NHelperTest    
1 class(es) found
Target method: defaultI18N
Class path: handlebars/src/test/java/com/github/jknack/handlebars/I18NHelperTest.java

Method found! 
   public void defaultI18N() throws IOException {

git reset --hard f009c00cbe43b70d1bfb8deadb7a340431f1dd3e SUCCESS!
Target class: I18NHelperTest    
1 class(es) found
Target method: escapeQuotes
Class path: handlebars/src/test/java/com/github/jknack/handlebars/I18NHelperTest.java

Method found! 
   public void escapeQuotes() throws IOException {

git reset --hard f009c00cbe43b70d1bfb8deadb7a340431f1dd3e SUCCESS!
Target class: I18NHelperTest    
1 class(es) found
Target method: formattedMsg
Class path: handlebars/src/test/java/com/github/jknack/handlebars/I18NHelperTest.java

Method found! 
   public void formattedMsg() throws IOException {

7 method(s) found (~100.0%).
0 method(s) missing.
Dataset updated with results.
