git reset --hard 016bff80edffd176e425eb4dc919d68039d1e5e3 SUCCESS!
Target class: AmbariLdapAuthenticationProviderTest    
1 class(es) found
Target method: testAuthenticate
Class path: ambari-server/src/test/java/org/apache/ambari/server/security/authorization/AmbariLdapAuthenticationProviderTest.java

Method found! 
   public void testAuthenticate() throws Exception {

git reset --hard 07de9178a549244814baca54443176092ef1f08a SUCCESS!
Target class: TestActionQueue    
1 class(es) found
Target method: testConcurrentOperations
Class path: ambari-server/src/test/java/org/apache/ambari/server/agent/TestActionQueue.java

Method found! 
   public void testConcurrentOperations() throws InterruptedException {

git reset --hard 09d3156b0a4b76b7ba5f9021ae3a45803abe5619 SUCCESS!
Target class: TestActionQueue    
1 class(es) found
Target method: testConcurrentOperations
Class path: ambari-server/src/test/java/org/apache/ambari/server/agent/TestActionQueue.java

Method found! 
   public void testConcurrentOperations() throws InterruptedException {

git reset --hard 0cc6f6057a28e3ff603f7fc9313cca315de1ea3e SUCCESS!
Target class: TestHeartbeatMonitor    
1 class(es) found
Target method: testHeartbeatStateCommandsEnqueueing
Class path: ambari-server/src/test/java/org/apache/ambari/server/agent/TestHeartbeatMonitor.java

Method found! 
   public void testHeartbeatStateCommandsEnqueueing() throws AmbariException, InterruptedException,

git reset --hard 12be9a1a12958a3e890592a87f8b5a131b4c8a58 SUCCESS!
Target class: TestActionQueue    
1 class(es) found
Target method: testConcurrentOperations
Class path: ambari-server/src/test/java/org/apache/ambari/server/agent/TestActionQueue.java

Method found! 
   public void testConcurrentOperations() throws InterruptedException {

git reset --hard 1491139ff5a94b5229833a9542b96f1567d49f64 SUCCESS!
Target class: TestActionQueue    
1 class(es) found
Target method: testConcurrentOperations
Class path: ambari-server/src/test/java/org/apache/ambari/server/agent/TestActionQueue.java

Method found! 
   public void testConcurrentOperations() throws InterruptedException {

git reset --hard 17d0b2622f5ec51154a2207846a686f6f219ffe2 SUCCESS!
Target class: TestActionQueue    
1 class(es) found
Target method: testConcurrentOperations
Class path: ambari-server/src/test/java/org/apache/ambari/server/agent/TestActionQueue.java

Method found! 
   public void testConcurrentOperations() throws InterruptedException {

git reset --hard 1eae6f9112bd3d57ce38e3dd369fd4f4ca9888e3 SUCCESS!
Target class: TestActionQueue    
1 class(es) found
Target method: testConcurrentOperations
Class path: ambari-server/src/test/java/org/apache/ambari/server/agent/TestActionQueue.java

Method found! 
   public void testConcurrentOperations() throws InterruptedException {

git reset --hard 1efc30be0f10ab5960bea1318cb5a52451ccd69c SUCCESS!
Target class: TestActionQueue    
1 class(es) found
Target method: testConcurrentOperations
Class path: ambari-server/src/test/java/org/apache/ambari/server/agent/TestActionQueue.java

Method found! 
   public void testConcurrentOperations() throws InterruptedException {

git reset --hard 239a1176c12de794d934d38a3f3947139677200e SUCCESS!
Target class: AmbariLdapAuthenticationProviderTest    
1 class(es) found
Target method: testAuthenticate
Class path: ambari-server/src/test/java/org/apache/ambari/server/security/authorization/AmbariLdapAuthenticationProviderTest.java

Method found! 
   public void testAuthenticate() throws Exception {

git reset --hard 243173a338f0dbd805ca75daeaa93b9c276810a5 SUCCESS!
Target class: TestActionQueue    
1 class(es) found
Target method: testConcurrentOperations
Class path: ambari-server/src/test/java/org/apache/ambari/server/agent/TestActionQueue.java

Method found! 
   public void testConcurrentOperations() throws InterruptedException {

git reset --hard 273b9c1e34d16590bb8adeaa8e38cac061e25ac3 SUCCESS!
Target class: AmbariLdapAuthenticationProviderTest    
1 class(es) found
Target method: testAuthenticate
Class path: ambari-server/src/test/java/org/apache/ambari/server/security/authorization/AmbariLdapAuthenticationProviderTest.java

Method found! 
   public void testAuthenticate() throws Exception {

git reset --hard 2d1e9cfae9612f8f2bc8f7bcdbc065f840facc77 SUCCESS!
Target class: TestActionQueue    
1 class(es) found
Target method: testConcurrentOperations
Class path: ambari-server/src/test/java/org/apache/ambari/server/agent/TestActionQueue.java

Method found! 
   public void testConcurrentOperations() throws InterruptedException {

git reset --hard 2f62c15c6a24a15fc090d4e6aed5c74a602be857 SUCCESS!
Target class: TestActionQueue    
1 class(es) found
Target method: testConcurrentOperations
Class path: ambari-server/src/test/java/org/apache/ambari/server/agent/TestActionQueue.java

Method found! 
   public void testConcurrentOperations() throws InterruptedException {

git reset --hard 2f62c15c6a24a15fc090d4e6aed5c74a602be857 SUCCESS!
Target class: AmbariLdapAuthenticationProviderTest    
1 class(es) found
Target method: testAuthenticate
Class path: ambari-server/src/test/java/org/apache/ambari/server/security/authorization/AmbariLdapAuthenticationProviderTest.java

Method found! 
   public void testAuthenticate() throws Exception {

git reset --hard 352df84fdb2c3a6b8b5a372233da8761ce206515 SUCCESS!
Target class: AmbariLdapAuthenticationProviderTest    
1 class(es) found
Target method: testAuthenticate
Class path: ambari-server/src/test/java/org/apache/ambari/server/security/authorization/AmbariLdapAuthenticationProviderTest.java

Method found! 
   public void testAuthenticate() throws Exception {

git reset --hard 355c52d93de90142bd52455bb3fabea91c055e65 SUCCESS!
Target class: TestActionQueue    
1 class(es) found
Target method: testConcurrentOperations
Class path: ambari-server/src/test/java/org/apache/ambari/server/agent/TestActionQueue.java

Method found! 
   public void testConcurrentOperations() throws InterruptedException {

git reset --hard 3efcc5323b817b8fad128904c88c386699234de1 SUCCESS!
Target class: AmbariLdapAuthenticationProviderTest    
1 class(es) found
Target method: testAuthenticate
Class path: ambari-server/src/test/java/org/apache/ambari/server/security/authorization/AmbariLdapAuthenticationProviderTest.java

Method found! 
   public void testAuthenticate() throws Exception {

git reset --hard 400a37ab0b6636a5476461e731f43c085a5b8cfc SUCCESS!
Target class: AmbariLdapAuthenticationProviderTest    
1 class(es) found
Target method: testAuthenticate
Class path: ambari-server/src/test/java/org/apache/ambari/server/security/authorization/AmbariLdapAuthenticationProviderTest.java

Method found! 
   public void testAuthenticate() throws Exception {

git reset --hard 400a37ab0b6636a5476461e731f43c085a5b8cfc SUCCESS!
Target class: AmbariLdapAuthenticationProviderTest    
1 class(es) found
Target method: testBadCredential
Class path: ambari-server/src/test/java/org/apache/ambari/server/security/authorization/AmbariLdapAuthenticationProviderTest.java

Method found! 
   public void testBadCredential() throws Exception {

git reset --hard 4b51d9a61177258483f88c6a531b10d340657683 SUCCESS!
Target class: TestActionQueue    
1 class(es) found
Target method: testConcurrentOperations
Class path: ambari-server/src/test/java/org/apache/ambari/server/agent/TestActionQueue.java

Method found! 
   public void testConcurrentOperations() throws InterruptedException {

git reset --hard 4ea57553dc980d6b2527065d9f3325149be105b3 SUCCESS!
Target class: TestActionQueue    
1 class(es) found
Target method: testConcurrentOperations
Class path: ambari-server/src/test/java/org/apache/ambari/server/agent/TestActionQueue.java

Method found! 
   public void testConcurrentOperations() throws InterruptedException {

git reset --hard 516a387916a84581b6f3271b41b2608dd02b1a07 SUCCESS!
Target class: TestActionQueue    
1 class(es) found
Target method: testConcurrentOperations
Class path: ambari-server/src/test/java/org/apache/ambari/server/agent/TestActionQueue.java

Method found! 
   public void testConcurrentOperations() throws InterruptedException {

git reset --hard 54707c4965b0da9e2acd07e4675af07611b9a884 SUCCESS!
Target class: TestActionQueue    
1 class(es) found
Target method: testConcurrentOperations
Class path: ambari-server/src/test/java/org/apache/ambari/server/agent/TestActionQueue.java

Method found! 
   public void testConcurrentOperations() throws InterruptedException {

git reset --hard 57644e90f2b8958540b7bf53469f3733f7b75736 SUCCESS!
Target class: TestActionQueue    
1 class(es) found
Target method: testConcurrentOperations
Class path: ambari-server/src/test/java/org/apache/ambari/server/agent/TestActionQueue.java

Method found! 
   public void testConcurrentOperations() throws InterruptedException {

git reset --hard 5813b4adbd6aa3e32e53d05d543e8c5e9d6e6ef1 SUCCESS!
Target class: TestActionQueue    
1 class(es) found
Target method: testConcurrentOperations
Class path: ambari-server/src/test/java/org/apache/ambari/server/agent/TestActionQueue.java

Method found! 
   public void testConcurrentOperations() throws InterruptedException {

git reset --hard 5e739bea8e2f903d899f0f872ab591614087890f SUCCESS!
Target class: TestActionQueue    
1 class(es) found
Target method: testConcurrentOperations
Class path: ambari-server/src/test/java/org/apache/ambari/server/agent/TestActionQueue.java

Method found! 
   public void testConcurrentOperations() throws InterruptedException {

git reset --hard 62cb2ea1d5c5ae41d4631a3a8dada708437cbbdc SUCCESS!
Target class: TestActionQueue    
1 class(es) found
Target method: testConcurrentOperations
Class path: ambari-server/src/test/java/org/apache/ambari/server/agent/TestActionQueue.java

Method found! 
   public void testConcurrentOperations() throws InterruptedException {

git reset --hard 7014a032de15748e5becb9750b4d6ce13c9c55d4 SUCCESS!
Target class: TestActionQueue    
1 class(es) found
Target method: testConcurrentOperations
Class path: ambari-server/src/test/java/org/apache/ambari/server/agent/TestActionQueue.java

Method found! 
   public void testConcurrentOperations() throws InterruptedException {

git reset --hard 7246140021c8f1c8c9f0280ed57d444bf60b0bf8 SUCCESS!
Target class: TestActionQueue    
1 class(es) found
Target method: testConcurrentOperations
Class path: ambari-server/src/test/java/org/apache/ambari/server/agent/TestActionQueue.java

Method found! 
   public void testConcurrentOperations() throws InterruptedException {

git reset --hard 77710995b5f99c68683e0ff4843ae03be70950e5 SUCCESS!
Target class: TestActionQueue    
1 class(es) found
Target method: testConcurrentOperations
Class path: ambari-server/src/test/java/org/apache/ambari/server/agent/TestActionQueue.java

Method found! 
   public void testConcurrentOperations() throws InterruptedException {

git reset --hard 7a917c6471b8dd952bcf70be68e2600881a3a61b SUCCESS!
Target class: AmbariLdapAuthenticationProviderTest    
1 class(es) found
Target method: testAuthenticate
Class path: ambari-server/src/test/java/org/apache/ambari/server/security/authorization/AmbariLdapAuthenticationProviderTest.java

Method found! 
   public void testAuthenticate() throws Exception {

git reset --hard 7adcd39a81cbe12091fe1f289615c1fdaf75ed99 SUCCESS!
Target class: TestHeartbeatMonitor    
1 class(es) found
Target method: testHeartbeatLossWithComponent
Class path: ambari-server/src/test/java/org/apache/ambari/server/agent/TestHeartbeatMonitor.java

Method found! 
   public void testHeartbeatLossWithComponent() throws AmbariException, InterruptedException,

git reset --hard 7adcd39a81cbe12091fe1f289615c1fdaf75ed99 SUCCESS!
Target class: AmbariLdapAuthenticationProviderTest    
1 class(es) found
Target method: testAuthenticate
Class path: ambari-server/src/test/java/org/apache/ambari/server/security/authorization/AmbariLdapAuthenticationProviderTest.java

Method found! 
   public void testAuthenticate() throws Exception {

git reset --hard 7e97ca670e8d6a54ff07a59bb9ba00b27b9403e5 SUCCESS!
Target class: AmbariLdapAuthenticationProviderTest    
1 class(es) found
Target method: testAuthenticate
Class path: ambari-server/src/test/java/org/apache/ambari/server/security/authorization/AmbariLdapAuthenticationProviderTest.java

Method found! 
   public void testAuthenticate() throws Exception {

git reset --hard 8382f541dc7b9d644924200b1da789f81e8d4aa7 SUCCESS!
Target class: TestStageUtils    
1 class(es) found
Target method: testGetClusterHostInfo
Class path: ambari-server/src/test/java/org/apache/ambari/server/utils/TestStageUtils.java

Method found! 
   public void testGetClusterHostInfo() throws AmbariException, UnknownHostException {

git reset --hard 84b06faab25a20ae3d6005dc9a2dcea167ae8abf SUCCESS!
Target class: TestActionQueue    
1 class(es) found
Target method: testConcurrentOperations
Class path: ambari-server/src/test/java/org/apache/ambari/server/agent/TestActionQueue.java

Method found! 
   public void testConcurrentOperations() throws InterruptedException {

git reset --hard 8782442de66f30f260d8be74d1be118c6cdd28c5 SUCCESS!
Target class: TestActionQueue    
1 class(es) found
Target method: testConcurrentOperations
Class path: ambari-server/src/test/java/org/apache/ambari/server/agent/TestActionQueue.java

Method found! 
   public void testConcurrentOperations() throws InterruptedException {

git reset --hard 8976ef093a0ff1e7c809bbcaeb0d459589a3e4dd SUCCESS!
Target class: AmbariLdapAuthenticationProviderTest    
1 class(es) found
Target method: testAuthenticate
Class path: ambari-server/src/test/java/org/apache/ambari/server/security/authorization/AmbariLdapAuthenticationProviderTest.java

Method found! 
   public void testAuthenticate() throws Exception {

git reset --hard 8b674ee07a65cf686038752157540eede91e862f SUCCESS!
Target class: AmbariLdapAuthenticationProviderTest    
1 class(es) found
Target method: testAuthenticate
Class path: ambari-server/src/test/java/org/apache/ambari/server/security/authorization/AmbariLdapAuthenticationProviderTest.java

Method found! 
   public void testAuthenticate() throws Exception {

git reset --hard 8cda9eed467b35bc0cc3c3d797e9b09580714ef0 SUCCESS!
Target class: AmbariLdapAuthenticationProviderTest    
1 class(es) found
Target method: testAuthenticate
Class path: ambari-server/src/test/java/org/apache/ambari/server/security/authorization/AmbariLdapAuthenticationProviderTest.java

Method found! 
   public void testAuthenticate() throws Exception {

git reset --hard 8d00101aba76ac8531cc455b8291fab0bc950284 SUCCESS!
Target class: TestActionQueue    
1 class(es) found
Target method: testConcurrentOperations
Class path: ambari-server/src/test/java/org/apache/ambari/server/agent/TestActionQueue.java

Method found! 
   public void testConcurrentOperations() throws InterruptedException {

git reset --hard 8ed3fda69311932647848c221b36e0d2aec0cc16 SUCCESS!
Target class: TestHeartbeatMonitor    
1 class(es) found
Target method: testHeartbeatLossWithComponent
Class path: ambari-server/src/test/java/org/apache/ambari/server/agent/TestHeartbeatMonitor.java

Method found! 
   public void testHeartbeatLossWithComponent() throws AmbariException, InterruptedException,

git reset --hard 8f3502bcc84b734276ae5529df9430928dff5be1 SUCCESS!
Target class: TestActionQueue    
1 class(es) found
Target method: testConcurrentOperations
Class path: ambari-server/src/test/java/org/apache/ambari/server/agent/TestActionQueue.java

Method found! 
   public void testConcurrentOperations() throws InterruptedException {

git reset --hard 9638cfa0d04b4a5828c431f257460565e78f383a SUCCESS!
Target class: TestActionQueue    
1 class(es) found
Target method: testConcurrentOperations
Class path: ambari-server/src/test/java/org/apache/ambari/server/agent/TestActionQueue.java

Method found! 
   public void testConcurrentOperations() throws InterruptedException {

git reset --hard 9718cb2a8f50aa2ee7881105147061b6d380a78a SUCCESS!
Target class: AmbariLdapAuthenticationProviderTest    
1 class(es) found
Target method: testAuthenticate
Class path: ambari-server/src/test/java/org/apache/ambari/server/security/authorization/AmbariLdapAuthenticationProviderTest.java

Method found! 
   public void testAuthenticate() throws Exception {

git reset --hard 97e3d542d424586dae42040047634eb975d8770d SUCCESS!
Target class: TestActionQueue    
1 class(es) found
Target method: testConcurrentOperations
Class path: ambari-server/src/test/java/org/apache/ambari/server/agent/TestActionQueue.java

Method found! 
   public void testConcurrentOperations() throws InterruptedException {

git reset --hard 9da486cd60c142b541049dbe6fd19d4fcf799ae0 SUCCESS!
Target class: TestActionQueue    
1 class(es) found
Target method: testConcurrentOperations
Class path: ambari-server/src/test/java/org/apache/ambari/server/agent/TestActionQueue.java

Method found! 
   public void testConcurrentOperations() throws InterruptedException {

git reset --hard a48bb341090369230105c2b719ce7503d34af84a SUCCESS!
Target class: TestActionQueue    
1 class(es) found
Target method: testConcurrentOperations
Class path: ambari-server/src/test/java/org/apache/ambari/server/agent/TestActionQueue.java

Method found! 
   public void testConcurrentOperations() throws InterruptedException {

git reset --hard a5c83a096e0a3ed1c876a137a971f049c121a934 SUCCESS!
Target class: TestActionQueue    
1 class(es) found
Target method: testConcurrentOperations
Class path: ambari-server/src/test/java/org/apache/ambari/server/agent/TestActionQueue.java

Method found! 
   public void testConcurrentOperations() throws InterruptedException {

git reset --hard a5d80f661215bfc3e3944bdd4fcc3ad28d7847c5 SUCCESS!
Target class: TestActionQueue    
1 class(es) found
Target method: testConcurrentOperations
Class path: ambari-server/src/test/java/org/apache/ambari/server/agent/TestActionQueue.java

Method found! 
   public void testConcurrentOperations() throws InterruptedException {

git reset --hard a6281b4f9c5f1dde906f723dcce29af45f67ed43 SUCCESS!
Target class: TestActionQueue    
1 class(es) found
Target method: testConcurrentOperations
Class path: ambari-server/src/test/java/org/apache/ambari/server/agent/TestActionQueue.java

Method found! 
   public void testConcurrentOperations() throws InterruptedException {

git reset --hard b173415a51d1d65428cbd092abbfd904e47f2c52 SUCCESS!
Target class: TestActionQueue    
1 class(es) found
Target method: testConcurrentOperations
Class path: ambari-server/src/test/java/org/apache/ambari/server/agent/TestActionQueue.java

Method found! 
   public void testConcurrentOperations() throws InterruptedException {

git reset --hard b335cd4c8cf0a0bc108ab19139c4da378ea10df2 SUCCESS!
Target class: AmbariLdapAuthenticationProviderTest    
1 class(es) found
Target method: testAuthenticate
Class path: ambari-server/src/test/java/org/apache/ambari/server/security/authorization/AmbariLdapAuthenticationProviderTest.java

Method found! 
   public void testAuthenticate() throws Exception {

git reset --hard b8d77c647044ca2a108bd841484900ef29ea0c2d SUCCESS!
Target class: TestActionQueue    
1 class(es) found
Target method: testConcurrentOperations
Class path: ambari-server/src/test/java/org/apache/ambari/server/agent/TestActionQueue.java

Method found! 
   public void testConcurrentOperations() throws InterruptedException {

git reset --hard bb71a6ecacc8abe8243a8e5aaafd669563259616 SUCCESS!
Target class: TestActionQueue    
1 class(es) found
Target method: testConcurrentOperations
Class path: ambari-server/src/test/java/org/apache/ambari/server/agent/TestActionQueue.java

Method found! 
   public void testConcurrentOperations() throws InterruptedException {

git reset --hard c1385cd039a16f39eb52117056217da91c92d157 SUCCESS!
Target class: TestActionQueue    
1 class(es) found
Target method: testConcurrentOperations
Class path: ambari-server/src/test/java/org/apache/ambari/server/agent/TestActionQueue.java

Method found! 
   public void testConcurrentOperations() throws InterruptedException {

git reset --hard c1abb5a0e8d92c6b76404808767d0727a73bfe4c SUCCESS!
Target class: TestActionQueue    
1 class(es) found
Target method: testConcurrentOperations
Class path: ambari-server/src/test/java/org/apache/ambari/server/agent/TestActionQueue.java

Method found! 
   public void testConcurrentOperations() throws InterruptedException {

git reset --hard c1d1fa0adcc94e037286355d711173b9b9f4699f SUCCESS!
Target class: AmbariLdapAuthenticationProviderTest    
1 class(es) found
Target method: testAuthenticate
Class path: ambari-server/src/test/java/org/apache/ambari/server/security/authorization/AmbariLdapAuthenticationProviderTest.java

Method found! 
   public void testAuthenticate() throws Exception {

git reset --hard cd5a862819b6d1fc49a2246f8c4aa315cbadd162 SUCCESS!
Target class: AmbariLdapAuthenticationProviderTest    
1 class(es) found
Target method: testAuthenticate
Class path: ambari-server/src/test/java/org/apache/ambari/server/security/authorization/AmbariLdapAuthenticationProviderTest.java

Method found! 
   public void testAuthenticate() throws Exception {

git reset --hard cd7aae3d9fbfcc4e47aef4cb5ff83e0b3ad5359a SUCCESS!
Target class: TestActionQueue    
1 class(es) found
Target method: testConcurrentOperations
Class path: ambari-server/src/test/java/org/apache/ambari/server/agent/TestActionQueue.java

Method found! 
   public void testConcurrentOperations() throws InterruptedException {

git reset --hard d907f1ee96aef2ba7aa9648eb2c9ae6ff136b355 SUCCESS!
Target class: TestActionQueue    
1 class(es) found
Target method: testConcurrentOperations
Class path: ambari-server/src/test/java/org/apache/ambari/server/agent/TestActionQueue.java

Method found! 
   public void testConcurrentOperations() throws InterruptedException {

git reset --hard dc069c9a0728b3f762c374b41f4d93760858e92d SUCCESS!
Target class: TestActionQueue    
1 class(es) found
Target method: testConcurrentOperations
Class path: ambari-server/src/test/java/org/apache/ambari/server/agent/TestActionQueue.java

Method found! 
   public void testConcurrentOperations() throws InterruptedException {

git reset --hard dc1039911a2d348ffd20baa1cd583c68c236eccb SUCCESS!
Target class: AmbariLdapAuthenticationProviderTest    
1 class(es) found
Target method: testAuthenticate
Class path: ambari-server/src/test/java/org/apache/ambari/server/security/authorization/AmbariLdapAuthenticationProviderTest.java

Method found! 
   public void testAuthenticate() throws Exception {

git reset --hard dc62caac72f357f73ff6c1b46e86f044664ad51e SUCCESS!
Target class: AmbariLdapAuthenticationProviderTest    
1 class(es) found
Target method: testAuthenticate
Class path: ambari-server/src/test/java/org/apache/ambari/server/security/authorization/AmbariLdapAuthenticationProviderTest.java

Method found! 
   public void testAuthenticate() throws Exception {

git reset --hard e23877fb77dc6219058171ad7bfff79720d9e141 SUCCESS!
Target class: TestActionQueue    
1 class(es) found
Target method: testConcurrentOperations
Class path: ambari-server/src/test/java/org/apache/ambari/server/agent/TestActionQueue.java

Method found! 
   public void testConcurrentOperations() throws InterruptedException {

git reset --hard e37878aaf45bebe57dac44c636a441b26076f64c SUCCESS!
Target class: TestActionQueue    
1 class(es) found
Target method: testConcurrentOperations
Class path: ambari-server/src/test/java/org/apache/ambari/server/agent/TestActionQueue.java

Method found! 
   public void testConcurrentOperations() throws InterruptedException {

git reset --hard e9998bee05988e748340bfa4e16a2e1076c3ad73 SUCCESS!
Target class: TestActionQueue    
1 class(es) found
Target method: testConcurrentOperations
Class path: ambari-server/src/test/java/org/apache/ambari/server/agent/TestActionQueue.java

Method found! 
   public void testConcurrentOperations() throws InterruptedException {

git reset --hard ec385434caab0398932f745c608d47f4fd65c433 SUCCESS!
Target class: AmbariLdapAuthenticationProviderTest    
1 class(es) found
Target method: testAuthenticate
Class path: ambari-server/src/test/java/org/apache/ambari/server/security/authorization/AmbariLdapAuthenticationProviderTest.java

Method found! 
   public void testAuthenticate() throws Exception {

git reset --hard ef546ca73e69c3c8b08bd4d5afde60adf1063f3f SUCCESS!
Target class: TestActionQueue    
1 class(es) found
Target method: testConcurrentOperations
Class path: ambari-server/src/test/java/org/apache/ambari/server/agent/TestActionQueue.java

Method found! 
   public void testConcurrentOperations() throws InterruptedException {

git reset --hard f323dd1bc9c5872815bff0d21de51aff929a25c9 SUCCESS!
Target class: TestActionQueue    
1 class(es) found
Target method: testConcurrentOperations
Class path: ambari-server/src/test/java/org/apache/ambari/server/agent/TestActionQueue.java

Method found! 
   public void testConcurrentOperations() throws InterruptedException {

git reset --hard f7a423576f772744dc544f1795285ba1fb2407f1 SUCCESS!
Target class: TestActionQueue    
1 class(es) found
Target method: testConcurrentOperations
Class path: ambari-server/src/test/java/org/apache/ambari/server/agent/TestActionQueue.java

Method found! 
   public void testConcurrentOperations() throws InterruptedException {

git reset --hard fa6d081099f6a92bc07bd4dc59b47aba00d099b1 SUCCESS!
Target class: TestActionQueue    
1 class(es) found
Target method: testConcurrentOperations
Class path: ambari-server/src/test/java/org/apache/ambari/server/agent/TestActionQueue.java

Method found! 
   public void testConcurrentOperations() throws InterruptedException {

git reset --hard ff96a4c758d819d379b5bd8c2424df777e6dae69 SUCCESS!
Target class: TestActionQueue    
1 class(es) found
Target method: testConcurrentOperations
Class path: ambari-server/src/test/java/org/apache/ambari/server/agent/TestActionQueue.java

Method found! 
   public void testConcurrentOperations() throws InterruptedException {

74 method(s) found (~100.0%).
0 method(s) missing.
Dataset updated with results.
