git reset --hard 14b531eb34d4714e7249dfd2998e83ac90815d89 SUCCESS!
Target class: RDFSpeedIT    
1 class(es) found
Target method: testRDFSpeedClassification
Class path: oryx-app/src/test/java/com/cloudera/oryx/app/speed/rdf/RDFSpeedIT.java

Method found! 
   public void testRDFSpeedClassification() throws Exception {

git reset --hard 194fdb5b1d3a50dad75e5b8b395340e2ff151b8b SUCCESS!
Target class: RDFCategoricalHyperParamTuningIT    
1 class(es) found
Target method: testRDF
Class path: oryx-app-mllib/src/test/java/com/cloudera/oryx/app/mllib/rdf/RDFCategoricalHyperParamTuningIT.java

Method found! 
   public void testRDF() throws Exception {

git reset --hard 36dff07868ff4a7e0c0dcc4f3b7b784320193cf9 SUCCESS!
Target class: ALSSpeedIT    
1 class(es) found
Target method: testALSSpeed
Class path: oryx-app/src/test/java/com/cloudera/oryx/app/speed/als/ALSSpeedIT.java

Method found! 
   public void testALSSpeed() throws Exception {

git reset --hard 6bd074ae1fa51966a96fb9a38c4ee8fa3d93b484 SUCCESS!
Target class: RDFSpeedIT    
1 class(es) found
Target method: testRDFSpeedClassification
Class path: oryx-app/src/test/java/com/cloudera/oryx/app/speed/rdf/RDFSpeedIT.java

Method found! 
   public void testRDFSpeedClassification() throws Exception {

git reset --hard 6fb2e4a6c17613e9fc1d76a7e992725b89532b4e SUCCESS!
Target class: RDFSpeedIT    
1 class(es) found
Target method: testRDFSpeedClassification
Class path: oryx-app/src/test/java/com/cloudera/oryx/app/speed/rdf/RDFSpeedIT.java

Method found! 
   public void testRDFSpeedClassification() throws Exception {

git reset --hard 7ab42c4fedc1e71eb93891ab572dda34b44ee325 SUCCESS!
Target class: AppPMMLUtilsTest    
1 class(es) found
Target method: testExtensionContent
Class path: oryx-app-common/src/test/java/com/cloudera/oryx/app/pmml/AppPMMLUtilsTest.java

Method found! 
   public void testExtensionContent() throws Exception {

git reset --hard 7ab42c4fedc1e71eb93891ab572dda34b44ee325 SUCCESS!
Target class: BecauseTest    
1 class(es) found
Target method: testBecause
Class path: oryx-app-serving/src/test/java/com/cloudera/oryx/app/serving/als/BecauseTest.java

Method found! 
   public void testBecause() {
  public void testBecauseCSV() {

git reset --hard 7ab42c4fedc1e71eb93891ab572dda34b44ee325 SUCCESS!
Target class: BecauseTest    
1 class(es) found
Target method: testHowMany
Class path: oryx-app-serving/src/test/java/com/cloudera/oryx/app/serving/als/BecauseTest.java

Method found! 
   public void testHowMany() {
    testHowMany("/because/U5/I4", 10, 7);
    testHowMany("/because/U5/I4", 9, 7);
    testHowMany("/because/U5/I4", 5, 5);

git reset --hard 7ab42c4fedc1e71eb93891ab572dda34b44ee325 SUCCESS!
Target class: BecauseTest    
1 class(es) found
Target method: testOffset
Class path: oryx-app-serving/src/test/java/com/cloudera/oryx/app/serving/als/BecauseTest.java

Method found! 
   public void testOffset() {
    testOffset("/because/U6/I6", 2, 1, 2);
    testOffset("/because/U6/I6", 3, 1, 3);
    testOffset("/because/U6/I6", 1, 1, 1);
    testOffset("/because/U6/I6", 3, 3, 3);

git reset --hard 7ab42c4fedc1e71eb93891ab572dda34b44ee325 SUCCESS!
Target class: MostActiveUsersTest    
1 class(es) found
Target method: testMostPopular
Class path: oryx-app-serving/src/test/java/com/cloudera/oryx/app/serving/als/MostActiveUsersTest.java

Method found! 
   public void testMostPopular() {
  public void testMostPopularCSV() {

git reset --hard 7ab42c4fedc1e71eb93891ab572dda34b44ee325 SUCCESS!
Target class: MostActiveUsersTest    
1 class(es) found
Target method: testRescorer
Class path: oryx-app-serving/src/test/java/com/cloudera/oryx/app/serving/als/MostActiveUsersTest.java

Method found! 
   public void testRescorer() {

git reset --hard 7ab42c4fedc1e71eb93891ab572dda34b44ee325 SUCCESS!
Target class: MostPopularItemsTest    
1 class(es) found
Target method: testMostPopular
Class path: oryx-app-serving/src/test/java/com/cloudera/oryx/app/serving/als/MostPopularItemsTest.java

Method found! 
   public void testMostPopular() {
  public void testMostPopularCSV() {

git reset --hard 7ab42c4fedc1e71eb93891ab572dda34b44ee325 SUCCESS!
Target class: MostPopularItemsTest    
1 class(es) found
Target method: testRescorer
Class path: oryx-app-serving/src/test/java/com/cloudera/oryx/app/serving/als/MostPopularItemsTest.java

Method found! 
   public void testRescorer() {

git reset --hard 7ab42c4fedc1e71eb93891ab572dda34b44ee325 SUCCESS!
Target class: MostSurprisingTest    
1 class(es) found
Target method: testHowMany
Class path: oryx-app-serving/src/test/java/com/cloudera/oryx/app/serving/als/MostSurprisingTest.java

Method found! 
   public void testHowMany() {
    testHowMany("/mostSurprising/U4", 10, 6);
    testHowMany("/mostSurprising/U4", 9, 6);
    testHowMany("/mostSurprising/U4", 5, 5);

git reset --hard 7ab42c4fedc1e71eb93891ab572dda34b44ee325 SUCCESS!
Target class: MostSurprisingTest    
1 class(es) found
Target method: testMostSurprising
Class path: oryx-app-serving/src/test/java/com/cloudera/oryx/app/serving/als/MostSurprisingTest.java

Method found! 
   public void testMostSurprising() {
  public void testMostSurprisingCSV() {

git reset --hard 7ab42c4fedc1e71eb93891ab572dda34b44ee325 SUCCESS!
Target class: MostSurprisingTest    
1 class(es) found
Target method: testOffset
Class path: oryx-app-serving/src/test/java/com/cloudera/oryx/app/serving/als/MostSurprisingTest.java

Method found! 
   public void testOffset() {
    testOffset("/mostSurprising/U4", 10, 0, 6);
    testOffset("/mostSurprising/U4", 9, 3, 3);
    testOffset("/mostSurprising/U4", 5, 6, 0);

git reset --hard 7ab42c4fedc1e71eb93891ab572dda34b44ee325 SUCCESS!
Target class: RecommendTest    
1 class(es) found
Target method: testConsiderKnownItems
Class path: oryx-app-serving/src/test/java/com/cloudera/oryx/app/serving/als/RecommendTest.java

Method found! 
   public void testConsiderKnownItems() {

git reset --hard 7ab42c4fedc1e71eb93891ab572dda34b44ee325 SUCCESS!
Target class: RecommendTest    
1 class(es) found
Target method: testHowMany
Class path: oryx-app-serving/src/test/java/com/cloudera/oryx/app/serving/als/RecommendTest.java

Method found! 
   public void testHowMany() {
    testHowMany("/recommend/U5", 10, 2);
    testHowMany("/recommend/U5", 2, 2);
    testHowMany("/recommend/U5", 1, 1);
    testHowMany("/recommend/U5", -1, 0);

git reset --hard 7ab42c4fedc1e71eb93891ab572dda34b44ee325 SUCCESS!
Target class: RecommendTest    
1 class(es) found
Target method: testOffset
Class path: oryx-app-serving/src/test/java/com/cloudera/oryx/app/serving/als/RecommendTest.java

Method found! 
   public void testOffset() {
    testOffset("/recommend/U6", 2, 1, 2);
    testOffset("/recommend/U6", 3, 1, 2);
    testOffset("/recommend/U6", 1, 1, 1);
    testOffset("/recommend/U6", 3, 3, 0);
    testOffset("/recommend/U6", 3, -1, 0);

git reset --hard 7ab42c4fedc1e71eb93891ab572dda34b44ee325 SUCCESS!
Target class: RecommendTest    
1 class(es) found
Target method: testRecommend
Class path: oryx-app-serving/src/test/java/com/cloudera/oryx/app/serving/als/RecommendTest.java

Method found! 
   public void testRecommend() {
  public void testRecommendCSV() {

git reset --hard 7ab42c4fedc1e71eb93891ab572dda34b44ee325 SUCCESS!
Target class: RecommendTest    
1 class(es) found
Target method: testRescorer
Class path: oryx-app-serving/src/test/java/com/cloudera/oryx/app/serving/als/RecommendTest.java

Method found! 
   public void testRescorer() {

git reset --hard 7ab42c4fedc1e71eb93891ab572dda34b44ee325 SUCCESS!
Target class: RecommendToAnonymousTest    
1 class(es) found
Target method: testHowMany
Class path: oryx-app-serving/src/test/java/com/cloudera/oryx/app/serving/als/RecommendToAnonymousTest.java

Method found! 
   public void testHowMany() {
    testHowMany("/recommendToAnonymous/I1", 10, 8);
    testHowMany("/recommendToAnonymous/I1", 2, 2);
    testHowMany("/recommendToAnonymous/I1", 1, 1);
    testHowMany("/recommendToAnonymous/I1", -1, 0);

git reset --hard 7ab42c4fedc1e71eb93891ab572dda34b44ee325 SUCCESS!
Target class: RecommendToAnonymousTest    
1 class(es) found
Target method: testOffset
Class path: oryx-app-serving/src/test/java/com/cloudera/oryx/app/serving/als/RecommendToAnonymousTest.java

Method found! 
   public void testOffset() {
    testOffset("/recommendToAnonymous/I1", 2, 1, 2);
    testOffset("/recommendToAnonymous/I1", 3, 7, 1);
    testOffset("/recommendToAnonymous/I1", 1, 1, 1);
    testOffset("/recommendToAnonymous/I1", 3, 8, 0);
    testOffset("/recommendToAnonymous/I1", 3, -1, 0);

git reset --hard 7ab42c4fedc1e71eb93891ab572dda34b44ee325 SUCCESS!
Target class: RecommendToAnonymousTest    
1 class(es) found
Target method: testRecommendToAnonymous
Class path: oryx-app-serving/src/test/java/com/cloudera/oryx/app/serving/als/RecommendToAnonymousTest.java

Method found! 
   public void testRecommendToAnonymous() {
  public void testRecommendToAnonymousCSV() {

git reset --hard 7ab42c4fedc1e71eb93891ab572dda34b44ee325 SUCCESS!
Target class: RecommendToAnonymousTest    
1 class(es) found
Target method: testRescorer
Class path: oryx-app-serving/src/test/java/com/cloudera/oryx/app/serving/als/RecommendToAnonymousTest.java

Method found! 
   public void testRescorer() {

git reset --hard 7ab42c4fedc1e71eb93891ab572dda34b44ee325 SUCCESS!
Target class: RecommendToManyTest    
1 class(es) found
Target method: testConsiderKnownItems
Class path: oryx-app-serving/src/test/java/com/cloudera/oryx/app/serving/als/RecommendToManyTest.java

Method found! 
   public void testConsiderKnownItems() {

git reset --hard 7ab42c4fedc1e71eb93891ab572dda34b44ee325 SUCCESS!
Target class: RecommendToManyTest    
1 class(es) found
Target method: testHowMany
Class path: oryx-app-serving/src/test/java/com/cloudera/oryx/app/serving/als/RecommendToManyTest.java

Method found! 
   public void testHowMany() {
    testHowMany("/recommendToMany/U2/U5", 10, 2);
    testHowMany("/recommendToMany/U5", 2, 2);
    testHowMany("/recommendToMany/U2", 1, 1);
    testHowMany("/recommendToMany/U5", -1, 0);

git reset --hard 7ab42c4fedc1e71eb93891ab572dda34b44ee325 SUCCESS!
Target class: RecommendToManyTest    
1 class(es) found
Target method: testOffset
Class path: oryx-app-serving/src/test/java/com/cloudera/oryx/app/serving/als/RecommendToManyTest.java

Method found! 
   public void testOffset() {
    testOffset("/recommendToMany/U0/U6", 5, 0, 1);
    testOffset("/recommendToMany/U0/U6", 3, 0, 1);
    testOffset("/recommendToMany/U6", 1, 1, 1);
    testOffset("/recommendToMany/U6", 3, 3, 0);
    testOffset("/recommendToMany/U6", 3, -1, 0);

git reset --hard 7ab42c4fedc1e71eb93891ab572dda34b44ee325 SUCCESS!
Target class: RecommendToManyTest    
1 class(es) found
Target method: testRecommendToMany
Class path: oryx-app-serving/src/test/java/com/cloudera/oryx/app/serving/als/RecommendToManyTest.java

Method found! 
   public void testRecommendToMany() {
  public void testRecommendToManyCSV() {

git reset --hard 7ab42c4fedc1e71eb93891ab572dda34b44ee325 SUCCESS!
Target class: RecommendToManyTest    
1 class(es) found
Target method: testRescorer
Class path: oryx-app-serving/src/test/java/com/cloudera/oryx/app/serving/als/RecommendToManyTest.java

Method found! 
   public void testRescorer() {

git reset --hard 7ab42c4fedc1e71eb93891ab572dda34b44ee325 SUCCESS!
Target class: SimilarityTest    
1 class(es) found
Target method: testHowMany
Class path: oryx-app-serving/src/test/java/com/cloudera/oryx/app/serving/als/SimilarityTest.java

Method found! 
   public void testHowMany() {
    testHowMany("/similarity/I0/I2/I4", 10, 6);
    testHowMany("/similarity/I0/I2/I4", 9, 6);
    testHowMany("/similarity/I0/I2/I4", 5, 5);
    testHowMany("/similarity/I0/I2/I4", -1, 0);

git reset --hard 7ab42c4fedc1e71eb93891ab572dda34b44ee325 SUCCESS!
Target class: SimilarityTest    
1 class(es) found
Target method: testOffset
Class path: oryx-app-serving/src/test/java/com/cloudera/oryx/app/serving/als/SimilarityTest.java

Method found! 
   public void testOffset() {
    testOffset("/similarity/I0/I2/I6", 2, 1, 2);
    testOffset("/similarity/I0/I2/I6", 3, 1, 3);
    testOffset("/similarity/I0/I2/I6", 1, 1, 1);
    testOffset("/similarity/I0/I2/I6", 3, 3, 3);
    testOffset("/similarity/I0/I2/I6", 3, -1, 0);

git reset --hard 7ab42c4fedc1e71eb93891ab572dda34b44ee325 SUCCESS!
Target class: SimilarityTest    
1 class(es) found
Target method: testRescorer
Class path: oryx-app-serving/src/test/java/com/cloudera/oryx/app/serving/als/SimilarityTest.java

Method found! 
   public void testRescorer() {

git reset --hard 7ab42c4fedc1e71eb93891ab572dda34b44ee325 SUCCESS!
Target class: SimilarityTest    
1 class(es) found
Target method: testSimilarItems
Class path: oryx-app-serving/src/test/java/com/cloudera/oryx/app/serving/als/SimilarityTest.java

Method found! 
   public void testSimilarItems() {

git reset --hard 7ab42c4fedc1e71eb93891ab572dda34b44ee325 SUCCESS!
Target class: ClassificationDistributionTest    
1 class(es) found
Target method: testDistribution
Class path: oryx-app-serving/src/test/java/com/cloudera/oryx/app/serving/rdf/ClassificationDistributionTest.java

Method found! 
   public void testDistribution() {
  public void testDistribution2() {

git reset --hard 7ab42c4fedc1e71eb93891ab572dda34b44ee325 SUCCESS!
Target class: ClassificationDistributionTest    
1 class(es) found
Target method: testDistribution2
Class path: oryx-app-serving/src/test/java/com/cloudera/oryx/app/serving/rdf/ClassificationDistributionTest.java

Method found! 
   public void testDistribution2() {

git reset --hard 7ab42c4fedc1e71eb93891ab572dda34b44ee325 SUCCESS!
Target class: TextUtilsTest    
1 class(es) found
Target method: testJoinPMMLDelimited
Class path: oryx-common/src/test/java/com/cloudera/oryx/common/text/TextUtilsTest.java

Method found! 
   public void testJoinPMMLDelimited() {
  public void testJoinPMMLDelimitedNumbers() {

git reset --hard 86d4faa476e238a78803c7daae0b1b5d3fd62931 SUCCESS!
Target class: RDFSpeedIT    
1 class(es) found
Target method: testRDFSpeedClassification
Class path: oryx-app/src/test/java/com/cloudera/oryx/app/speed/rdf/RDFSpeedIT.java

Method found! 
   public void testRDFSpeedClassification() throws Exception {

git reset --hard 9a41487ec27047b3c4e5aaadfb3fd0b72bceb1a5 SUCCESS!
Target class: ALSSpeedIT    
1 class(es) found
Target method: testALSSpeed
Class path: oryx-app/src/test/java/com/cloudera/oryx/app/speed/als/ALSSpeedIT.java

Method found! 
   public void testALSSpeed() throws Exception {

git reset --hard a351b8ea31d0b9818b47f052e6b33ef147904bf9 SUCCESS!
Target class: RDFSpeedIT    
1 class(es) found
Target method: testRDFSpeedClassification
Class path: oryx-app/src/test/java/com/cloudera/oryx/app/speed/rdf/RDFSpeedIT.java

Method found! 
   public void testRDFSpeedClassification() throws Exception {

git reset --hard aedeaf59cb865c44f12db297a852e0ee43d6d317 SUCCESS!
Target class: RDFSpeedIT    
1 class(es) found
Target method: testRDFSpeedClassification
Class path: oryx-app/src/test/java/com/cloudera/oryx/app/speed/rdf/RDFSpeedIT.java

Method found! 
   public void testRDFSpeedClassification() throws Exception {

git reset --hard be3d1888ff0c8ba09475da6ccab14b56102ca8ce SUCCESS!
Target class: ALSSpeedIT    
1 class(es) found
Target method: testALSSpeed
Class path: oryx-app/src/test/java/com/cloudera/oryx/app/speed/als/ALSSpeedIT.java

Method found! 
   public void testALSSpeed() throws Exception {

git reset --hard c530d925c30a406a19475d435c15d1fdd9fb9643 SUCCESS!
Target class: IOUtilsTest    
1 class(es) found
Target method: testDistinctFreePorts
Class path: oryx-common/src/test/java/com/cloudera/oryx/common/io/IOUtilsTest.java

Method found! 
   public void testDistinctFreePorts() throws IOException {

git reset --hard f1f3938b461ea318a99769c990229c514666f8a9 SUCCESS!
Target class: ALSSpeedIT    
1 class(es) found
Target method: testALSSpeed
Class path: oryx-app/src/test/java/com/cloudera/oryx/app/speed/als/ALSSpeedIT.java

Method found! 
   public void testALSSpeed() throws Exception {

git reset --hard f37e9150cca8f2f7b41e370587005ad14b6f9d91 SUCCESS!
Target class: ProduceConsumeIT    
1 class(es) found
Target method: testProduceConsume
Class path: kafka-util/src/test/java/com/cloudera/oryx/kafka/util/ProduceConsumeIT.java

Method found! 
   public void testProduceConsume() throws Exception {

git reset --hard f37e9150cca8f2f7b41e370587005ad14b6f9d91 SUCCESS!
Target class: SpeedLayerIT    
1 class(es) found
Target method: testSpeedLayer
Class path: oryx-lambda/src/test/java/com/cloudera/oryx/lambda/speed/SpeedLayerIT.java

Method found! 
   public void testSpeedLayer() throws Exception {

46 method(s) found (~100.0%).
0 method(s) missing.
Dataset updated with results.
