git reset --hard 024a3539390ab2b2ab2db4beb4e6cb8f0efcc279 SUCCESS!
Target class: EncoderTest    
1 class(es) found
Target method: testAztecWriter
Class path: core/src/test/java/com/google/zxing/aztec/encoder/EncoderTest.java

Method found! 
   public void testAztecWriter() throws Exception {

git reset --hard 1a77226030fbf01340bc84f43aa4422342d106af SUCCESS!
Target class: EncoderTest    
1 class(es) found
Target method: testAztecWriter
Class path: core/src/test/java/com/google/zxing/aztec/encoder/EncoderTest.java

Method found! 
   public void testAztecWriter() throws Exception {

git reset --hard 29556ee2b0b38db25b184034fd943767d9a47170 SUCCESS!
Target class: EncoderTest    
1 class(es) found
Target method: testAztecWriter
Class path: core/src/test/java/com/google/zxing/aztec/encoder/EncoderTest.java

Method found! 
   public void testAztecWriter() throws Exception {

git reset --hard 72d01241f95cd2b00b5466315b7916a14c01290f SUCCESS!
Target class: ErrorCorrectionTestCase    
2 class(es) found
Target method: testTooManyErrors
Class path: core/src/test/java/com/google/zxing/datamatrix/encoder/ErrorCorrectionTestCase.java

Missing method, searching on superclass...
Can´t find superclass Assert.
Class path: core/src/test/java/com/google/zxing/pdf417/decoder/ec/ErrorCorrectionTestCase.java

Method found! 
   public void testTooManyErrors() {

git reset --hard 7764a897325bdf4c78cc64077d82fb016f5603de SUCCESS!
Target class: ErrorCorrectionTestCase    
2 class(es) found
Target method: testTooManyErrors
Class path: core/src/test/java/com/google/zxing/datamatrix/encoder/ErrorCorrectionTestCase.java

Missing method, searching on superclass...
Can´t find superclass Assert.
Class path: core/src/test/java/com/google/zxing/pdf417/decoder/ec/ErrorCorrectionTestCase.java

Method found! 
   public void testTooManyErrors() {

git reset --hard 8e2e0bc94db5124a66d9673443eb491afbb0655a SUCCESS!
Target class: EncoderTest    
1 class(es) found
Target method: testAztecWriter
Class path: core/src/test/java/com/google/zxing/aztec/encoder/EncoderTest.java

Method found! 
   public void testAztecWriter() throws Exception {

git reset --hard 9983ccc428acff6a83688ae0456828322607a143 SUCCESS!
Target class: ErrorCorrectionTestCase    
2 class(es) found
Target method: testTooManyErrors
Class path: core/src/test/java/com/google/zxing/datamatrix/encoder/ErrorCorrectionTestCase.java

Missing method, searching on superclass...
Can´t find superclass Assert.
Class path: core/src/test/java/com/google/zxing/pdf417/decoder/ec/ErrorCorrectionTestCase.java

Method found! 
   public void testTooManyErrors() {

git reset --hard ac9b79953f0a2cba9fa3173364bcd100666a2d7b SUCCESS!
Target class: ErrorCorrectionTestCase    
2 class(es) found
Target method: testTooManyErrors
Class path: core/src/test/java/com/google/zxing/datamatrix/encoder/ErrorCorrectionTestCase.java

Missing method, searching on superclass...
Can´t find superclass Assert.
Class path: core/src/test/java/com/google/zxing/pdf417/decoder/ec/ErrorCorrectionTestCase.java

Method found! 
   public void testTooManyErrors() {

git reset --hard bd4536f077db704866f9313646304c8055a13e60 SUCCESS!
Target class: EncoderTest    
1 class(es) found
Target method: testAztecWriter
Class path: core/src/test/java/com/google/zxing/aztec/encoder/EncoderTest.java

Method found! 
   public void testAztecWriter() throws Exception {

git reset --hard c1411513e55207f02445366ac09b808ba9465fc5 SUCCESS!
Target class: EncoderTest    
1 class(es) found
Target method: testAztecWriter
Class path: core/src/test/java/com/google/zxing/aztec/encoder/EncoderTest.java

Method found! 
   public void testAztecWriter() throws Exception {

git reset --hard cce6d80637bcf80551b9791303f12f08be0094ef SUCCESS!
Target class: EncoderTest    
1 class(es) found
Target method: testAztecWriter
Class path: core/src/test/java/com/google/zxing/aztec/encoder/EncoderTest.java

Method found! 
   public void testAztecWriter() throws Exception {

git reset --hard cf6cbcd84a5472cb0183616d7de682de8ce9e7f1 SUCCESS!
Target class: ErrorCorrectionTestCase    
2 class(es) found
Target method: testTooManyErrors
Class path: core/src/test/java/com/google/zxing/datamatrix/encoder/ErrorCorrectionTestCase.java

Missing method, searching on superclass...
Can´t find superclass Assert.
Class path: core/src/test/java/com/google/zxing/pdf417/decoder/ec/ErrorCorrectionTestCase.java

Method found! 
   public void testTooManyErrors() {

git reset --hard da9d32846aa0e0989e4cfe678763a295ed977796 SUCCESS!
Target class: ErrorCorrectionTestCase    
2 class(es) found
Target method: testTooManyErrors
Class path: core/src/test/java/com/google/zxing/datamatrix/encoder/ErrorCorrectionTestCase.java

Missing method, searching on superclass...
Can´t find superclass Assert.
Class path: core/src/test/java/com/google/zxing/pdf417/decoder/ec/ErrorCorrectionTestCase.java

Method found! 
   public void testTooManyErrors() {

git reset --hard e5f11aa98c2814cd6f5645b4e7f4e787b32d1af3 SUCCESS!
Target class: ErrorCorrectionTestCase    
2 class(es) found
Target method: testTooManyErrors
Class path: core/src/test/java/com/google/zxing/datamatrix/encoder/ErrorCorrectionTestCase.java

Missing method, searching on superclass...
Can´t find superclass Assert.
Class path: core/src/test/java/com/google/zxing/pdf417/decoder/ec/ErrorCorrectionTestCase.java

Method found! 
   public void testTooManyErrors() {

git reset --hard fa6a0af316a6f251a8a9a25dc176d747bdca9bf6 SUCCESS!
Target class: EncoderTest    
1 class(es) found
Target method: testAztecWriter
Class path: core/src/test/java/com/google/zxing/aztec/encoder/EncoderTest.java

Method found! 
   public void testAztecWriter() throws Exception {

15 method(s) found (~100.0%).
0 method(s) missing.
Dataset updated with results.
